#
# There is insufficient memory for the Java Runtime Environment to continue.
# Native memory allocation (malloc) failed to allocate 2095376 bytes for Chunk::new
# Possible reasons:
#   The system is out of physical RAM or swap space
#   The process is running with CompressedOops enabled, and the Java Heap may be blocking the growth of the native heap
# Possible solutions:
#   Reduce memory load on the system
#   Increase physical memory or swap space
#   Check if swap backing store is full
#   Decrease Java heap size (-Xmx/-Xms)
#   Decrease number of Java threads
#   Decrease Java thread stack sizes (-Xss)
#   Set larger code cache with -XX:ReservedCodeCacheSize=
#   JVM is running with Unscaled Compressed Oops mode in which the Java heap is
#     placed in the first 4GB address space. The Java Heap base address is the
#     maximum limit for the native heap growth. Please use -XX:HeapBaseMinAddress
#     to set the Java Heap base and to place the Java Heap above 4GB virtual address.
# This output file may be truncated or incomplete.
#
#  Out of Memory Error (./src/hotspot/share/memory/arena.cpp:197), pid=2584, tid=15996
#
# JRE version: OpenJDK Runtime Environment AdoptOpenJDK (11.0.10+9) (build 11.0.10+9)
# Java VM: OpenJDK 64-Bit Server VM AdoptOpenJDK (11.0.10+9, mixed mode, tiered, compressed oops, g1 gc, windows-amd64)
# No core dump will be written. Minidumps are not enabled by default on client versions of Windows
#

---------------  S U M M A R Y ------------

Command Line: -Dfile.encoding=windows-1252 -Duser.country=US -Duser.language=en -Duser.variant com.tts.TechTalentTwitter.TechTalentTwitterApplication

Host: Intel(R) Core(TM) i5-6300U CPU @ 2.40GHz, 4 cores, 7G,  Windows 10 , 64 bit Build 19041 (10.0.19041.928)
Time: Tue Jun  1 16:14:10 2021 Eastern Daylight Time elapsed time: 71.778056 seconds (0d 0h 1m 11s)

---------------  T H R E A D  ---------------

Current thread (0x00000180db84a800):  JavaThread "C2 CompilerThread0" daemon [_thread_in_native, id=15996, stack(0x0000007ce9700000,0x0000007ce9800000)]


Current CompileTask:
C2:  71778 5646       4       org.springframework.core.annotation.AnnotationsScanner::processMethod (116 bytes)

Stack: [0x0000007ce9700000,0x0000007ce9800000]
Native frames: (J=compiled Java code, j=interpreted, Vv=VM code, C=native code)
V  [jvm.dll+0x5f35ea]
V  [jvm.dll+0x77c65e]
V  [jvm.dll+0x77dd2f]
V  [jvm.dll+0x77e3f3]
V  [jvm.dll+0x246c38]
V  [jvm.dll+0xbe6cc]
V  [jvm.dll+0xbedcc]
V  [jvm.dll+0x34bf92]
V  [jvm.dll+0x319e33]
V  [jvm.dll+0x31916a]
V  [jvm.dll+0x200525]
V  [jvm.dll+0x1ff70f]
V  [jvm.dll+0x1846bc]
V  [jvm.dll+0x20ec37]
V  [jvm.dll+0x20ce1b]
V  [jvm.dll+0x740b39]
V  [jvm.dll+0x739ba4]
V  [jvm.dll+0x5f2466]
C  [ucrtbase.dll+0x21bb2]
C  [KERNEL32.DLL+0x17034]
C  [ntdll.dll+0x52651]


---------------  P R O C E S S  ---------------

Threads class SMR info:
_java_thread_list=0x00000180e207ff10, length=31, elements={
0x00000180db827800, 0x00000180db831800, 0x00000180db843000, 0x00000180db846800,
0x00000180db847800, 0x00000180db84a800, 0x00000180db84d000, 0x00000180dc209000,
0x00000180dc30e800, 0x00000180ddc9b800, 0x00000180e1cf9800, 0x00000180e1e2c800,
0x00000180e0a25800, 0x00000180e0a26000, 0x00000180e1d39000, 0x00000180e1d38800,
0x00000180e1d37800, 0x00000180dedfa000, 0x00000180dedfb000, 0x00000180dedf7800,
0x00000180dedf8800, 0x00000180dedf5000, 0x00000180dedfb800, 0x00000180dedf6000,
0x00000180dedf9000, 0x00000180dedf7000, 0x00000180e0c0c800, 0x00000180e0c0f000,
0x00000180e0c0b800, 0x00000180e0c0b000, 0x00000180e0c0e000
}

Java Threads: ( => current thread )
  0x00000180db827800 JavaThread "Reference Handler" daemon [_thread_blocked, id=10108, stack(0x0000007ce9200000,0x0000007ce9300000)]
  0x00000180db831800 JavaThread "Finalizer" daemon [_thread_blocked, id=2488, stack(0x0000007ce9300000,0x0000007ce9400000)]
  0x00000180db843000 JavaThread "Signal Dispatcher" daemon [_thread_blocked, id=9132, stack(0x0000007ce9400000,0x0000007ce9500000)]
  0x00000180db846800 JavaThread "Attach Listener" daemon [_thread_blocked, id=11292, stack(0x0000007ce9500000,0x0000007ce9600000)]
  0x00000180db847800 JavaThread "Service Thread" daemon [_thread_blocked, id=16200, stack(0x0000007ce9600000,0x0000007ce9700000)]
=>0x00000180db84a800 JavaThread "C2 CompilerThread0" daemon [_thread_in_native, id=15996, stack(0x0000007ce9700000,0x0000007ce9800000)]
  0x00000180db84d000 JavaThread "C1 CompilerThread0" daemon [_thread_in_native, id=9664, stack(0x0000007ce9800000,0x0000007ce9900000)]
  0x00000180dc209000 JavaThread "Sweeper thread" daemon [_thread_blocked, id=8684, stack(0x0000007ce9900000,0x0000007ce9a00000)]
  0x00000180dc30e800 JavaThread "Common-Cleaner" daemon [_thread_blocked, id=14724, stack(0x0000007ce9b00000,0x0000007ce9c00000)]
  0x00000180ddc9b800 JavaThread "MVStore background writer nio:C:/Users/admin/twitter.mv.db" daemon [_thread_blocked, id=10864, stack(0x0000007cea000000,0x0000007cea100000)]
  0x00000180e1cf9800 JavaThread "HikariPool-1 housekeeper" daemon [_thread_blocked, id=15640, stack(0x0000007cea300000,0x0000007cea400000)]
  0x00000180e1e2c800 JavaThread "Catalina-utility-1" [_thread_blocked, id=9828, stack(0x0000007cea500000,0x0000007cea600000)]
  0x00000180e0a25800 JavaThread "Catalina-utility-2" [_thread_blocked, id=5168, stack(0x0000007cea600000,0x0000007cea700000)]
  0x00000180e0a26000 JavaThread "container-0" [_thread_blocked, id=8532, stack(0x0000007cea700000,0x0000007cea800000)]
  0x00000180e1d39000 JavaThread "File Watcher" daemon [_thread_blocked, id=7040, stack(0x0000007cea800000,0x0000007cea900000)]
  0x00000180e1d38800 JavaThread "Live Reload Server" daemon [_thread_in_native, id=2620, stack(0x0000007ceaa00000,0x0000007ceab00000)]
  0x00000180e1d37800 JavaThread "http-nio-8080-BlockPoller" daemon [_thread_in_native, id=4408, stack(0x0000007cea900000,0x0000007ceaa00000)]
  0x00000180dedfa000 JavaThread "http-nio-8080-exec-1" daemon [_thread_blocked, id=15088, stack(0x0000007ceab00000,0x0000007ceac00000)]
  0x00000180dedfb000 JavaThread "http-nio-8080-exec-2" daemon [_thread_in_native, id=8480, stack(0x0000007ceac00000,0x0000007cead00000)]
  0x00000180dedf7800 JavaThread "http-nio-8080-exec-3" daemon [_thread_blocked, id=16028, stack(0x0000007cead00000,0x0000007ceae00000)]
  0x00000180dedf8800 JavaThread "http-nio-8080-exec-4" daemon [_thread_blocked, id=4640, stack(0x0000007ceae00000,0x0000007ceaf00000)]
  0x00000180dedf5000 JavaThread "http-nio-8080-exec-5" daemon [_thread_blocked, id=5076, stack(0x0000007ceaf00000,0x0000007ceb000000)]
  0x00000180dedfb800 JavaThread "http-nio-8080-exec-6" daemon [_thread_blocked, id=1812, stack(0x0000007ceb000000,0x0000007ceb100000)]
  0x00000180dedf6000 JavaThread "http-nio-8080-exec-7" daemon [_thread_blocked, id=8440, stack(0x0000007ceb100000,0x0000007ceb200000)]
  0x00000180dedf9000 JavaThread "http-nio-8080-exec-8" daemon [_thread_blocked, id=13332, stack(0x0000007ceb200000,0x0000007ceb300000)]
  0x00000180dedf7000 JavaThread "http-nio-8080-exec-9" daemon [_thread_blocked, id=972, stack(0x0000007ceb300000,0x0000007ceb400000)]
  0x00000180e0c0c800 JavaThread "http-nio-8080-exec-10" daemon [_thread_blocked, id=16288, stack(0x0000007ceb400000,0x0000007ceb500000)]
  0x00000180e0c0f000 JavaThread "http-nio-8080-ClientPoller" daemon [_thread_in_native, id=5444, stack(0x0000007ceb500000,0x0000007ceb600000)]
  0x00000180e0c0b800 JavaThread "http-nio-8080-Acceptor" daemon [_thread_in_native, id=15136, stack(0x0000007ceb600000,0x0000007ceb700000)]
  0x00000180e0c0b000 JavaThread "DestroyJavaVM" [_thread_blocked, id=14616, stack(0x0000007ce8b00000,0x0000007ce8c00000)]
  0x00000180e0c0e000 JavaThread "C2 CompilerThread1" daemon [_thread_in_native, id=11512, stack(0x0000007ce8800000,0x0000007ce8900000)]

Other Threads:
  0x00000180db800000 VMThread "VM Thread" [stack: 0x0000007ce9100000,0x0000007ce9200000] [id=9700]
  0x00000180dc309800 WatcherThread [stack: 0x0000007ce9a00000,0x0000007ce9b00000] [id=1596]
  0x00000180bb3c5800 GCTaskThread "GC Thread#0" [stack: 0x0000007ce8c00000,0x0000007ce8d00000] [id=2884]
  0x00000180dcd5e800 GCTaskThread "GC Thread#1" [stack: 0x0000007ce9d00000,0x0000007ce9e00000] [id=12948]
  0x00000180dcf41800 GCTaskThread "GC Thread#2" [stack: 0x0000007cea100000,0x0000007cea200000] [id=10616]
  0x00000180dd123000 GCTaskThread "GC Thread#3" [stack: 0x0000007cea200000,0x0000007cea300000] [id=14804]
  0x00000180bb3f3800 ConcurrentGCThread "G1 Main Marker" [stack: 0x0000007ce8d00000,0x0000007ce8e00000] [id=9636]
  0x00000180bb3f5000 ConcurrentGCThread "G1 Conc#0" [stack: 0x0000007ce8e00000,0x0000007ce8f00000] [id=7584]
  0x00000180bb477000 ConcurrentGCThread "G1 Refine#0" [stack: 0x0000007ce8f00000,0x0000007ce9000000] [id=14648]
  0x00000180bb478000 ConcurrentGCThread "G1 Young RemSet Sampling" [stack: 0x0000007ce9000000,0x0000007ce9100000] [id=1644]

Threads with active compile tasks:
C2 CompilerThread0  71815 5646       4       org.springframework.core.annotation.AnnotationsScanner::processMethod (116 bytes)
C1 CompilerThread0  71815 5747       3       java.text.SimpleDateFormat::subFormat (1260 bytes)
C2 CompilerThread1  71815 5737 %     4       java.util.Properties$LineReader::readLine @ 224 (635 bytes)

VM state:not at safepoint (normal execution)

VM Mutex/Monitor currently owned by a thread: None

Heap address: 0x0000000085200000, size: 1966 MB, Compressed Oops mode: 32-bit
Narrow klass base: 0x0000000000000000, Narrow klass shift: 3
Compressed class space size: 1073741824 Address: 0x0000000100000000

Heap:
 garbage-first heap   total 183296K, used 39149K [0x0000000085200000, 0x0000000100000000)
  region size 1024K, 25 young (25600K), 13 survivors (13312K)
 Metaspace       used 72037K, capacity 73858K, committed 73936K, reserved 1114112K
  class space    used 9255K, capacity 9961K, committed 9984K, reserved 1048576K
Heap Regions: E=young(eden), S=young(survivor), O=old, HS=humongous(starts), HC=humongous(continues), CS=collection set, F=free, A=archive, TAMS=top-at-mark-start (previous, next)
|   0|0x0000000085200000, 0x0000000085300000, 0x0000000085300000|100%|HS|  |TAMS 0x0000000085300000, 0x0000000085200000| Complete 
|   1|0x0000000085300000, 0x0000000085400000, 0x0000000085400000|100%| O|  |TAMS 0x0000000085400000, 0x0000000085300000| Untracked 
|   2|0x0000000085400000, 0x0000000085500000, 0x0000000085500000|100%| O|  |TAMS 0x0000000085500000, 0x0000000085400000| Untracked 
|   3|0x0000000085500000, 0x0000000085600000, 0x0000000085600000|100%| O|  |TAMS 0x0000000085600000, 0x0000000085500000| Untracked 
|   4|0x0000000085600000, 0x0000000085700000, 0x0000000085700000|100%| O|  |TAMS 0x0000000085700000, 0x0000000085600000| Untracked 
|   5|0x0000000085700000, 0x0000000085800000, 0x0000000085800000|100%| O|  |TAMS 0x0000000085800000, 0x0000000085700000| Untracked 
|   6|0x0000000085800000, 0x0000000085900000, 0x0000000085900000|100%| O|  |TAMS 0x0000000085900000, 0x0000000085800000| Untracked 
|   7|0x0000000085900000, 0x0000000085a00000, 0x0000000085a00000|100%| O|  |TAMS 0x0000000085a00000, 0x0000000085900000| Untracked 
|   8|0x0000000085a00000, 0x0000000085b00000, 0x0000000085b00000|100%| O|  |TAMS 0x0000000085b00000, 0x0000000085a00000| Untracked 
|   9|0x0000000085b00000, 0x0000000085c00000, 0x0000000085c00000|100%|HS|  |TAMS 0x0000000085c00000, 0x0000000085b00000| Complete 
|  10|0x0000000085c00000, 0x0000000085d00000, 0x0000000085d00000|100%|HC|  |TAMS 0x0000000085d00000, 0x0000000085c00000| Complete 
|  11|0x0000000085d00000, 0x0000000085e00000, 0x0000000085e00000|100%| O|  |TAMS 0x0000000085e00000, 0x0000000085d00000| Untracked 
|  12|0x0000000085e00000, 0x0000000085f00000, 0x0000000085f00000|100%| O|  |TAMS 0x0000000085f00000, 0x0000000085e00000| Untracked 
|  13|0x0000000085f00000, 0x0000000086000000, 0x0000000086000000|100%| O|  |TAMS 0x0000000086000000, 0x0000000085f00000| Untracked 
|  14|0x0000000086000000, 0x0000000086100000, 0x0000000086100000|100%| O|  |TAMS 0x000000008608b800, 0x0000000086000000| Untracked 
|  15|0x0000000086100000, 0x000000008619f200, 0x0000000086200000| 62%| O|  |TAMS 0x0000000086100000, 0x0000000086100000| Untracked 
|  16|0x0000000086200000, 0x0000000086200000, 0x0000000086300000|  0%| F|  |TAMS 0x0000000086200000, 0x0000000086200000| Untracked 
|  17|0x0000000086300000, 0x0000000086300000, 0x0000000086400000|  0%| F|  |TAMS 0x0000000086300000, 0x0000000086300000| Untracked 
|  18|0x0000000086400000, 0x0000000086400000, 0x0000000086500000|  0%| F|  |TAMS 0x0000000086400000, 0x0000000086400000| Untracked 
|  19|0x0000000086500000, 0x0000000086500000, 0x0000000086600000|  0%| F|  |TAMS 0x0000000086500000, 0x0000000086500000| Untracked 
|  20|0x0000000086600000, 0x0000000086600000, 0x0000000086700000|  0%| F|  |TAMS 0x0000000086600000, 0x0000000086600000| Untracked 
|  21|0x0000000086700000, 0x0000000086700000, 0x0000000086800000|  0%| F|  |TAMS 0x0000000086700000, 0x0000000086700000| Untracked 
|  22|0x0000000086800000, 0x0000000086800000, 0x0000000086900000|  0%| F|  |TAMS 0x0000000086800000, 0x0000000086800000| Untracked 
|  23|0x0000000086900000, 0x0000000086900000, 0x0000000086a00000|  0%| F|  |TAMS 0x0000000086900000, 0x0000000086900000| Untracked 
|  24|0x0000000086a00000, 0x0000000086a00000, 0x0000000086b00000|  0%| F|  |TAMS 0x0000000086a00000, 0x0000000086a00000| Untracked 
|  25|0x0000000086b00000, 0x0000000086b00000, 0x0000000086c00000|  0%| F|  |TAMS 0x0000000086b00000, 0x0000000086b00000| Untracked 
|  26|0x0000000086c00000, 0x0000000086c00000, 0x0000000086d00000|  0%| F|  |TAMS 0x0000000086c00000, 0x0000000086c00000| Untracked 
|  27|0x0000000086d00000, 0x0000000086d00000, 0x0000000086e00000|  0%| F|  |TAMS 0x0000000086d00000, 0x0000000086d00000| Untracked 
|  28|0x0000000086e00000, 0x0000000086e00000, 0x0000000086f00000|  0%| F|  |TAMS 0x0000000086e00000, 0x0000000086e00000| Untracked 
|  29|0x0000000086f00000, 0x0000000086f00000, 0x0000000087000000|  0%| F|  |TAMS 0x0000000086f00000, 0x0000000086f00000| Untracked 
|  30|0x0000000087000000, 0x0000000087000000, 0x0000000087100000|  0%| F|  |TAMS 0x0000000087000000, 0x0000000087000000| Untracked 
|  31|0x0000000087100000, 0x0000000087100000, 0x0000000087200000|  0%| F|  |TAMS 0x0000000087100000, 0x0000000087100000| Untracked 
|  32|0x0000000087200000, 0x0000000087200000, 0x0000000087300000|  0%| F|  |TAMS 0x0000000087200000, 0x0000000087200000| Untracked 
|  33|0x0000000087300000, 0x0000000087300000, 0x0000000087400000|  0%| F|  |TAMS 0x0000000087300000, 0x0000000087300000| Untracked 
|  34|0x0000000087400000, 0x0000000087400000, 0x0000000087500000|  0%| F|  |TAMS 0x0000000087400000, 0x0000000087400000| Untracked 
|  35|0x0000000087500000, 0x0000000087500000, 0x0000000087600000|  0%| F|  |TAMS 0x0000000087500000, 0x0000000087500000| Untracked 
|  36|0x0000000087600000, 0x0000000087600000, 0x0000000087700000|  0%| F|  |TAMS 0x0000000087600000, 0x0000000087600000| Untracked 
|  37|0x0000000087700000, 0x0000000087700000, 0x0000000087800000|  0%| F|  |TAMS 0x0000000087700000, 0x0000000087700000| Untracked 
|  38|0x0000000087800000, 0x0000000087800000, 0x0000000087900000|  0%| F|  |TAMS 0x0000000087800000, 0x0000000087800000| Untracked 
|  39|0x0000000087900000, 0x0000000087900000, 0x0000000087a00000|  0%| F|  |TAMS 0x0000000087900000, 0x0000000087900000| Untracked 
|  40|0x0000000087a00000, 0x0000000087a00000, 0x0000000087b00000|  0%| F|  |TAMS 0x0000000087a00000, 0x0000000087a00000| Untracked 
|  41|0x0000000087b00000, 0x0000000087b00000, 0x0000000087c00000|  0%| F|  |TAMS 0x0000000087b00000, 0x0000000087b00000| Untracked 
|  42|0x0000000087c00000, 0x0000000087c00000, 0x0000000087d00000|  0%| F|  |TAMS 0x0000000087c00000, 0x0000000087c00000| Untracked 
|  43|0x0000000087d00000, 0x0000000087d00000, 0x0000000087e00000|  0%| F|  |TAMS 0x0000000087d00000, 0x0000000087d00000| Untracked 
|  44|0x0000000087e00000, 0x0000000087e00000, 0x0000000087f00000|  0%| F|  |TAMS 0x0000000087e00000, 0x0000000087e00000| Untracked 
|  45|0x0000000087f00000, 0x0000000087f00000, 0x0000000088000000|  0%| F|  |TAMS 0x0000000087f00000, 0x0000000087f00000| Untracked 
|  46|0x0000000088000000, 0x0000000088000000, 0x0000000088100000|  0%| F|  |TAMS 0x0000000088000000, 0x0000000088000000| Untracked 
|  47|0x0000000088100000, 0x0000000088100000, 0x0000000088200000|  0%| F|  |TAMS 0x0000000088100000, 0x0000000088100000| Untracked 
|  48|0x0000000088200000, 0x0000000088200000, 0x0000000088300000|  0%| F|  |TAMS 0x0000000088200000, 0x0000000088200000| Untracked 
|  49|0x0000000088300000, 0x0000000088300000, 0x0000000088400000|  0%| F|  |TAMS 0x0000000088300000, 0x0000000088300000| Untracked 
|  50|0x0000000088400000, 0x0000000088400000, 0x0000000088500000|  0%| F|  |TAMS 0x0000000088400000, 0x0000000088400000| Untracked 
|  51|0x0000000088500000, 0x0000000088500000, 0x0000000088600000|  0%| F|  |TAMS 0x0000000088500000, 0x0000000088500000| Untracked 
|  52|0x0000000088600000, 0x0000000088600000, 0x0000000088700000|  0%| F|  |TAMS 0x0000000088600000, 0x0000000088600000| Untracked 
|  53|0x0000000088700000, 0x0000000088700000, 0x0000000088800000|  0%| F|  |TAMS 0x0000000088700000, 0x0000000088700000| Untracked 
|  54|0x0000000088800000, 0x0000000088800000, 0x0000000088900000|  0%| F|  |TAMS 0x0000000088800000, 0x0000000088800000| Untracked 
|  55|0x0000000088900000, 0x0000000088900000, 0x0000000088a00000|  0%| F|  |TAMS 0x0000000088900000, 0x0000000088900000| Untracked 
|  56|0x0000000088a00000, 0x0000000088a00000, 0x0000000088b00000|  0%| F|  |TAMS 0x0000000088a00000, 0x0000000088a00000| Untracked 
|  57|0x0000000088b00000, 0x0000000088b00000, 0x0000000088c00000|  0%| F|  |TAMS 0x0000000088b00000, 0x0000000088b00000| Untracked 
|  58|0x0000000088c00000, 0x0000000088c00000, 0x0000000088d00000|  0%| F|  |TAMS 0x0000000088c00000, 0x0000000088c00000| Untracked 
|  59|0x0000000088d00000, 0x0000000088d9c410, 0x0000000088e00000| 61%| S|CS|TAMS 0x0000000088d00000, 0x0000000088d00000| Complete 
|  60|0x0000000088e00000, 0x0000000088f00000, 0x0000000088f00000|100%| S|CS|TAMS 0x0000000088e00000, 0x0000000088e00000| Complete 
|  61|0x0000000088f00000, 0x0000000089000000, 0x0000000089000000|100%| S|CS|TAMS 0x0000000088f00000, 0x0000000088f00000| Complete 
|  62|0x0000000089000000, 0x0000000089100000, 0x0000000089100000|100%| S|CS|TAMS 0x0000000089000000, 0x0000000089000000| Complete 
|  63|0x0000000089100000, 0x0000000089200000, 0x0000000089200000|100%| S|CS|TAMS 0x0000000089100000, 0x0000000089100000| Complete 
|  64|0x0000000089200000, 0x0000000089300000, 0x0000000089300000|100%| S|CS|TAMS 0x0000000089200000, 0x0000000089200000| Complete 
|  65|0x0000000089300000, 0x0000000089400000, 0x0000000089400000|100%| S|CS|TAMS 0x0000000089300000, 0x0000000089300000| Complete 
|  66|0x0000000089400000, 0x0000000089500000, 0x0000000089500000|100%| S|CS|TAMS 0x0000000089400000, 0x0000000089400000| Complete 
|  67|0x0000000089500000, 0x0000000089600000, 0x0000000089600000|100%| S|CS|TAMS 0x0000000089500000, 0x0000000089500000| Complete 
|  68|0x0000000089600000, 0x0000000089700000, 0x0000000089700000|100%| S|CS|TAMS 0x0000000089600000, 0x0000000089600000| Complete 
|  69|0x0000000089700000, 0x0000000089800000, 0x0000000089800000|100%| S|CS|TAMS 0x0000000089700000, 0x0000000089700000| Complete 
|  70|0x0000000089800000, 0x0000000089900000, 0x0000000089900000|100%| S|CS|TAMS 0x0000000089800000, 0x0000000089800000| Complete 
|  71|0x0000000089900000, 0x0000000089a00000, 0x0000000089a00000|100%| S|CS|TAMS 0x0000000089900000, 0x0000000089900000| Complete 
|  72|0x0000000089a00000, 0x0000000089a00000, 0x0000000089b00000|  0%| F|  |TAMS 0x0000000089a00000, 0x0000000089a00000| Untracked 
|  73|0x0000000089b00000, 0x0000000089b00000, 0x0000000089c00000|  0%| F|  |TAMS 0x0000000089b00000, 0x0000000089b00000| Untracked 
|  74|0x0000000089c00000, 0x0000000089c00000, 0x0000000089d00000|  0%| F|  |TAMS 0x0000000089c00000, 0x0000000089c00000| Untracked 
|  75|0x0000000089d00000, 0x0000000089d00000, 0x0000000089e00000|  0%| F|  |TAMS 0x0000000089d00000, 0x0000000089d00000| Untracked 
|  76|0x0000000089e00000, 0x0000000089e00000, 0x0000000089f00000|  0%| F|  |TAMS 0x0000000089e00000, 0x0000000089e00000| Untracked 
|  77|0x0000000089f00000, 0x0000000089f00000, 0x000000008a000000|  0%| F|  |TAMS 0x0000000089f00000, 0x0000000089f00000| Untracked 
|  78|0x000000008a000000, 0x000000008a000000, 0x000000008a100000|  0%| F|  |TAMS 0x000000008a000000, 0x000000008a000000| Untracked 
|  79|0x000000008a100000, 0x000000008a100000, 0x000000008a200000|  0%| F|  |TAMS 0x000000008a100000, 0x000000008a100000| Untracked 
|  80|0x000000008a200000, 0x000000008a200000, 0x000000008a300000|  0%| F|  |TAMS 0x000000008a200000, 0x000000008a200000| Untracked 
|  81|0x000000008a300000, 0x000000008a300000, 0x000000008a400000|  0%| F|  |TAMS 0x000000008a300000, 0x000000008a300000| Untracked 
|  82|0x000000008a400000, 0x000000008a400000, 0x000000008a500000|  0%| F|  |TAMS 0x000000008a400000, 0x000000008a400000| Untracked 
|  83|0x000000008a500000, 0x000000008a500000, 0x000000008a600000|  0%| F|  |TAMS 0x000000008a500000, 0x000000008a500000| Untracked 
|  84|0x000000008a600000, 0x000000008a600000, 0x000000008a700000|  0%| F|  |TAMS 0x000000008a600000, 0x000000008a600000| Untracked 
|  85|0x000000008a700000, 0x000000008a700000, 0x000000008a800000|  0%| F|  |TAMS 0x000000008a700000, 0x000000008a700000| Untracked 
|  86|0x000000008a800000, 0x000000008a800000, 0x000000008a900000|  0%| F|  |TAMS 0x000000008a800000, 0x000000008a800000| Untracked 
|  87|0x000000008a900000, 0x000000008a900000, 0x000000008aa00000|  0%| F|  |TAMS 0x000000008a900000, 0x000000008a900000| Untracked 
|  88|0x000000008aa00000, 0x000000008aa00000, 0x000000008ab00000|  0%| F|  |TAMS 0x000000008aa00000, 0x000000008aa00000| Untracked 
|  89|0x000000008ab00000, 0x000000008ab00000, 0x000000008ac00000|  0%| F|  |TAMS 0x000000008ab00000, 0x000000008ab00000| Untracked 
|  90|0x000000008ac00000, 0x000000008ac00000, 0x000000008ad00000|  0%| F|  |TAMS 0x000000008ac00000, 0x000000008ac00000| Untracked 
|  91|0x000000008ad00000, 0x000000008ad00000, 0x000000008ae00000|  0%| F|  |TAMS 0x000000008ad00000, 0x000000008ad00000| Untracked 
|  92|0x000000008ae00000, 0x000000008ae00000, 0x000000008af00000|  0%| F|  |TAMS 0x000000008ae00000, 0x000000008ae00000| Untracked 
|  93|0x000000008af00000, 0x000000008af00000, 0x000000008b000000|  0%| F|  |TAMS 0x000000008af00000, 0x000000008af00000| Untracked 
|  94|0x000000008b000000, 0x000000008b000000, 0x000000008b100000|  0%| F|  |TAMS 0x000000008b000000, 0x000000008b000000| Untracked 
|  95|0x000000008b100000, 0x000000008b100000, 0x000000008b200000|  0%| F|  |TAMS 0x000000008b100000, 0x000000008b100000| Untracked 
|  96|0x000000008b200000, 0x000000008b200000, 0x000000008b300000|  0%| F|  |TAMS 0x000000008b200000, 0x000000008b200000| Untracked 
|  97|0x000000008b300000, 0x000000008b300000, 0x000000008b400000|  0%| F|  |TAMS 0x000000008b300000, 0x000000008b300000| Untracked 
|  98|0x000000008b400000, 0x000000008b400000, 0x000000008b500000|  0%| F|  |TAMS 0x000000008b400000, 0x000000008b400000| Untracked 
|  99|0x000000008b500000, 0x000000008b500000, 0x000000008b600000|  0%| F|  |TAMS 0x000000008b500000, 0x000000008b500000| Untracked 
| 100|0x000000008b600000, 0x000000008b600000, 0x000000008b700000|  0%| F|  |TAMS 0x000000008b600000, 0x000000008b600000| Untracked 
| 101|0x000000008b700000, 0x000000008b700000, 0x000000008b800000|  0%| F|  |TAMS 0x000000008b700000, 0x000000008b700000| Untracked 
| 102|0x000000008b800000, 0x000000008b800000, 0x000000008b900000|  0%| F|  |TAMS 0x000000008b800000, 0x000000008b800000| Untracked 
| 103|0x000000008b900000, 0x000000008b900000, 0x000000008ba00000|  0%| F|  |TAMS 0x000000008b900000, 0x000000008b900000| Untracked 
| 104|0x000000008ba00000, 0x000000008ba00000, 0x000000008bb00000|  0%| F|  |TAMS 0x000000008ba00000, 0x000000008ba00000| Untracked 
| 105|0x000000008bb00000, 0x000000008bb00000, 0x000000008bc00000|  0%| F|  |TAMS 0x000000008bb00000, 0x000000008bb00000| Untracked 
| 106|0x000000008bc00000, 0x000000008bc00000, 0x000000008bd00000|  0%| F|  |TAMS 0x000000008bc00000, 0x000000008bc00000| Untracked 
| 107|0x000000008bd00000, 0x000000008bd00000, 0x000000008be00000|  0%| F|  |TAMS 0x000000008bd00000, 0x000000008bd00000| Untracked 
| 108|0x000000008be00000, 0x000000008be00000, 0x000000008bf00000|  0%| F|  |TAMS 0x000000008be00000, 0x000000008be00000| Untracked 
| 109|0x000000008bf00000, 0x000000008bf00000, 0x000000008c000000|  0%| F|  |TAMS 0x000000008bf00000, 0x000000008bf00000| Untracked 
| 110|0x000000008c000000, 0x000000008c000000, 0x000000008c100000|  0%| F|  |TAMS 0x000000008c000000, 0x000000008c000000| Untracked 
| 111|0x000000008c100000, 0x000000008c100000, 0x000000008c200000|  0%| F|  |TAMS 0x000000008c100000, 0x000000008c100000| Untracked 
| 112|0x000000008c200000, 0x000000008c200000, 0x000000008c300000|  0%| F|  |TAMS 0x000000008c200000, 0x000000008c200000| Untracked 
| 113|0x000000008c300000, 0x000000008c300000, 0x000000008c400000|  0%| F|  |TAMS 0x000000008c300000, 0x000000008c300000| Untracked 
| 114|0x000000008c400000, 0x000000008c400000, 0x000000008c500000|  0%| F|  |TAMS 0x000000008c400000, 0x000000008c400000| Untracked 
| 115|0x000000008c500000, 0x000000008c500000, 0x000000008c600000|  0%| F|  |TAMS 0x000000008c500000, 0x000000008c500000| Untracked 
| 116|0x000000008c600000, 0x000000008c600000, 0x000000008c700000|  0%| F|  |TAMS 0x000000008c600000, 0x000000008c600000| Untracked 
| 117|0x000000008c700000, 0x000000008c700000, 0x000000008c800000|  0%| F|  |TAMS 0x000000008c700000, 0x000000008c700000| Untracked 
| 118|0x000000008c800000, 0x000000008c800000, 0x000000008c900000|  0%| F|  |TAMS 0x000000008c800000, 0x000000008c800000| Untracked 
| 119|0x000000008c900000, 0x000000008c900000, 0x000000008ca00000|  0%| F|  |TAMS 0x000000008c900000, 0x000000008c900000| Untracked 
| 120|0x000000008ca00000, 0x000000008ca00000, 0x000000008cb00000|  0%| F|  |TAMS 0x000000008ca00000, 0x000000008ca00000| Untracked 
| 121|0x000000008cb00000, 0x000000008cb00000, 0x000000008cc00000|  0%| F|  |TAMS 0x000000008cb00000, 0x000000008cb00000| Untracked 
| 122|0x000000008cc00000, 0x000000008cc00000, 0x000000008cd00000|  0%| F|  |TAMS 0x000000008cc00000, 0x000000008cc00000| Untracked 
| 123|0x000000008cd00000, 0x000000008cd00000, 0x000000008ce00000|  0%| F|  |TAMS 0x000000008cd00000, 0x000000008cd00000| Untracked 
| 124|0x000000008ce00000, 0x000000008ce00000, 0x000000008cf00000|  0%| F|  |TAMS 0x000000008ce00000, 0x000000008ce00000| Untracked 
| 125|0x000000008cf00000, 0x000000008cf00000, 0x000000008d000000|  0%| F|  |TAMS 0x000000008cf00000, 0x000000008cf00000| Untracked 
| 126|0x000000008d000000, 0x000000008d000000, 0x000000008d100000|  0%| F|  |TAMS 0x000000008d000000, 0x000000008d000000| Untracked 
| 127|0x000000008d100000, 0x000000008d100000, 0x000000008d200000|  0%| F|  |TAMS 0x000000008d100000, 0x000000008d100000| Untracked 
| 128|0x000000008d200000, 0x000000008d200000, 0x000000008d300000|  0%| F|  |TAMS 0x000000008d200000, 0x000000008d200000| Untracked 
| 129|0x000000008d300000, 0x000000008d300000, 0x000000008d400000|  0%| F|  |TAMS 0x000000008d300000, 0x000000008d300000| Untracked 
| 130|0x000000008d400000, 0x000000008d400000, 0x000000008d500000|  0%| F|  |TAMS 0x000000008d400000, 0x000000008d400000| Untracked 
| 131|0x000000008d500000, 0x000000008d500000, 0x000000008d600000|  0%| F|  |TAMS 0x000000008d500000, 0x000000008d500000| Untracked 
| 132|0x000000008d600000, 0x000000008d600000, 0x000000008d700000|  0%| F|  |TAMS 0x000000008d600000, 0x000000008d600000| Untracked 
| 133|0x000000008d700000, 0x000000008d700000, 0x000000008d800000|  0%| F|  |TAMS 0x000000008d700000, 0x000000008d700000| Untracked 
| 134|0x000000008d800000, 0x000000008d800000, 0x000000008d900000|  0%| F|  |TAMS 0x000000008d800000, 0x000000008d800000| Untracked 
| 135|0x000000008d900000, 0x000000008d900000, 0x000000008da00000|  0%| F|  |TAMS 0x000000008d900000, 0x000000008d900000| Untracked 
| 136|0x000000008da00000, 0x000000008da00000, 0x000000008db00000|  0%| F|  |TAMS 0x000000008da00000, 0x000000008da00000| Untracked 
| 137|0x000000008db00000, 0x000000008db00000, 0x000000008dc00000|  0%| F|  |TAMS 0x000000008db00000, 0x000000008db00000| Untracked 
| 138|0x000000008dc00000, 0x000000008dc00000, 0x000000008dd00000|  0%| F|  |TAMS 0x000000008dc00000, 0x000000008dc00000| Untracked 
| 139|0x000000008dd00000, 0x000000008dd00000, 0x000000008de00000|  0%| F|  |TAMS 0x000000008dd00000, 0x000000008dd00000| Untracked 
| 140|0x000000008de00000, 0x000000008de00000, 0x000000008df00000|  0%| F|  |TAMS 0x000000008de00000, 0x000000008de00000| Untracked 
| 141|0x000000008df00000, 0x000000008df00000, 0x000000008e000000|  0%| F|  |TAMS 0x000000008df00000, 0x000000008df00000| Untracked 
| 142|0x000000008e000000, 0x000000008e000000, 0x000000008e100000|  0%| F|  |TAMS 0x000000008e000000, 0x000000008e000000| Untracked 
| 143|0x000000008e100000, 0x000000008e100000, 0x000000008e200000|  0%| F|  |TAMS 0x000000008e100000, 0x000000008e100000| Untracked 
| 144|0x000000008e200000, 0x000000008e200000, 0x000000008e300000|  0%| F|  |TAMS 0x000000008e200000, 0x000000008e200000| Untracked 
| 145|0x000000008e300000, 0x000000008e300000, 0x000000008e400000|  0%| F|  |TAMS 0x000000008e300000, 0x000000008e300000| Untracked 
| 146|0x000000008e400000, 0x000000008e400000, 0x000000008e500000|  0%| F|  |TAMS 0x000000008e400000, 0x000000008e400000| Untracked 
| 147|0x000000008e500000, 0x000000008e500000, 0x000000008e600000|  0%| F|  |TAMS 0x000000008e500000, 0x000000008e500000| Untracked 
| 148|0x000000008e600000, 0x000000008e600000, 0x000000008e700000|  0%| F|  |TAMS 0x000000008e600000, 0x000000008e600000| Untracked 
| 149|0x000000008e700000, 0x000000008e700000, 0x000000008e800000|  0%| F|  |TAMS 0x000000008e700000, 0x000000008e700000| Untracked 
| 150|0x000000008e800000, 0x000000008e800000, 0x000000008e900000|  0%| F|  |TAMS 0x000000008e800000, 0x000000008e800000| Untracked 
| 151|0x000000008e900000, 0x000000008e900000, 0x000000008ea00000|  0%| F|  |TAMS 0x000000008e900000, 0x000000008e900000| Untracked 
| 152|0x000000008ea00000, 0x000000008ea00000, 0x000000008eb00000|  0%| F|  |TAMS 0x000000008ea00000, 0x000000008ea00000| Untracked 
| 153|0x000000008eb00000, 0x000000008eb00000, 0x000000008ec00000|  0%| F|  |TAMS 0x000000008eb00000, 0x000000008eb00000| Untracked 
| 154|0x000000008ec00000, 0x000000008ec00000, 0x000000008ed00000|  0%| F|  |TAMS 0x000000008ec00000, 0x000000008ec00000| Untracked 
| 155|0x000000008ed00000, 0x000000008ed00000, 0x000000008ee00000|  0%| F|  |TAMS 0x000000008ed00000, 0x000000008ed00000| Untracked 
| 156|0x000000008ee00000, 0x000000008ee00000, 0x000000008ef00000|  0%| F|  |TAMS 0x000000008ee00000, 0x000000008ee00000| Untracked 
| 157|0x000000008ef00000, 0x000000008ef00000, 0x000000008f000000|  0%| F|  |TAMS 0x000000008ef00000, 0x000000008ef00000| Untracked 
| 158|0x000000008f000000, 0x000000008f000000, 0x000000008f100000|  0%| F|  |TAMS 0x000000008f000000, 0x000000008f000000| Untracked 
| 159|0x000000008f100000, 0x000000008f100000, 0x000000008f200000|  0%| F|  |TAMS 0x000000008f100000, 0x000000008f100000| Untracked 
| 160|0x000000008f200000, 0x000000008f200000, 0x000000008f300000|  0%| F|  |TAMS 0x000000008f200000, 0x000000008f200000| Untracked 
| 161|0x000000008f300000, 0x000000008f300000, 0x000000008f400000|  0%| F|  |TAMS 0x000000008f300000, 0x000000008f300000| Untracked 
| 162|0x000000008f400000, 0x000000008f400000, 0x000000008f500000|  0%| F|  |TAMS 0x000000008f400000, 0x000000008f400000| Untracked 
| 163|0x000000008f500000, 0x000000008f500000, 0x000000008f600000|  0%| F|  |TAMS 0x000000008f500000, 0x000000008f500000| Untracked 
| 164|0x000000008f600000, 0x000000008f600000, 0x000000008f700000|  0%| F|  |TAMS 0x000000008f600000, 0x000000008f600000| Untracked 
| 165|0x000000008f700000, 0x000000008f700000, 0x000000008f800000|  0%| F|  |TAMS 0x000000008f700000, 0x000000008f700000| Untracked 
| 166|0x000000008f800000, 0x000000008f800000, 0x000000008f900000|  0%| F|  |TAMS 0x000000008f800000, 0x000000008f800000| Untracked 
| 167|0x000000008f900000, 0x000000008f94b5d8, 0x000000008fa00000| 29%| E|  |TAMS 0x000000008f900000, 0x000000008f900000| Complete 
| 168|0x000000008fa00000, 0x000000008fb00000, 0x000000008fb00000|100%| E|  |TAMS 0x000000008fa00000, 0x000000008fa00000| Complete 
| 169|0x000000008fb00000, 0x000000008fc00000, 0x000000008fc00000|100%| E|CS|TAMS 0x000000008fb00000, 0x000000008fb00000| Complete 
| 170|0x000000008fc00000, 0x000000008fd00000, 0x000000008fd00000|100%| E|CS|TAMS 0x000000008fc00000, 0x000000008fc00000| Complete 
| 171|0x000000008fd00000, 0x000000008fe00000, 0x000000008fe00000|100%| E|CS|TAMS 0x000000008fd00000, 0x000000008fd00000| Complete 
| 172|0x000000008fe00000, 0x000000008ff00000, 0x000000008ff00000|100%| E|CS|TAMS 0x000000008fe00000, 0x000000008fe00000| Complete 
| 173|0x000000008ff00000, 0x0000000090000000, 0x0000000090000000|100%| E|CS|TAMS 0x000000008ff00000, 0x000000008ff00000| Complete 
| 174|0x0000000090000000, 0x0000000090100000, 0x0000000090100000|100%| E|CS|TAMS 0x0000000090000000, 0x0000000090000000| Complete 
| 175|0x0000000090100000, 0x0000000090200000, 0x0000000090200000|100%| E|CS|TAMS 0x0000000090100000, 0x0000000090100000| Complete 
| 176|0x0000000090200000, 0x0000000090300000, 0x0000000090300000|100%| E|CS|TAMS 0x0000000090200000, 0x0000000090200000| Complete 
| 177|0x0000000090300000, 0x0000000090400000, 0x0000000090400000|100%| E|CS|TAMS 0x0000000090300000, 0x0000000090300000| Complete 
| 178|0x0000000090400000, 0x0000000090500000, 0x0000000090500000|100%| E|CS|TAMS 0x0000000090400000, 0x0000000090400000| Complete 

Card table byte_map: [0x00000180d4c90000,0x00000180d5070000] _byte_map_base: 0x00000180d4867000

Marking Bits (Prev, Next): (CMBitMap*) 0x00000180bb3eb270, (CMBitMap*) 0x00000180bb3eb238
 Prev Bits: [0x00000180d7310000, 0x00000180d91c8000)
 Next Bits: [0x00000180d5450000, 0x00000180d7308000)

Polling page: 0x00000180bb480000

Metaspace:

Usage:
  Non-class:     62.40 MB capacity,    61.31 MB ( 98%) used,   886.47 KB (  1%) free+waste,   225.94 KB ( <1%) overhead. 
      Class:      9.73 MB capacity,     9.04 MB ( 93%) used,   600.49 KB (  6%) free+waste,   105.50 KB (  1%) overhead. 
       Both:     72.13 MB capacity,    70.35 MB ( 98%) used,     1.45 MB (  2%) free+waste,   331.44 KB ( <1%) overhead. 

Virtual space:
  Non-class space:       64.00 MB reserved,      62.45 MB ( 98%) committed 
      Class space:        1.00 GB reserved,       9.75 MB ( <1%) committed 
             Both:        1.06 GB reserved,      72.20 MB (  7%) committed 

Chunk freelists:
   Non-Class:  55.00 KB
       Class:  23.00 KB
        Both:  78.00 KB

MaxMetaspaceSize: 17179869184.00 GB
CompressedClassSpaceSize: 1.00 GB

CodeHeap 'non-profiled nmethods': size=120064Kb used=3596Kb max_used=3596Kb free=116467Kb
 bounds [0x00000180ccd50000, 0x00000180cd0e0000, 0x00000180d4290000]
CodeHeap 'profiled nmethods': size=120000Kb used=12885Kb max_used=12885Kb free=107114Kb
 bounds [0x00000180c5820000, 0x00000180c64c0000, 0x00000180ccd50000]
CodeHeap 'non-nmethods': size=5696Kb used=1235Kb max_used=1282Kb free=4461Kb
 bounds [0x00000180c5290000, 0x00000180c5500000, 0x00000180c5820000]
 total_blobs=6311 nmethods=5693 adapters=529
 compilation: enabled
              stopped_count=0, restarted_count=0
 full_count=0

Compilation events (20 events):
Event: 71.703 Thread 0x00000180db84d000 5734       3       org.thymeleaf.engine.AttributeDefinitions::forHTMLName (33 bytes)
Event: 71.704 Thread 0x00000180db84d000 nmethod 5734 0x00000180c649c010 code [0x00000180c649c200, 0x00000180c649c658]
Event: 71.705 Thread 0x00000180db84d000 5735       3       org.thymeleaf.util.ProcessorConfigurationUtils$AbstractProcessorWrapper::setElementDefinitions (24 bytes)
Event: 71.706 Thread 0x00000180db84d000 nmethod 5735 0x00000180c649c810 code [0x00000180c649ca00, 0x00000180c649d188]
Event: 71.706 Thread 0x00000180db84d000 5736       3       org.thymeleaf.util.ProcessorConfigurationUtils$AbstractProcessorWrapper::setAttributeDefinitions (24 bytes)
Event: 71.706 Thread 0x00000180db84d000 nmethod 5736 0x00000180c649d310 code [0x00000180c649d4e0, 0x00000180c649d8e8]
Event: 71.720 Thread 0x00000180e0c0e000 nmethod 5726 0x00000180cd0d1890 code [0x00000180cd0d1a60, 0x00000180cd0d2258]
Event: 71.762 Thread 0x00000180e0c0e000 5737 %     4       java.util.Properties$LineReader::readLine @ 224 (635 bytes)
Event: 71.762 Thread 0x00000180db84d000 5738       3       java.util.regex.Pattern::newCharProperty (34 bytes)
Event: 71.763 Thread 0x00000180db84d000 nmethod 5738 0x00000180c649da10 code [0x00000180c649dc40, 0x00000180c649e4d8]
Event: 71.763 Thread 0x00000180db84d000 5741       3       java.util.regex.Pattern::sequence (645 bytes)
Event: 71.769 Thread 0x00000180db84d000 nmethod 5741 0x00000180c649e690 code [0x00000180c649ee40, 0x00000180c64a3bd8]
Event: 71.769 Thread 0x00000180db84d000 5743       3       java.util.regex.Pattern::atom (422 bytes)
Event: 71.772 Thread 0x00000180db84d000 nmethod 5743 0x00000180c64a5110 code [0x00000180c64a55a0, 0x00000180c64a7ff8]
Event: 71.772 Thread 0x00000180db84d000 5742       3       java.util.regex.Pattern::expr (142 bytes)
Event: 71.774 Thread 0x00000180db84d000 nmethod 5742 0x00000180c64a8b10 code [0x00000180c64a8da0, 0x00000180c64a9a28]
Event: 71.774 Thread 0x00000180db84d000 5740       3       java.util.regex.Pattern::unread (11 bytes)
Event: 71.774 Thread 0x00000180db84d000 nmethod 5740 0x00000180c64a9f10 code [0x00000180c64aa0c0, 0x00000180c64aa1b8]
Event: 71.774 Thread 0x00000180db84d000 5739       3       java.util.regex.Pattern$Node::study (21 bytes)
Event: 71.774 Thread 0x00000180db84d000 nmethod 5739 0x00000180c64aa290 code [0x00000180c64aa460, 0x00000180c64aa668]

GC Heap History (20 events):
Event: 1.123 GC heap before
{Heap before GC invocations=1 (full 0):
 garbage-first heap   total 126976K, used 14412K [0x0000000085200000, 0x0000000100000000)
  region size 1024K, 10 young (10240K), 2 survivors (2048K)
 Metaspace       used 11153K, capacity 11341K, committed 11392K, reserved 1058816K
  class space    used 1077K, capacity 1145K, committed 1152K, reserved 1048576K
}
Event: 1.128 GC heap after
{Heap after GC invocations=2 (full 0):
 garbage-first heap   total 126976K, used 6900K [0x0000000085200000, 0x0000000100000000)
  region size 1024K, 1 young (1024K), 1 survivors (1024K)
 Metaspace       used 11153K, capacity 11341K, committed 11392K, reserved 1058816K
  class space    used 1077K, capacity 1145K, committed 1152K, reserved 1048576K
}
Event: 1.150 GC heap before
{Heap before GC invocations=2 (full 0):
 garbage-first heap   total 126976K, used 31476K [0x0000000085200000, 0x0000000100000000)
  region size 1024K, 26 young (26624K), 1 survivors (1024K)
 Metaspace       used 11157K, capacity 11341K, committed 11392K, reserved 1058816K
  class space    used 1077K, capacity 1145K, committed 1152K, reserved 1048576K
}
Event: 1.153 GC heap after
{Heap after GC invocations=3 (full 0):
 garbage-first heap   total 126976K, used 7046K [0x0000000085200000, 0x0000000100000000)
  region size 1024K, 1 young (1024K), 1 survivors (1024K)
 Metaspace       used 11157K, capacity 11341K, committed 11392K, reserved 1058816K
  class space    used 1077K, capacity 1145K, committed 1152K, reserved 1048576K
}
Event: 2.497 GC heap before
{Heap before GC invocations=3 (full 0):
 garbage-first heap   total 126976K, used 71558K [0x0000000085200000, 0x0000000100000000)
  region size 1024K, 66 young (67584K), 1 survivors (1024K)
 Metaspace       used 20804K, capacity 21223K, committed 21248K, reserved 1069056K
  class space    used 2362K, capacity 2557K, committed 2560K, reserved 1048576K
}
Event: 2.502 GC heap after
{Heap after GC invocations=4 (full 0):
 garbage-first heap   total 126976K, used 9248K [0x0000000085200000, 0x0000000100000000)
  region size 1024K, 3 young (3072K), 3 survivors (3072K)
 Metaspace       used 20804K, capacity 21223K, committed 21248K, reserved 1069056K
  class space    used 2362K, capacity 2557K, committed 2560K, reserved 1048576K
}
Event: 3.256 GC heap before
{Heap before GC invocations=5 (full 0):
 garbage-first heap   total 126976K, used 80928K [0x0000000085200000, 0x0000000100000000)
  region size 1024K, 74 young (75776K), 3 survivors (3072K)
 Metaspace       used 25513K, capacity 26072K, committed 26236K, reserved 1073152K
  class space    used 2966K, capacity 3193K, committed 3200K, reserved 1048576K
}
Event: 3.263 GC heap after
{Heap after GC invocations=6 (full 0):
 garbage-first heap   total 126976K, used 10709K [0x0000000085200000, 0x0000000100000000)
  region size 1024K, 5 young (5120K), 5 survivors (5120K)
 Metaspace       used 25513K, capacity 26072K, committed 26236K, reserved 1073152K
  class space    used 2966K, capacity 3193K, committed 3200K, reserved 1048576K
}
Event: 5.095 GC heap before
{Heap before GC invocations=6 (full 0):
 garbage-first heap   total 126976K, used 81365K [0x0000000085200000, 0x0000000100000000)
  region size 1024K, 74 young (75776K), 5 survivors (5120K)
 Metaspace       used 32624K, capacity 33431K, committed 33788K, reserved 1079296K
  class space    used 3896K, capacity 4249K, committed 4352K, reserved 1048576K
}
Event: 5.106 GC heap after
{Heap after GC invocations=7 (full 0):
 garbage-first heap   total 152576K, used 13287K [0x0000000085200000, 0x0000000100000000)
  region size 1024K, 7 young (7168K), 7 survivors (7168K)
 Metaspace       used 32624K, capacity 33431K, committed 33788K, reserved 1079296K
  class space    used 3896K, capacity 4249K, committed 4352K, reserved 1048576K
}
Event: 5.665 GC heap before
{Heap before GC invocations=7 (full 0):
 garbage-first heap   total 152576K, used 29671K [0x0000000085200000, 0x0000000100000000)
  region size 1024K, 24 young (24576K), 7 survivors (7168K)
 Metaspace       used 34934K, capacity 35860K, committed 36048K, reserved 1081344K
  class space    used 4221K, capacity 4602K, committed 4608K, reserved 1048576K
}
Event: 5.684 GC heap after
{Heap after GC invocations=8 (full 0):
 garbage-first heap   total 152576K, used 14790K [0x0000000085200000, 0x0000000100000000)
  region size 1024K, 6 young (6144K), 6 survivors (6144K)
 Metaspace       used 34934K, capacity 35860K, committed 36048K, reserved 1081344K
  class space    used 4221K, capacity 4602K, committed 4608K, reserved 1048576K
}
Event: 7.044 GC heap before
{Heap before GC invocations=9 (full 0):
 garbage-first heap   total 152576K, used 89542K [0x0000000085200000, 0x0000000100000000)
  region size 1024K, 80 young (81920K), 6 survivors (6144K)
 Metaspace       used 38610K, capacity 39735K, committed 39888K, reserved 1083392K
  class space    used 4659K, capacity 5104K, committed 5120K, reserved 1048576K
}
Event: 7.057 GC heap after
{Heap after GC invocations=10 (full 0):
 garbage-first heap   total 152576K, used 16710K [0x0000000085200000, 0x0000000100000000)
  region size 1024K, 8 young (8192K), 8 survivors (8192K)
 Metaspace       used 38610K, capacity 39735K, committed 39888K, reserved 1083392K
  class space    used 4659K, capacity 5104K, committed 5120K, reserved 1048576K
}
Event: 8.908 GC heap before
{Heap before GC invocations=10 (full 0):
 garbage-first heap   total 152576K, used 99654K [0x0000000085200000, 0x0000000100000000)
  region size 1024K, 88 young (90112K), 8 survivors (8192K)
 Metaspace       used 47951K, capacity 49142K, committed 49488K, reserved 1091584K
  class space    used 5926K, capacity 6404K, committed 6528K, reserved 1048576K
}
Event: 8.924 GC heap after
{Heap after GC invocations=11 (full 0):
 garbage-first heap   total 152576K, used 21038K [0x0000000085200000, 0x0000000100000000)
  region size 1024K, 6 young (6144K), 6 survivors (6144K)
 Metaspace       used 47951K, capacity 49142K, committed 49488K, reserved 1091584K
  class space    used 5926K, capacity 6404K, committed 6528K, reserved 1048576K
}
Event: 10.350 GC heap before
{Heap before GC invocations=11 (full 0):
 garbage-first heap   total 152576K, used 83502K [0x0000000085200000, 0x0000000100000000)
  region size 1024K, 68 young (69632K), 6 survivors (6144K)
 Metaspace       used 58800K, capacity 60132K, committed 60240K, reserved 1101824K
  class space    used 7537K, capacity 8043K, committed 8064K, reserved 1048576K
}
Event: 10.363 GC heap after
{Heap after GC invocations=12 (full 0):
 garbage-first heap   total 183296K, used 23086K [0x0000000085200000, 0x0000000100000000)
  region size 1024K, 8 young (8192K), 8 survivors (8192K)
 Metaspace       used 58800K, capacity 60132K, committed 60240K, reserved 1101824K
  class space    used 7537K, capacity 8043K, committed 8064K, reserved 1048576K
}
Event: 71.428 GC heap before
{Heap before GC invocations=13 (full 0):
 garbage-first heap   total 183296K, used 123438K [0x0000000085200000, 0x0000000100000000)
  region size 1024K, 107 young (109568K), 8 survivors (8192K)
 Metaspace       used 70593K, capacity 72410K, committed 72528K, reserved 1112064K
  class space    used 9059K, capacity 9757K, committed 9856K, reserved 1048576K
}
Event: 71.448 GC heap after
{Heap after GC invocations=14 (full 0):
 garbage-first heap   total 183296K, used 28909K [0x0000000085200000, 0x0000000100000000)
  region size 1024K, 13 young (13312K), 13 survivors (13312K)
 Metaspace       used 70593K, capacity 72410K, committed 72528K, reserved 1112064K
  class space    used 9059K, capacity 9757K, committed 9856K, reserved 1048576K
}

Deoptimization events (20 events):
Event: 71.640 Thread 0x00000180dedfb000 Uncommon trap: trap_request=0xffffff4d fr.pc=0x00000180cd0cc33c relative=0x00000000000004bc
Event: 71.640 Thread 0x00000180dedfb000 Uncommon trap: reason=unstable_if action=reinterpret pc=0x00000180cd0cc33c method=org.thymeleaf.util.ProcessorComparators$ProcessorPrecedenceComparator.compareWrapped(Lorg/thymeleaf/util/ProcessorConfigurationUtils$AbstractProcessorWrapper;Lorg/thymeleaf/
Event: 71.640 Thread 0x00000180dedfb000 DEOPT PACKING pc=0x00000180cd0cc33c sp=0x0000007ceacfbfd0
Event: 71.640 Thread 0x00000180dedfb000 DEOPT UNPACKING pc=0x00000180c52b78af sp=0x0000007ceacfbe50 mode 2
Event: 71.640 Thread 0x00000180dedfb000 Uncommon trap: trap_request=0xffffff4d fr.pc=0x00000180cd0cad28 relative=0x00000000000003a8
Event: 71.640 Thread 0x00000180dedfb000 Uncommon trap: reason=unstable_if action=reinterpret pc=0x00000180cd0cad28 method=org.thymeleaf.util.ProcessorComparators$ProcessorPrecedenceComparator.compareWrapped(Lorg/thymeleaf/util/ProcessorConfigurationUtils$AbstractProcessorWrapper;Lorg/thymeleaf/
Event: 71.640 Thread 0x00000180dedfb000 DEOPT PACKING pc=0x00000180cd0cad28 sp=0x0000007ceacfbe40
Event: 71.640 Thread 0x00000180dedfb000 DEOPT UNPACKING pc=0x00000180c52b78af sp=0x0000007ceacfbd48 mode 2
Event: 71.640 Thread 0x00000180dedfb000 Uncommon trap: trap_request=0xffffff4d fr.pc=0x00000180cd0cb7f4 relative=0x0000000000000394
Event: 71.640 Thread 0x00000180dedfb000 Uncommon trap: reason=unstable_if action=reinterpret pc=0x00000180cd0cb7f4 method=org.thymeleaf.util.ProcessorComparators$ProcessorPrecedenceComparator.compareWrapped(Lorg/thymeleaf/util/ProcessorConfigurationUtils$AbstractProcessorWrapper;Lorg/thymeleaf/
Event: 71.640 Thread 0x00000180dedfb000 DEOPT PACKING pc=0x00000180cd0cb7f4 sp=0x0000007ceacfbdc0
Event: 71.640 Thread 0x00000180dedfb000 DEOPT UNPACKING pc=0x00000180c52b78af sp=0x0000007ceacfbd48 mode 2
Event: 71.700 Thread 0x00000180dedfb000 Uncommon trap: trap_request=0xffffff4d fr.pc=0x00000180cd0d1148 relative=0x0000000000000108
Event: 71.700 Thread 0x00000180dedfb000 Uncommon trap: reason=unstable_if action=reinterpret pc=0x00000180cd0d1148 method=org.thymeleaf.engine.AttributeName.equals(Ljava/lang/Object;)Z @ 2 c2
Event: 71.700 Thread 0x00000180dedfb000 DEOPT PACKING pc=0x00000180cd0d1148 sp=0x0000007ceacfbd40
Event: 71.700 Thread 0x00000180dedfb000 DEOPT UNPACKING pc=0x00000180c52b78af sp=0x0000007ceacfbc50 mode 2
Event: 71.700 Thread 0x00000180dedfb000 Uncommon trap: trap_request=0xffffff4d fr.pc=0x00000180cd0d0cb8 relative=0x0000000000000098
Event: 71.700 Thread 0x00000180dedfb000 Uncommon trap: reason=unstable_if action=reinterpret pc=0x00000180cd0d0cb8 method=org.thymeleaf.engine.AttributeName.equals(Ljava/lang/Object;)Z @ 2 c2
Event: 71.700 Thread 0x00000180dedfb000 DEOPT PACKING pc=0x00000180cd0d0cb8 sp=0x0000007ceacfbca0
Event: 71.700 Thread 0x00000180dedfb000 DEOPT UNPACKING pc=0x00000180c52b78af sp=0x0000007ceacfbc40 mode 2

Classes redefined (0 events):
No events

Internal exceptions (20 events):
Event: 11.640 Thread 0x00000180dc8bb000 Exception <a 'java/lang/reflect/InvocationTargetException'{0x000000008d91c390}> (0x000000008d91c390) thrown at [./src/hotspot/share/runtime/reflection.cpp, line 1247]
Event: 11.643 Thread 0x00000180dc8bb000 Exception <a 'java/lang/reflect/InvocationTargetException'{0x000000008d92bf20}> (0x000000008d92bf20) thrown at [./src/hotspot/share/runtime/reflection.cpp, line 1247]
Event: 11.669 Thread 0x00000180dc8bb000 Exception <a 'java/lang/ClassNotFoundException'{0x000000008d805560}: java/lang/ObjectCustomizer> (0x000000008d805560) thrown at [./src/hotspot/share/classfile/systemDictionary.cpp, line 231]
Event: 11.670 Thread 0x00000180dc8bb000 Exception <a 'java/lang/ClassNotFoundException'{0x000000008d8203e8}: org/springframework/security/config/annotation/web/configuration/WebSecurityConfigurationCustomizer> (0x000000008d8203e8) thrown at [./src/hotspot/share/classfile/systemDictionary.cpp, line 231]
Event: 11.671 Thread 0x00000180dc8bb000 Exception <a 'java/lang/ClassNotFoundException'{0x000000008d83d258}: org/springframework/context/annotation/ImportAwareCustomizer> (0x000000008d83d258) thrown at [./src/hotspot/share/classfile/systemDictionary.cpp, line 231]
Event: 11.671 Thread 0x00000180dc8bb000 Exception <a 'java/lang/ClassNotFoundException'{0x000000008d84e980}: org/springframework/beans/factory/AwareCustomizer> (0x000000008d84e980) thrown at [./src/hotspot/share/classfile/systemDictionary.cpp, line 231]
Event: 11.672 Thread 0x00000180dc8bb000 Exception <a 'java/lang/ClassNotFoundException'{0x000000008d861470}: org/springframework/beans/factory/BeanClassLoaderAwareCustomizer> (0x000000008d861470) thrown at [./src/hotspot/share/classfile/systemDictionary.cpp, line 231]
Event: 11.672 Thread 0x00000180dc8bb000 Exception <a 'java/lang/ClassNotFoundException'{0x000000008d872ba8}: org/springframework/beans/factory/AwareCustomizer> (0x000000008d872ba8) thrown at [./src/hotspot/share/classfile/systemDictionary.cpp, line 231]
Event: 11.789 Thread 0x00000180dc8bb000 Implicit null exception at 0x00000180cce7e9dd to 0x00000180cce7ea96
Event: 11.956 Thread 0x00000180dc8bb000 Exception <a 'java/lang/ClassNotFoundException'{0x000000008cd5bab0}: java/lang/ObjectCustomizer> (0x000000008cd5bab0) thrown at [./src/hotspot/share/classfile/systemDictionary.cpp, line 231]
Event: 11.957 Thread 0x00000180dc8bb000 Exception <a 'java/lang/ClassNotFoundException'{0x000000008cd76938}: org/springframework/security/config/annotation/web/configuration/HttpSecurityConfigurationCustomizer> (0x000000008cd76938) thrown at [./src/hotspot/share/classfile/systemDictionary.cpp, line 231]
Event: 12.013 Thread 0x00000180dc8bb000 Exception <a 'java/lang/NoSuchMethodError'{0x000000008cc84110}: 'java.lang.Object java.lang.invoke.DirectMethodHandle$Holder.invokeInterface(java.lang.Object, java.lang.Object, java.lang.Object, java.lang.Object)'> (0x000000008cc84110) thrown at [./src/hotspot/share/interpreter/linkResolver.cpp, line 773]
Event: 12.231 Thread 0x00000180dc8bb000 Exception <a 'java/lang/NoSuchMethodError'{0x000000008c4f48f0}: 'void java.lang.invoke.DirectMethodHandle$Holder.invokeVirtual(java.lang.Object, java.lang.Object, int)'> (0x000000008c4f48f0) thrown at [./src/hotspot/share/interpreter/linkResolver.cpp, line 773]
Event: 12.234 Thread 0x00000180dc8bb000 Exception <a 'java/lang/NoSuchMethodError'{0x000000008c30e958}: 'void java.lang.invoke.DirectMethodHandle$Holder.invokeVirtual(java.lang.Object, java.lang.Object, long)'> (0x000000008c30e958) thrown at [./src/hotspot/share/interpreter/linkResolver.cpp, line 773]
Event: 12.446 Thread 0x00000180dc8bb000 Exception <a 'java/lang/IncompatibleClassChangeError'{0x000000008bddc2a0}: Found class java.lang.Object, but interface was expected> (0x000000008bddc2a0) thrown at [./src/hotspot/share/interpreter/linkResolver.cpp, line 839]
Event: 12.502 Thread 0x00000180dc8bb000 Exception <a 'java/lang/NoSuchMethodError'{0x000000008bba3420}: 'int java.lang.invoke.DirectMethodHandle$Holder.invokeStaticInit(java.lang.Object, java.lang.Object, java.lang.Object, java.lang.Object)'> (0x000000008bba3420) thrown at [./src/hotspot/share/interpreter/linkResolver.cpp, line 773]
Event: 12.708 Thread 0x00000180dc8bb000 Exception <a 'java/lang/NoSuchMethodError'{0x000000008b210778}: 'java.lang.Object java.lang.invoke.DirectMethodHandle$Holder.invokeSpecial(java.lang.Object, java.lang.Object, int, java.lang.Object, int, java.lang.Object)'> (0x000000008b210778) thrown at [./src/hotspot/share/interpreter/linkResolver.cpp, line 773]
Event: 12.708 Thread 0x00000180dc8bb000 Exception <a 'java/lang/NoSuchMethodError'{0x000000008b217f08}: 'java.lang.Object java.lang.invoke.DirectMethodHandle$Holder.invokeStatic(java.lang.Object, java.lang.Object, int, java.lang.Object, int)'> (0x000000008b217f08) thrown at [./src/hotspot/share/interpreter/linkResolver.cpp, line 773]
Event: 12.709 Thread 0x00000180dc8bb000 Exception <a 'java/lang/NoSuchMethodError'{0x000000008b21b6e8}: 'java.lang.Object java.lang.invoke.DirectMethodHandle$Holder.invokeSpecial(java.lang.Object, java.lang.Object, java.lang.Object, int, java.lang.Object, int)'> (0x000000008b21b6e8) thrown at [./src/hotspot/share/interpreter/linkResolver.cpp, line 773]
Event: 12.710 Thread 0x00000180dc8bb000 Exception <a 'java/lang/NoSuchMethodError'{0x000000008b226670}: 'void java.lang.invoke.DirectMethodHandle$Holder.invokeVirtual(java.lang.Object, java.lang.Object)'> (0x000000008b226670) thrown at [./src/hotspot/share/interpreter/linkResolver.cpp, line 773]

Events (20 events):
Event: 71.761 Executing VM operation: RevokeBias
Event: 71.761 Executing VM operation: RevokeBias done
Event: 71.763 loading class org/thymeleaf/context/WebExpressionContext
Event: 71.763 loading class org/thymeleaf/context/WebExpressionContext done
Event: 71.764 loading class org/thymeleaf/context/IWebContext
Event: 71.764 loading class org/thymeleaf/context/IWebContext done
Event: 71.766 loading class org/thymeleaf/context/AbstractExpressionContext
Event: 71.766 loading class org/thymeleaf/context/AbstractExpressionContext done
Event: 71.766 loading class org/thymeleaf/context/AbstractContext
Event: 71.766 loading class org/thymeleaf/context/AbstractContext done
Event: 71.767 loading class org/thymeleaf/expression/IExpressionObjects
Event: 71.767 loading class org/thymeleaf/expression/IExpressionObjects done
Event: 71.768 loading class org/thymeleaf/spring5/util/SpringContentTypeUtils
Event: 71.768 loading class org/thymeleaf/spring5/util/SpringContentTypeUtils done
Event: 71.769 loading class org/thymeleaf/util/ContentTypeUtils
Event: 71.769 loading class org/thymeleaf/util/ContentTypeUtils done
Event: 71.773 loading class org/thymeleaf/util/ContentTypeUtils$ContentType
Event: 71.773 loading class org/thymeleaf/util/ContentTypeUtils$ContentType done
Event: 71.774 loading class org/apache/tomcat/util/http/parser/MediaType
Event: 71.774 loading class org/apache/tomcat/util/http/parser/MediaType done


Dynamic libraries:
0x00007ff6899e0000 - 0x00007ff6899ed000 	C:\Users\admin\.jdks\adopt-openjdk-11.0.10\bin\java.exe
0x00007fff9fa50000 - 0x00007fff9fc45000 	C:\WINDOWS\SYSTEM32\ntdll.dll
0x00007fff9f000000 - 0x00007fff9f0bd000 	C:\WINDOWS\System32\KERNEL32.DLL
0x00007fff9d2e0000 - 0x00007fff9d5a8000 	C:\WINDOWS\System32\KERNELBASE.dll
0x00007fff9d190000 - 0x00007fff9d290000 	C:\WINDOWS\System32\ucrtbase.dll
0x00007fff8e310000 - 0x00007fff8e327000 	C:\Users\admin\.jdks\adopt-openjdk-11.0.10\bin\jli.dll
0x00007fff85fc0000 - 0x00007fff85fd5000 	C:\Users\admin\.jdks\adopt-openjdk-11.0.10\bin\VCRUNTIME140.dll
0x00007fff9ded0000 - 0x00007fff9e070000 	C:\WINDOWS\System32\USER32.dll
0x00007fff9d930000 - 0x00007fff9d952000 	C:\WINDOWS\System32\win32u.dll
0x00007fff952a0000 - 0x00007fff9553a000 	C:\WINDOWS\WinSxS\amd64_microsoft.windows.common-controls_6595b64144ccf1df_6.0.19041.844_none_ca00b6081b84eb1d\COMCTL32.dll
0x00007fff9f7e0000 - 0x00007fff9f87e000 	C:\WINDOWS\System32\msvcrt.dll
0x00007fff9e810000 - 0x00007fff9e83a000 	C:\WINDOWS\System32\GDI32.dll
0x00007fff9d820000 - 0x00007fff9d92b000 	C:\WINDOWS\System32\gdi32full.dll
0x00007fff9da10000 - 0x00007fff9daad000 	C:\WINDOWS\System32\msvcp_win.dll
0x00007fff9e070000 - 0x00007fff9e0a0000 	C:\WINDOWS\System32\IMM32.DLL
0x00007fff80cd0000 - 0x00007fff80d6b000 	C:\Users\admin\.jdks\adopt-openjdk-11.0.10\bin\msvcp140.dll
0x00007fff622e0000 - 0x00007fff62e23000 	C:\Users\admin\.jdks\adopt-openjdk-11.0.10\bin\server\jvm.dll
0x00007fff9f0c0000 - 0x00007fff9f16c000 	C:\WINDOWS\System32\ADVAPI32.dll
0x00007fff9f170000 - 0x00007fff9f20b000 	C:\WINDOWS\System32\sechost.dll
0x00007fff9f8e0000 - 0x00007fff9fa0b000 	C:\WINDOWS\System32\RPCRT4.dll
0x00007fff9e0a0000 - 0x00007fff9e0a8000 	C:\WINDOWS\System32\PSAPI.DLL
0x00007fff92300000 - 0x00007fff92309000 	C:\WINDOWS\SYSTEM32\WSOCK32.dll
0x00007fff976d0000 - 0x00007fff976f7000 	C:\WINDOWS\SYSTEM32\WINMM.dll
0x00007fff98260000 - 0x00007fff9826a000 	C:\WINDOWS\SYSTEM32\VERSION.dll
0x00007fff9f330000 - 0x00007fff9f39b000 	C:\WINDOWS\System32\WS2_32.dll
0x00007fff9b0e0000 - 0x00007fff9b0f2000 	C:\WINDOWS\SYSTEM32\kernel.appcore.dll
0x00007fff939a0000 - 0x00007fff939b0000 	C:\Users\admin\.jdks\adopt-openjdk-11.0.10\bin\verify.dll
0x00007fff984d0000 - 0x00007fff986b4000 	C:\WINDOWS\SYSTEM32\DBGHELP.DLL
0x00007fff98430000 - 0x00007fff9845c000 	C:\WINDOWS\SYSTEM32\dbgcore.DLL
0x00007fff9d7a0000 - 0x00007fff9d820000 	C:\WINDOWS\System32\bcryptPrimitives.dll
0x00007fff85f90000 - 0x00007fff85fb8000 	C:\Users\admin\.jdks\adopt-openjdk-11.0.10\bin\java.dll
0x00007fff93580000 - 0x00007fff9358a000 	C:\Users\admin\.jdks\adopt-openjdk-11.0.10\bin\jimage.dll
0x00007fff849c0000 - 0x00007fff849d7000 	C:\Users\admin\.jdks\adopt-openjdk-11.0.10\bin\zip.dll
0x00007fff9e0c0000 - 0x00007fff9e802000 	C:\WINDOWS\System32\SHELL32.dll
0x00007fff9b2e0000 - 0x00007fff9ba70000 	C:\WINDOWS\SYSTEM32\windows.storage.dll
0x00007fff9dab0000 - 0x00007fff9de05000 	C:\WINDOWS\System32\combase.dll
0x00007fff9cb30000 - 0x00007fff9cb5c000 	C:\WINDOWS\SYSTEM32\Wldp.dll
0x00007fff9f3a0000 - 0x00007fff9f44e000 	C:\WINDOWS\System32\SHCORE.dll
0x00007fff9f880000 - 0x00007fff9f8d5000 	C:\WINDOWS\System32\shlwapi.dll
0x00007fff9d0d0000 - 0x00007fff9d0ef000 	C:\WINDOWS\SYSTEM32\profapi.dll
0x00007fff84080000 - 0x00007fff84099000 	C:\Users\admin\.jdks\adopt-openjdk-11.0.10\bin\net.dll
0x00007fff95c40000 - 0x00007fff95d4b000 	C:\WINDOWS\SYSTEM32\WINHTTP.dll
0x00007fff9c8a0000 - 0x00007fff9c90a000 	C:\WINDOWS\system32\mswsock.dll
0x00007fff82300000 - 0x00007fff82312000 	C:\Users\admin\.jdks\adopt-openjdk-11.0.10\bin\nio.dll
0x00007fff8f050000 - 0x00007fff8f059000 	C:\Users\admin\.jdks\adopt-openjdk-11.0.10\bin\management.dll
0x00007fff8e390000 - 0x00007fff8e39b000 	C:\Users\admin\.jdks\adopt-openjdk-11.0.10\bin\management_ext.dll
0x00007fff97860000 - 0x00007fff97877000 	C:\WINDOWS\system32\napinsp.dll
0x00007fff978b0000 - 0x00007fff978cb000 	C:\WINDOWS\system32\pnrpnsp.dll
0x00007fff83b80000 - 0x00007fff83b95000 	C:\WINDOWS\system32\wshbth.dll
0x00007fff98770000 - 0x00007fff9878d000 	C:\WINDOWS\system32\NLAapi.dll
0x00007fff9c590000 - 0x00007fff9c5cb000 	C:\WINDOWS\SYSTEM32\IPHLPAPI.DLL
0x00007fff9c5d0000 - 0x00007fff9c69c000 	C:\WINDOWS\SYSTEM32\DNSAPI.dll
0x00007fff9e0b0000 - 0x00007fff9e0b8000 	C:\WINDOWS\System32\NSI.dll
0x00007fff978d0000 - 0x00007fff978e2000 	C:\WINDOWS\System32\winrnr.dll
0x00007fff94b70000 - 0x00007fff94b7a000 	C:\Windows\System32\rasadhlp.dll
0x00007fff959e0000 - 0x00007fff95a5f000 	C:\WINDOWS\System32\fwpuclnt.dll
0x00007fff9d5b0000 - 0x00007fff9d5d7000 	C:\WINDOWS\System32\bcrypt.dll
0x00007fff9ca70000 - 0x00007fff9ca88000 	C:\WINDOWS\SYSTEM32\CRYPTSP.dll
0x00007fff9c240000 - 0x00007fff9c274000 	C:\WINDOWS\system32\rsaenh.dll
0x00007fff9d050000 - 0x00007fff9d07e000 	C:\WINDOWS\SYSTEM32\USERENV.dll
0x00007fff9ca90000 - 0x00007fff9ca9c000 	C:\WINDOWS\SYSTEM32\CRYPTBASE.dll
0x00007fff97d20000 - 0x00007fff97d37000 	C:\WINDOWS\SYSTEM32\dhcpcsvc6.DLL
0x00007fff98210000 - 0x00007fff9822d000 	C:\WINDOWS\SYSTEM32\dhcpcsvc.DLL

dbghelp: loaded successfully - version: 4.0.5 - missing functions: none
symbol engine: initialized successfully - sym options: 0x614 - pdb path: .;C:\Users\admin\.jdks\adopt-openjdk-11.0.10\bin;C:\WINDOWS\SYSTEM32;C:\WINDOWS\WinSxS\amd64_microsoft.windows.common-controls_6595b64144ccf1df_6.0.19041.844_none_ca00b6081b84eb1d;C:\Users\admin\.jdks\adopt-openjdk-11.0.10\bin\server

VM Arguments:
jvm_args: -Dfile.encoding=windows-1252 -Duser.country=US -Duser.language=en -Duser.variant 
java_command: com.tts.TechTalentTwitter.TechTalentTwitterApplication
java_class_path (initial): C:\Users\admin\Documents\Win-main\Week-16\Day-1\TechTalentTwitter\TechTalentTwitter\build\classes\java\main;C:\Users\admin\Documents\Win-main\Week-16\Day-1\TechTalentTwitter\TechTalentTwitter\build\resources\main;C:\Users\admin\.gradle\caches\modules-2\files-2.1\org.springframework.boot\spring-boot-devtools\2.5.0\67e862e73bda7484915722aeff07adc3602e09c6\spring-boot-devtools-2.5.0.jar;C:\Users\admin\.gradle\caches\modules-2\files-2.1\org.springframework.boot\spring-boot-starter-data-jpa\2.5.0\84f42b4c2b85d59070d1b67c7e5b35a1f62c3e82\spring-boot-starter-data-jpa-2.5.0.jar;C:\Users\admin\.gradle\caches\modules-2\files-2.1\org.springframework.boot\spring-boot-starter-security\2.5.0\96bcecfaf37ad892d764b2909b994a34b7b2d83e\spring-boot-starter-security-2.5.0.jar;C:\Users\admin\.gradle\caches\modules-2\files-2.1\org.springframework.boot\spring-boot-starter-thymeleaf\2.5.0\ccadc87ba8e5e522104799ec02fda0958b644b4d\spring-boot-starter-thymeleaf-2.5.0.jar;C:\Users\admin\.gradle\caches\modules-2\files-2.1\org.springframework.boot\spring-boot-starter-validation\2.5.0\e5822bbdd2f3aa489a787c3fc8a915daf68f84b1\spring-boot-starter-validation-2.5.0.jar;C:\Users\admin\.gradle\caches\modules-2\files-2.1\org.springframework.boot\spring-boot-starter-web\2.5.0\3103486844ed786b6ba420971ad137658a2da803\spring-boot-starter-web-2.5.0.jar;C:\Users\admin\.gradle\caches\modules-2\files-2.1\org.thymeleaf.extras\thymeleaf-extras-springsecurity5\3.0.4.RELEASE\88bb10bf73ce285208dd848e8eb17f897ebb02d4\thymeleaf-extras-springsecurity5-3.0.4.RELEASE.jar;C:\Users\admin\.gradle\caches\modules-2\files-2.1\org.ocpsoft.prettytime\prettytime\5.0.1.Final\8254f5916445e7203fed272a968c59a6721e7c55\prettytime-5.0.1.Final.jar;C:\Users\admin\.gradle\caches\modules-2\files-2.1\com.h2database\h2\1.4.200\f7533fe7cb8e99c87a43d325a77b4b678ad9031a\h2-1.4.200.jar;C:\Users\admin\.gradle\caches\modules-2\files-2.1\org.springframework.boot\spring-boot-starter-aop\2.5.0\7296891fa9032f7ac267da19732
Launcher Type: SUN_STANDARD

[Global flags]
     intx CICompilerCount                          = 3                                         {product} {ergonomic}
     uint ConcGCThreads                            = 1                                         {product} {ergonomic}
     uint G1ConcRefinementThreads                  = 4                                         {product} {ergonomic}
   size_t G1HeapRegionSize                         = 1048576                                   {product} {ergonomic}
    uintx GCDrainStackTargetSize                   = 64                                        {product} {ergonomic}
   size_t InitialHeapSize                          = 130023424                                 {product} {ergonomic}
   size_t MarkStackSize                            = 4194304                                   {product} {ergonomic}
   size_t MaxHeapSize                              = 2061500416                                {product} {ergonomic}
   size_t MaxNewSize                               = 1236271104                                {product} {ergonomic}
   size_t MinHeapDeltaBytes                        = 1048576                                   {product} {ergonomic}
    uintx NonNMethodCodeHeapSize                   = 5830732                                {pd product} {ergonomic}
    uintx NonProfiledCodeHeapSize                  = 122913754                              {pd product} {ergonomic}
    uintx ProfiledCodeHeapSize                     = 122913754                              {pd product} {ergonomic}
    uintx ReservedCodeCacheSize                    = 251658240                              {pd product} {ergonomic}
     bool SegmentedCodeCache                       = true                                      {product} {ergonomic}
     bool UseCompressedClassPointers               = true                                 {lp64_product} {ergonomic}
     bool UseCompressedOops                        = true                                 {lp64_product} {ergonomic}
     bool UseG1GC                                  = true                                      {product} {ergonomic}
     bool UseLargePagesIndividualAllocation        = false                                  {pd product} {ergonomic}

Logging:
Log output configuration:
 #0: stdout all=warning uptime,level,tags
 #1: stderr all=off uptime,level,tags

Environment Variables:
PATH=C:\Python39\Scripts\;C:\Python39\;C:\Program Files (x86)\Common Files\Oracle\Java\javapath;C:\Program Files (x86)\NVIDIA Corporation\PhysX\Common;C:\ProgramData\Oracle\Java\javapath;C:\WINDOWS\system32;C:\WINDOWS;C:\WINDOWS\System32\Wbem;C:\WINDOWS\System32\WindowsPowerShell\v1.0\;C:\Program Files (x86)\Skype\Phone\;C:\Program Files\WIDCOMM\Bluetooth Software\;C:\Program Files\WIDCOMM\Bluetooth Software\syswow64;C:\WINDOWS\System32\OpenSSH\;C:\Program Files\Git\cmd;C:\Program Files\nodejs\;C:\ProgramData\chocolatey\bin;C:\Users\admin\AppData\Local\Microsoft\WindowsApps;C:\Program Files\Intel\WiFi\bin\;C:\Program Files\Common Files\Intel\WirelessCommon\;C:\Users\admin\AppData\Local\GitHubDesktop\bin;C:\Users\admin\AppData\Roaming\npm
USERNAME=admin
OS=Windows_NT
PROCESSOR_IDENTIFIER=Intel64 Family 6 Model 78 Stepping 3, GenuineIntel



---------------  S Y S T E M  ---------------

OS: Windows 10 , 64 bit Build 19041 (10.0.19041.928)
OS uptime: 19 days 8:39 hours

CPU:total 4 (initial active 4) (2 cores per cpu, 2 threads per core) family 6 model 78 stepping 3 microcode 0xe2, cmov, cx8, fxsr, mmx, sse, sse2, sse3, ssse3, sse4.1, sse4.2, popcnt, avx, avx2, aes, clmul, erms, rtm, 3dnowpref, lzcnt, ht, tsc, tscinvbit, bmi1, bmi2, adx, fma

Memory: 4k page, system-wide physical 7862M (1545M free)
TotalPageFile size 11862M (AvailPageFile size 5M)
current process WorkingSet (physical memory assigned to process): 324M, peak: 361M
current process commit charge ("private bytes"): 388M, peak: 425M

vm_info: OpenJDK 64-Bit Server VM (11.0.10+9) for windows-amd64 JRE (11.0.10+9), built on Jan 20 2021 06:07:07 by "" with MS VC++ 15.9 (VS2017)

END.
