#
# There is insufficient memory for the Java Runtime Environment to continue.
# Native memory allocation (malloc) failed to allocate 513776 bytes for Chunk::new
# Possible reasons:
#   The system is out of physical RAM or swap space
#   The process is running with CompressedOops enabled, and the Java Heap may be blocking the growth of the native heap
# Possible solutions:
#   Reduce memory load on the system
#   Increase physical memory or swap space
#   Check if swap backing store is full
#   Decrease Java heap size (-Xmx/-Xms)
#   Decrease number of Java threads
#   Decrease Java thread stack sizes (-Xss)
#   Set larger code cache with -XX:ReservedCodeCacheSize=
#   JVM is running with Unscaled Compressed Oops mode in which the Java heap is
#     placed in the first 4GB address space. The Java Heap base address is the
#     maximum limit for the native heap growth. Please use -XX:HeapBaseMinAddress
#     to set the Java Heap base and to place the Java Heap above 4GB virtual address.
# This output file may be truncated or incomplete.
#
#  Out of Memory Error (./src/hotspot/share/memory/arena.cpp:197), pid=8064, tid=7164
#
# JRE version: OpenJDK Runtime Environment AdoptOpenJDK (11.0.10+9) (build 11.0.10+9)
# Java VM: OpenJDK 64-Bit Server VM AdoptOpenJDK (11.0.10+9, mixed mode, tiered, compressed oops, g1 gc, windows-amd64)
# No core dump will be written. Minidumps are not enabled by default on client versions of Windows
#

---------------  S U M M A R Y ------------

Command Line: -Dfile.encoding=windows-1252 -Duser.country=US -Duser.language=en -Duser.variant com.tts.TechTalentTwitter.TechTalentTwitterApplication

Host: Intel(R) Core(TM) i5-6300U CPU @ 2.40GHz, 4 cores, 7G,  Windows 10 , 64 bit Build 19041 (10.0.19041.928)
Time: Tue Jun  1 16:19:49 2021 Eastern Daylight Time elapsed time: 5.457927 seconds (0d 0h 0m 5s)

---------------  T H R E A D  ---------------

Current thread (0x000001b7a580a800):  JavaThread "C2 CompilerThread1" daemon [_thread_in_native, id=7164, stack(0x0000000f9b600000,0x0000000f9b700000)]


Current CompileTask:
C2:   5458 2942       4       org.springframework.beans.factory.support.AbstractBeanFactory::isTypeMatch (607 bytes)

Stack: [0x0000000f9b600000,0x0000000f9b700000]
Native frames: (J=compiled Java code, j=interpreted, Vv=VM code, C=native code)
V  [jvm.dll+0x5f35ea]
V  [jvm.dll+0x77c65e]
V  [jvm.dll+0x77dd2f]
V  [jvm.dll+0x77e3f3]
V  [jvm.dll+0x246c38]
V  [jvm.dll+0xbe6cc]
V  [jvm.dll+0xbedcc]
V  [jvm.dll+0x34bfd7]
V  [jvm.dll+0x198919]
V  [jvm.dll+0x200632]
V  [jvm.dll+0x1ff70f]
V  [jvm.dll+0x1846bc]
V  [jvm.dll+0x20ec37]
V  [jvm.dll+0x20ce1b]
V  [jvm.dll+0x740b39]
V  [jvm.dll+0x739ba4]
V  [jvm.dll+0x5f2466]
C  [ucrtbase.dll+0x21bb2]
C  [KERNEL32.DLL+0x17034]
C  [ntdll.dll+0x52651]


---------------  P R O C E S S  ---------------

Threads class SMR info:
_java_thread_list=0x000001b7a5c40c60, length=13, elements={
0x000001b7856cd800, 0x000001b7a3bcb800, 0x000001b7a3bd4800, 0x000001b7a3be5800,
0x000001b7a3be7800, 0x000001b7a3be8800, 0x000001b7a3bec800, 0x000001b7a3bf9000,
0x000001b7a45a7800, 0x000001b7a46d9800, 0x000001b7a5608800, 0x000001b7a52f1800,
0x000001b7a580a800
}

Java Threads: ( => current thread )
  0x000001b7856cd800 JavaThread "main" [_thread_blocked, id=9832, stack(0x0000000f9a100000,0x0000000f9a200000)]
  0x000001b7a3bcb800 JavaThread "Reference Handler" daemon [_thread_blocked, id=14588, stack(0x0000000f9a800000,0x0000000f9a900000)]
  0x000001b7a3bd4800 JavaThread "Finalizer" daemon [_thread_blocked, id=1000, stack(0x0000000f9a900000,0x0000000f9aa00000)]
  0x000001b7a3be5800 JavaThread "Signal Dispatcher" daemon [_thread_blocked, id=12228, stack(0x0000000f9aa00000,0x0000000f9ab00000)]
  0x000001b7a3be7800 JavaThread "Attach Listener" daemon [_thread_blocked, id=10308, stack(0x0000000f9ab00000,0x0000000f9ac00000)]
  0x000001b7a3be8800 JavaThread "Service Thread" daemon [_thread_blocked, id=460, stack(0x0000000f9ac00000,0x0000000f9ad00000)]
  0x000001b7a3bec800 JavaThread "C2 CompilerThread0" daemon [_thread_in_native, id=11356, stack(0x0000000f9ad00000,0x0000000f9ae00000)]
  0x000001b7a3bf9000 JavaThread "C1 CompilerThread0" daemon [_thread_blocked, id=13392, stack(0x0000000f9ae00000,0x0000000f9af00000)]
  0x000001b7a45a7800 JavaThread "Sweeper thread" daemon [_thread_blocked, id=12160, stack(0x0000000f9af00000,0x0000000f9b000000)]
  0x000001b7a46d9800 JavaThread "Common-Cleaner" daemon [_thread_blocked, id=9796, stack(0x0000000f9b100000,0x0000000f9b200000)]
  0x000001b7a5608800 JavaThread "Thread-0" [_thread_blocked, id=15476, stack(0x0000000f9b400000,0x0000000f9b500000)]
  0x000001b7a52f1800 JavaThread "restartedMain" [_thread_in_vm, id=14672, stack(0x0000000f9b500000,0x0000000f9b600000)]
=>0x000001b7a580a800 JavaThread "C2 CompilerThread1" daemon [_thread_in_native, id=7164, stack(0x0000000f9b600000,0x0000000f9b700000)]

Other Threads:
  0x000001b7a3ba4800 VMThread "VM Thread" [stack: 0x0000000f9a700000,0x0000000f9a800000] [id=12916]
  0x000001b7a46d5000 WatcherThread [stack: 0x0000000f9b000000,0x0000000f9b100000] [id=9740]
  0x000001b7856e6000 GCTaskThread "GC Thread#0" [stack: 0x0000000f9a200000,0x0000000f9a300000] [id=1996]
  0x000001b7a4db6000 GCTaskThread "GC Thread#1" [stack: 0x0000000f9b300000,0x0000000f9b400000] [id=15944]
  0x000001b7a56de000 GCTaskThread "GC Thread#2" [stack: 0x0000000f9b700000,0x0000000f9b800000] [id=9792]
  0x000001b7a582d000 GCTaskThread "GC Thread#3" [stack: 0x0000000f9b800000,0x0000000f9b900000] [id=4908]
  0x000001b785714800 ConcurrentGCThread "G1 Main Marker" [stack: 0x0000000f9a300000,0x0000000f9a400000] [id=6648]
  0x000001b785717000 ConcurrentGCThread "G1 Conc#0" [stack: 0x0000000f9a400000,0x0000000f9a500000] [id=15756]
  0x000001b785797800 ConcurrentGCThread "G1 Refine#0" [stack: 0x0000000f9a500000,0x0000000f9a600000] [id=16312]
  0x000001b78579a800 ConcurrentGCThread "G1 Young RemSet Sampling" [stack: 0x0000000f9a600000,0x0000000f9a700000] [id=13524]

Threads with active compile tasks:
C2 CompilerThread0   5489 2661   !   4       jdk.internal.loader.BuiltinClassLoader::loadClassOrNull (143 bytes)
C2 CompilerThread1   5489 2942       4       org.springframework.beans.factory.support.AbstractBeanFactory::isTypeMatch (607 bytes)

VM state:not at safepoint (normal execution)

VM Mutex/Monitor currently owned by a thread: None

Heap address: 0x0000000085200000, size: 1966 MB, Compressed Oops mode: 32-bit
Narrow klass base: 0x0000000000000000, Narrow klass shift: 3
Compressed class space size: 1073741824 Address: 0x0000000100000000

Heap:
 garbage-first heap   total 152576K, used 15423K [0x0000000085200000, 0x0000000100000000)
  region size 1024K, 10 young (10240K), 6 survivors (6144K)
 Metaspace       used 30990K, capacity 31785K, committed 31868K, reserved 1077248K
  class space    used 3655K, capacity 3937K, committed 3964K, reserved 1048576K
Heap Regions: E=young(eden), S=young(survivor), O=old, HS=humongous(starts), HC=humongous(continues), CS=collection set, F=free, A=archive, TAMS=top-at-mark-start (previous, next)
|   0|0x0000000085200000, 0x0000000085300000, 0x0000000085300000|100%|HS|  |TAMS 0x0000000085300000, 0x0000000085200000| Complete 
|   1|0x0000000085300000, 0x0000000085400000, 0x0000000085400000|100%| O|  |TAMS 0x0000000085400000, 0x0000000085300000| Untracked 
|   2|0x0000000085400000, 0x0000000085500000, 0x0000000085500000|100%| O|  |TAMS 0x0000000085500000, 0x0000000085400000| Untracked 
|   3|0x0000000085500000, 0x0000000085600000, 0x0000000085600000|100%| O|  |TAMS 0x0000000085600000, 0x0000000085500000| Untracked 
|   4|0x0000000085600000, 0x0000000085700000, 0x0000000085700000|100%| O|  |TAMS 0x0000000085700000, 0x0000000085600000| Untracked 
|   5|0x0000000085700000, 0x0000000085800000, 0x0000000085800000|100%| O|  |TAMS 0x0000000085800000, 0x0000000085700000| Untracked 
|   6|0x0000000085800000, 0x000000008580fe00, 0x0000000085900000|  6%| O|  |TAMS 0x000000008580fe00, 0x0000000085800000| Untracked 
|   7|0x0000000085900000, 0x0000000085900000, 0x0000000085a00000|  0%| F|  |TAMS 0x0000000085900000, 0x0000000085900000| Untracked 
|   8|0x0000000085a00000, 0x0000000085a00000, 0x0000000085b00000|  0%| F|  |TAMS 0x0000000085a00000, 0x0000000085a00000| Untracked 
|   9|0x0000000085b00000, 0x0000000085b00000, 0x0000000085c00000|  0%| F|  |TAMS 0x0000000085b00000, 0x0000000085b00000| Untracked 
|  10|0x0000000085c00000, 0x0000000085c00000, 0x0000000085d00000|  0%| F|  |TAMS 0x0000000085c00000, 0x0000000085c00000| Untracked 
|  11|0x0000000085d00000, 0x0000000085d00000, 0x0000000085e00000|  0%| F|  |TAMS 0x0000000085d00000, 0x0000000085d00000| Untracked 
|  12|0x0000000085e00000, 0x0000000085e00000, 0x0000000085f00000|  0%| F|  |TAMS 0x0000000085e00000, 0x0000000085e00000| Untracked 
|  13|0x0000000085f00000, 0x0000000085f00000, 0x0000000086000000|  0%| F|  |TAMS 0x0000000085f00000, 0x0000000085f00000| Untracked 
|  14|0x0000000086000000, 0x0000000086000000, 0x0000000086100000|  0%| F|  |TAMS 0x0000000086000000, 0x0000000086000000| Untracked 
|  15|0x0000000086100000, 0x0000000086100000, 0x0000000086200000|  0%| F|  |TAMS 0x0000000086100000, 0x0000000086100000| Untracked 
|  16|0x0000000086200000, 0x0000000086200000, 0x0000000086300000|  0%| F|  |TAMS 0x0000000086200000, 0x0000000086200000| Untracked 
|  17|0x0000000086300000, 0x0000000086300000, 0x0000000086400000|  0%| F|  |TAMS 0x0000000086300000, 0x0000000086300000| Untracked 
|  18|0x0000000086400000, 0x0000000086400000, 0x0000000086500000|  0%| F|  |TAMS 0x0000000086400000, 0x0000000086400000| Untracked 
|  19|0x0000000086500000, 0x0000000086500000, 0x0000000086600000|  0%| F|  |TAMS 0x0000000086500000, 0x0000000086500000| Untracked 
|  20|0x0000000086600000, 0x0000000086600000, 0x0000000086700000|  0%| F|  |TAMS 0x0000000086600000, 0x0000000086600000| Untracked 
|  21|0x0000000086700000, 0x0000000086700000, 0x0000000086800000|  0%| F|  |TAMS 0x0000000086700000, 0x0000000086700000| Untracked 
|  22|0x0000000086800000, 0x0000000086800000, 0x0000000086900000|  0%| F|  |TAMS 0x0000000086800000, 0x0000000086800000| Untracked 
|  23|0x0000000086900000, 0x0000000086900000, 0x0000000086a00000|  0%| F|  |TAMS 0x0000000086900000, 0x0000000086900000| Untracked 
|  24|0x0000000086a00000, 0x0000000086a00000, 0x0000000086b00000|  0%| F|  |TAMS 0x0000000086a00000, 0x0000000086a00000| Untracked 
|  25|0x0000000086b00000, 0x0000000086b00000, 0x0000000086c00000|  0%| F|  |TAMS 0x0000000086b00000, 0x0000000086b00000| Untracked 
|  26|0x0000000086c00000, 0x0000000086c00000, 0x0000000086d00000|  0%| F|  |TAMS 0x0000000086c00000, 0x0000000086c00000| Untracked 
|  27|0x0000000086d00000, 0x0000000086d00000, 0x0000000086e00000|  0%| F|  |TAMS 0x0000000086d00000, 0x0000000086d00000| Untracked 
|  28|0x0000000086e00000, 0x0000000086e00000, 0x0000000086f00000|  0%| F|  |TAMS 0x0000000086e00000, 0x0000000086e00000| Untracked 
|  29|0x0000000086f00000, 0x0000000086f00000, 0x0000000087000000|  0%| F|  |TAMS 0x0000000086f00000, 0x0000000086f00000| Untracked 
|  30|0x0000000087000000, 0x0000000087000000, 0x0000000087100000|  0%| F|  |TAMS 0x0000000087000000, 0x0000000087000000| Untracked 
|  31|0x0000000087100000, 0x0000000087100000, 0x0000000087200000|  0%| F|  |TAMS 0x0000000087100000, 0x0000000087100000| Untracked 
|  32|0x0000000087200000, 0x0000000087200000, 0x0000000087300000|  0%| F|  |TAMS 0x0000000087200000, 0x0000000087200000| Untracked 
|  33|0x0000000087300000, 0x0000000087300000, 0x0000000087400000|  0%| F|  |TAMS 0x0000000087300000, 0x0000000087300000| Untracked 
|  34|0x0000000087400000, 0x0000000087400000, 0x0000000087500000|  0%| F|  |TAMS 0x0000000087400000, 0x0000000087400000| Untracked 
|  35|0x0000000087500000, 0x0000000087500000, 0x0000000087600000|  0%| F|  |TAMS 0x0000000087500000, 0x0000000087500000| Untracked 
|  36|0x0000000087600000, 0x0000000087600000, 0x0000000087700000|  0%| F|  |TAMS 0x0000000087600000, 0x0000000087600000| Untracked 
|  37|0x0000000087700000, 0x0000000087700000, 0x0000000087800000|  0%| F|  |TAMS 0x0000000087700000, 0x0000000087700000| Untracked 
|  38|0x0000000087800000, 0x0000000087800000, 0x0000000087900000|  0%| F|  |TAMS 0x0000000087800000, 0x0000000087800000| Untracked 
|  39|0x0000000087900000, 0x0000000087900000, 0x0000000087a00000|  0%| F|  |TAMS 0x0000000087900000, 0x0000000087900000| Untracked 
|  40|0x0000000087a00000, 0x0000000087a00000, 0x0000000087b00000|  0%| F|  |TAMS 0x0000000087a00000, 0x0000000087a00000| Untracked 
|  41|0x0000000087b00000, 0x0000000087b00000, 0x0000000087c00000|  0%| F|  |TAMS 0x0000000087b00000, 0x0000000087b00000| Untracked 
|  42|0x0000000087c00000, 0x0000000087c00000, 0x0000000087d00000|  0%| F|  |TAMS 0x0000000087c00000, 0x0000000087c00000| Untracked 
|  43|0x0000000087d00000, 0x0000000087d00000, 0x0000000087e00000|  0%| F|  |TAMS 0x0000000087d00000, 0x0000000087d00000| Untracked 
|  44|0x0000000087e00000, 0x0000000087e00000, 0x0000000087f00000|  0%| F|  |TAMS 0x0000000087e00000, 0x0000000087e00000| Untracked 
|  45|0x0000000087f00000, 0x0000000087f00000, 0x0000000088000000|  0%| F|  |TAMS 0x0000000087f00000, 0x0000000087f00000| Untracked 
|  46|0x0000000088000000, 0x0000000088000000, 0x0000000088100000|  0%| F|  |TAMS 0x0000000088000000, 0x0000000088000000| Untracked 
|  47|0x0000000088100000, 0x0000000088100000, 0x0000000088200000|  0%| F|  |TAMS 0x0000000088100000, 0x0000000088100000| Untracked 
|  48|0x0000000088200000, 0x0000000088200000, 0x0000000088300000|  0%| F|  |TAMS 0x0000000088200000, 0x0000000088200000| Untracked 
|  49|0x0000000088300000, 0x0000000088300000, 0x0000000088400000|  0%| F|  |TAMS 0x0000000088300000, 0x0000000088300000| Untracked 
|  50|0x0000000088400000, 0x0000000088400000, 0x0000000088500000|  0%| F|  |TAMS 0x0000000088400000, 0x0000000088400000| Untracked 
|  51|0x0000000088500000, 0x0000000088500000, 0x0000000088600000|  0%| F|  |TAMS 0x0000000088500000, 0x0000000088500000| Untracked 
|  52|0x0000000088600000, 0x0000000088600000, 0x0000000088700000|  0%| F|  |TAMS 0x0000000088600000, 0x0000000088600000| Untracked 
|  53|0x0000000088700000, 0x0000000088700000, 0x0000000088800000|  0%| F|  |TAMS 0x0000000088700000, 0x0000000088700000| Untracked 
|  54|0x0000000088800000, 0x0000000088800000, 0x0000000088900000|  0%| F|  |TAMS 0x0000000088800000, 0x0000000088800000| Untracked 
|  55|0x0000000088900000, 0x0000000088900000, 0x0000000088a00000|  0%| F|  |TAMS 0x0000000088900000, 0x0000000088900000| Untracked 
|  56|0x0000000088a00000, 0x0000000088a00000, 0x0000000088b00000|  0%| F|  |TAMS 0x0000000088a00000, 0x0000000088a00000| Untracked 
|  57|0x0000000088b00000, 0x0000000088b00000, 0x0000000088c00000|  0%| F|  |TAMS 0x0000000088b00000, 0x0000000088b00000| Untracked 
|  58|0x0000000088c00000, 0x0000000088c00000, 0x0000000088d00000|  0%| F|  |TAMS 0x0000000088c00000, 0x0000000088c00000| Untracked 
|  59|0x0000000088d00000, 0x0000000088d00000, 0x0000000088e00000|  0%| F|  |TAMS 0x0000000088d00000, 0x0000000088d00000| Untracked 
|  60|0x0000000088e00000, 0x0000000088e00000, 0x0000000088f00000|  0%| F|  |TAMS 0x0000000088e00000, 0x0000000088e00000| Untracked 
|  61|0x0000000088f00000, 0x0000000088f00000, 0x0000000089000000|  0%| F|  |TAMS 0x0000000088f00000, 0x0000000088f00000| Untracked 
|  62|0x0000000089000000, 0x0000000089000000, 0x0000000089100000|  0%| F|  |TAMS 0x0000000089000000, 0x0000000089000000| Untracked 
|  63|0x0000000089100000, 0x0000000089100000, 0x0000000089200000|  0%| F|  |TAMS 0x0000000089100000, 0x0000000089100000| Untracked 
|  64|0x0000000089200000, 0x0000000089200000, 0x0000000089300000|  0%| F|  |TAMS 0x0000000089200000, 0x0000000089200000| Untracked 
|  65|0x0000000089300000, 0x0000000089300000, 0x0000000089400000|  0%| F|  |TAMS 0x0000000089300000, 0x0000000089300000| Untracked 
|  66|0x0000000089400000, 0x0000000089400000, 0x0000000089500000|  0%| F|  |TAMS 0x0000000089400000, 0x0000000089400000| Untracked 
|  67|0x0000000089500000, 0x0000000089500000, 0x0000000089600000|  0%| F|  |TAMS 0x0000000089500000, 0x0000000089500000| Untracked 
|  68|0x0000000089600000, 0x0000000089600000, 0x0000000089700000|  0%| F|  |TAMS 0x0000000089600000, 0x0000000089600000| Untracked 
|  69|0x0000000089700000, 0x0000000089700000, 0x0000000089800000|  0%| F|  |TAMS 0x0000000089700000, 0x0000000089700000| Untracked 
|  70|0x0000000089800000, 0x0000000089800000, 0x0000000089900000|  0%| F|  |TAMS 0x0000000089800000, 0x0000000089800000| Untracked 
|  71|0x0000000089900000, 0x0000000089900000, 0x0000000089a00000|  0%| F|  |TAMS 0x0000000089900000, 0x0000000089900000| Untracked 
|  72|0x0000000089a00000, 0x0000000089a00000, 0x0000000089b00000|  0%| F|  |TAMS 0x0000000089a00000, 0x0000000089a00000| Untracked 
|  73|0x0000000089b00000, 0x0000000089b00000, 0x0000000089c00000|  0%| F|  |TAMS 0x0000000089b00000, 0x0000000089b00000| Untracked 
|  74|0x0000000089c00000, 0x0000000089c00000, 0x0000000089d00000|  0%| F|  |TAMS 0x0000000089c00000, 0x0000000089c00000| Untracked 
|  75|0x0000000089d00000, 0x0000000089e00000, 0x0000000089e00000|100%| S|CS|TAMS 0x0000000089d00000, 0x0000000089d00000| Complete 
|  76|0x0000000089e00000, 0x0000000089f00000, 0x0000000089f00000|100%| S|CS|TAMS 0x0000000089e00000, 0x0000000089e00000| Complete 
|  77|0x0000000089f00000, 0x000000008a000000, 0x000000008a000000|100%| S|CS|TAMS 0x0000000089f00000, 0x0000000089f00000| Complete 
|  78|0x000000008a000000, 0x000000008a100000, 0x000000008a100000|100%| S|CS|TAMS 0x000000008a000000, 0x000000008a000000| Complete 
|  79|0x000000008a100000, 0x000000008a200000, 0x000000008a200000|100%| S|CS|TAMS 0x000000008a100000, 0x000000008a100000| Complete 
|  80|0x000000008a200000, 0x000000008a300000, 0x000000008a300000|100%| S|CS|TAMS 0x000000008a200000, 0x000000008a200000| Complete 
|  81|0x000000008a300000, 0x000000008a300000, 0x000000008a400000|  0%| F|  |TAMS 0x000000008a300000, 0x000000008a300000| Untracked 
|  82|0x000000008a400000, 0x000000008a400000, 0x000000008a500000|  0%| F|  |TAMS 0x000000008a400000, 0x000000008a400000| Untracked 
|  83|0x000000008a500000, 0x000000008a500000, 0x000000008a600000|  0%| F|  |TAMS 0x000000008a500000, 0x000000008a500000| Untracked 
|  84|0x000000008a600000, 0x000000008a600000, 0x000000008a700000|  0%| F|  |TAMS 0x000000008a600000, 0x000000008a600000| Untracked 
|  85|0x000000008a700000, 0x000000008a700000, 0x000000008a800000|  0%| F|  |TAMS 0x000000008a700000, 0x000000008a700000| Untracked 
|  86|0x000000008a800000, 0x000000008a800000, 0x000000008a900000|  0%| F|  |TAMS 0x000000008a800000, 0x000000008a800000| Untracked 
|  87|0x000000008a900000, 0x000000008a900000, 0x000000008aa00000|  0%| F|  |TAMS 0x000000008a900000, 0x000000008a900000| Untracked 
|  88|0x000000008aa00000, 0x000000008aa00000, 0x000000008ab00000|  0%| F|  |TAMS 0x000000008aa00000, 0x000000008aa00000| Untracked 
|  89|0x000000008ab00000, 0x000000008ab00000, 0x000000008ac00000|  0%| F|  |TAMS 0x000000008ab00000, 0x000000008ab00000| Untracked 
|  90|0x000000008ac00000, 0x000000008ac00000, 0x000000008ad00000|  0%| F|  |TAMS 0x000000008ac00000, 0x000000008ac00000| Untracked 
|  91|0x000000008ad00000, 0x000000008ad00000, 0x000000008ae00000|  0%| F|  |TAMS 0x000000008ad00000, 0x000000008ad00000| Untracked 
|  92|0x000000008ae00000, 0x000000008ae00000, 0x000000008af00000|  0%| F|  |TAMS 0x000000008ae00000, 0x000000008ae00000| Untracked 
|  93|0x000000008af00000, 0x000000008af00000, 0x000000008b000000|  0%| F|  |TAMS 0x000000008af00000, 0x000000008af00000| Untracked 
|  94|0x000000008b000000, 0x000000008b000000, 0x000000008b100000|  0%| F|  |TAMS 0x000000008b000000, 0x000000008b000000| Untracked 
|  95|0x000000008b100000, 0x000000008b100000, 0x000000008b200000|  0%| F|  |TAMS 0x000000008b100000, 0x000000008b100000| Untracked 
|  96|0x000000008b200000, 0x000000008b200000, 0x000000008b300000|  0%| F|  |TAMS 0x000000008b200000, 0x000000008b200000| Untracked 
|  97|0x000000008b300000, 0x000000008b300000, 0x000000008b400000|  0%| F|  |TAMS 0x000000008b300000, 0x000000008b300000| Untracked 
|  98|0x000000008b400000, 0x000000008b400000, 0x000000008b500000|  0%| F|  |TAMS 0x000000008b400000, 0x000000008b400000| Untracked 
|  99|0x000000008b500000, 0x000000008b500000, 0x000000008b600000|  0%| F|  |TAMS 0x000000008b500000, 0x000000008b500000| Untracked 
| 100|0x000000008b600000, 0x000000008b600000, 0x000000008b700000|  0%| F|  |TAMS 0x000000008b600000, 0x000000008b600000| Untracked 
| 101|0x000000008b700000, 0x000000008b700000, 0x000000008b800000|  0%| F|  |TAMS 0x000000008b700000, 0x000000008b700000| Untracked 
| 102|0x000000008b800000, 0x000000008b800000, 0x000000008b900000|  0%| F|  |TAMS 0x000000008b800000, 0x000000008b800000| Untracked 
| 103|0x000000008b900000, 0x000000008b900000, 0x000000008ba00000|  0%| F|  |TAMS 0x000000008b900000, 0x000000008b900000| Untracked 
| 104|0x000000008ba00000, 0x000000008ba00000, 0x000000008bb00000|  0%| F|  |TAMS 0x000000008ba00000, 0x000000008ba00000| Untracked 
| 105|0x000000008bb00000, 0x000000008bb00000, 0x000000008bc00000|  0%| F|  |TAMS 0x000000008bb00000, 0x000000008bb00000| Untracked 
| 106|0x000000008bc00000, 0x000000008bc00000, 0x000000008bd00000|  0%| F|  |TAMS 0x000000008bc00000, 0x000000008bc00000| Untracked 
| 107|0x000000008bd00000, 0x000000008bd00000, 0x000000008be00000|  0%| F|  |TAMS 0x000000008bd00000, 0x000000008bd00000| Untracked 
| 108|0x000000008be00000, 0x000000008be00000, 0x000000008bf00000|  0%| F|  |TAMS 0x000000008be00000, 0x000000008be00000| Untracked 
| 109|0x000000008bf00000, 0x000000008bf00000, 0x000000008c000000|  0%| F|  |TAMS 0x000000008bf00000, 0x000000008bf00000| Untracked 
| 110|0x000000008c000000, 0x000000008c000000, 0x000000008c100000|  0%| F|  |TAMS 0x000000008c000000, 0x000000008c000000| Untracked 
| 111|0x000000008c100000, 0x000000008c100000, 0x000000008c200000|  0%| F|  |TAMS 0x000000008c100000, 0x000000008c100000| Untracked 
| 112|0x000000008c200000, 0x000000008c200000, 0x000000008c300000|  0%| F|  |TAMS 0x000000008c200000, 0x000000008c200000| Untracked 
| 113|0x000000008c300000, 0x000000008c300000, 0x000000008c400000|  0%| F|  |TAMS 0x000000008c300000, 0x000000008c300000| Untracked 
| 114|0x000000008c400000, 0x000000008c400000, 0x000000008c500000|  0%| F|  |TAMS 0x000000008c400000, 0x000000008c400000| Untracked 
| 115|0x000000008c500000, 0x000000008c500000, 0x000000008c600000|  0%| F|  |TAMS 0x000000008c500000, 0x000000008c500000| Untracked 
| 116|0x000000008c600000, 0x000000008c600000, 0x000000008c700000|  0%| F|  |TAMS 0x000000008c600000, 0x000000008c600000| Untracked 
| 117|0x000000008c700000, 0x000000008c700000, 0x000000008c800000|  0%| F|  |TAMS 0x000000008c700000, 0x000000008c700000| Untracked 
| 118|0x000000008c800000, 0x000000008c800000, 0x000000008c900000|  0%| F|  |TAMS 0x000000008c800000, 0x000000008c800000| Untracked 
| 119|0x000000008c900000, 0x000000008c900000, 0x000000008ca00000|  0%| F|  |TAMS 0x000000008c900000, 0x000000008c900000| Untracked 
| 120|0x000000008ca00000, 0x000000008ca00000, 0x000000008cb00000|  0%| F|  |TAMS 0x000000008ca00000, 0x000000008ca00000| Untracked 
| 121|0x000000008cb00000, 0x000000008cb00000, 0x000000008cc00000|  0%| F|  |TAMS 0x000000008cb00000, 0x000000008cb00000| Untracked 
| 122|0x000000008cc00000, 0x000000008cc00000, 0x000000008cd00000|  0%| F|  |TAMS 0x000000008cc00000, 0x000000008cc00000| Untracked 
| 123|0x000000008cd00000, 0x000000008cd00000, 0x000000008ce00000|  0%| F|  |TAMS 0x000000008cd00000, 0x000000008cd00000| Untracked 
| 124|0x000000008ce00000, 0x000000008ce00000, 0x000000008cf00000|  0%| F|  |TAMS 0x000000008ce00000, 0x000000008ce00000| Untracked 
| 125|0x000000008cf00000, 0x000000008cf00000, 0x000000008d000000|  0%| F|  |TAMS 0x000000008cf00000, 0x000000008cf00000| Untracked 
| 126|0x000000008d000000, 0x000000008d000000, 0x000000008d100000|  0%| F|  |TAMS 0x000000008d000000, 0x000000008d000000| Untracked 
| 127|0x000000008d100000, 0x000000008d100000, 0x000000008d200000|  0%| F|  |TAMS 0x000000008d100000, 0x000000008d100000| Untracked 
| 128|0x000000008d200000, 0x000000008d200000, 0x000000008d300000|  0%| F|  |TAMS 0x000000008d200000, 0x000000008d200000| Untracked 
| 129|0x000000008d300000, 0x000000008d300000, 0x000000008d400000|  0%| F|  |TAMS 0x000000008d300000, 0x000000008d300000| Untracked 
| 130|0x000000008d400000, 0x000000008d400000, 0x000000008d500000|  0%| F|  |TAMS 0x000000008d400000, 0x000000008d400000| Untracked 
| 131|0x000000008d500000, 0x000000008d500000, 0x000000008d600000|  0%| F|  |TAMS 0x000000008d500000, 0x000000008d500000| Untracked 
| 132|0x000000008d600000, 0x000000008d600000, 0x000000008d700000|  0%| F|  |TAMS 0x000000008d600000, 0x000000008d600000| Untracked 
| 133|0x000000008d700000, 0x000000008d700000, 0x000000008d800000|  0%| F|  |TAMS 0x000000008d700000, 0x000000008d700000| Untracked 
| 134|0x000000008d800000, 0x000000008d800000, 0x000000008d900000|  0%| F|  |TAMS 0x000000008d800000, 0x000000008d800000| Untracked 
| 135|0x000000008d900000, 0x000000008d900000, 0x000000008da00000|  0%| F|  |TAMS 0x000000008d900000, 0x000000008d900000| Untracked 
| 136|0x000000008da00000, 0x000000008da00000, 0x000000008db00000|  0%| F|  |TAMS 0x000000008da00000, 0x000000008da00000| Untracked 
| 137|0x000000008db00000, 0x000000008db00000, 0x000000008dc00000|  0%| F|  |TAMS 0x000000008db00000, 0x000000008db00000| Untracked 
| 138|0x000000008dc00000, 0x000000008dc00000, 0x000000008dd00000|  0%| F|  |TAMS 0x000000008dc00000, 0x000000008dc00000| Untracked 
| 139|0x000000008dd00000, 0x000000008dd00000, 0x000000008de00000|  0%| F|  |TAMS 0x000000008dd00000, 0x000000008dd00000| Untracked 
| 140|0x000000008de00000, 0x000000008de00000, 0x000000008df00000|  0%| F|  |TAMS 0x000000008de00000, 0x000000008de00000| Untracked 
| 141|0x000000008df00000, 0x000000008df00000, 0x000000008e000000|  0%| F|  |TAMS 0x000000008df00000, 0x000000008df00000| Untracked 
| 142|0x000000008e000000, 0x000000008e000000, 0x000000008e100000|  0%| F|  |TAMS 0x000000008e000000, 0x000000008e000000| Untracked 
| 143|0x000000008e100000, 0x000000008e100000, 0x000000008e200000|  0%| F|  |TAMS 0x000000008e100000, 0x000000008e100000| Untracked 
| 144|0x000000008e200000, 0x000000008e200000, 0x000000008e300000|  0%| F|  |TAMS 0x000000008e200000, 0x000000008e200000| Untracked 
| 145|0x000000008e300000, 0x000000008e400000, 0x000000008e400000|100%| E|  |TAMS 0x000000008e300000, 0x000000008e300000| Complete 
| 146|0x000000008e400000, 0x000000008e500000, 0x000000008e500000|100%| E|CS|TAMS 0x000000008e400000, 0x000000008e400000| Complete 
| 147|0x000000008e500000, 0x000000008e600000, 0x000000008e600000|100%| E|CS|TAMS 0x000000008e500000, 0x000000008e500000| Complete 
| 148|0x000000008e600000, 0x000000008e700000, 0x000000008e700000|100%| E|CS|TAMS 0x000000008e600000, 0x000000008e600000| Complete 

Card table byte_map: [0x000001b79d190000,0x000001b79d570000] _byte_map_base: 0x000001b79cd67000

Marking Bits (Prev, Next): (CMBitMap*) 0x000001b78570c1f0, (CMBitMap*) 0x000001b78570c1b8
 Prev Bits: [0x000001b79f810000, 0x000001b7a16c8000)
 Next Bits: [0x000001b79d950000, 0x000001b79f808000)

Polling page: 0x000001b783500000

Metaspace:

Usage:
  Non-class:     27.20 MB capacity,    26.69 MB ( 98%) used,   424.30 KB (  2%) free+waste,    89.19 KB ( <1%) overhead. 
      Class:      3.84 MB capacity,     3.57 MB ( 93%) used,   238.08 KB (  6%) free+waste,    43.06 KB (  1%) overhead. 
       Both:     31.04 MB capacity,    30.26 MB ( 98%) used,   662.38 KB (  2%) free+waste,   132.25 KB ( <1%) overhead. 

Virtual space:
  Non-class space:       28.00 MB reserved,      27.25 MB ( 97%) committed 
      Class space:        1.00 GB reserved,       3.87 MB ( <1%) committed 
             Both:        1.03 GB reserved,      31.12 MB (  3%) committed 

Chunk freelists:
   Non-Class:  56.00 KB
       Class:  0 bytes
        Both:  56.00 KB

MaxMetaspaceSize: 17179869184.00 GB
CompressedClassSpaceSize: 1.00 GB

CodeHeap 'non-profiled nmethods': size=120064Kb used=1362Kb max_used=1362Kb free=118701Kb
 bounds [0x000001b795870000, 0x000001b795ae0000, 0x000001b79cdb0000]
CodeHeap 'profiled nmethods': size=120000Kb used=6204Kb max_used=6204Kb free=113795Kb
 bounds [0x000001b78e340000, 0x000001b78e950000, 0x000001b795870000]
CodeHeap 'non-nmethods': size=5696Kb used=1124Kb max_used=1156Kb free=4571Kb
 bounds [0x000001b78ddb0000, 0x000001b78e020000, 0x000001b78e340000]
 total_blobs=3413 nmethods=2967 adapters=356
 compilation: enabled
              stopped_count=0, restarted_count=0
 full_count=0

Compilation events (20 events):
Event: 5.383 Thread 0x000001b7a3bf9000 nmethod 2959 0x000001b78e936d10 code [0x000001b78e936f60, 0x000001b78e937658]
Event: 5.388 Thread 0x000001b7a3bf9000 2961       1       org.springframework.core.annotation.AnnotationsProcessor::doWithAggregate (2 bytes)
Event: 5.388 Thread 0x000001b7a3bf9000 nmethod 2961 0x000001b7959c4590 code [0x000001b7959c4740, 0x000001b7959c47f8]
Event: 5.410 Thread 0x000001b7a3bf9000 2962   !   3       sun.net.www.protocol.jar.JarFileFactory::get (217 bytes)
Event: 5.413 Thread 0x000001b7a3bf9000 nmethod 2962 0x000001b78e937990 code [0x000001b78e937d80, 0x000001b78e9397d8]
Event: 5.417 Thread 0x000001b7a3bf9000 2963       3       sun.reflect.annotation.AnnotationParser::parseAnnotations2 (135 bytes)
Event: 5.420 Thread 0x000001b7a3bf9000 nmethod 2963 0x000001b78e93a290 code [0x000001b78e93a680, 0x000001b78e93c038]
Event: 5.420 Thread 0x000001b7a3bf9000 2964       3       java.lang.reflect.ProxyGenerator::checkReturnTypes (295 bytes)
Event: 5.423 Thread 0x000001b7a3bf9000 nmethod 2964 0x000001b78e93cb90 code [0x000001b78e93d120, 0x000001b78e93fc18]
Event: 5.423 Thread 0x000001b7a3bf9000 2965       3       java.lang.reflect.ProxyGenerator$FieldInfo::<init> (44 bytes)
Event: 5.424 Thread 0x000001b7a3bf9000 nmethod 2965 0x000001b78e940a90 code [0x000001b78e940cc0, 0x000001b78e941298]
Event: 5.436 Thread 0x000001b7a3bf9000 2967       3       java.lang.reflect.AccessibleObject::slowVerifyAccess (62 bytes)
Event: 5.436 Thread 0x000001b7a3bf9000 nmethod 2967 0x000001b78e941510 code [0x000001b78e941720, 0x000001b78e941e78]
Event: 5.443 Thread 0x000001b7a3bf9000 2968       3       java.util.regex.Pattern$GroupTail::match (111 bytes)
Event: 5.443 Thread 0x000001b7a3bf9000 nmethod 2968 0x000001b78e942010 code [0x000001b78e9421e0, 0x000001b78e942568]
Event: 5.446 Thread 0x000001b7a3bf9000 2969   !   3       java.lang.invoke.MethodHandles$Lookup::revealDirect (209 bytes)
Event: 5.448 Thread 0x000001b7a3bf9000 nmethod 2969 0x000001b78e942790 code [0x000001b78e942b40, 0x000001b78e944218]
Event: 5.448 Thread 0x000001b7a3bf9000 2973       3       java.lang.invoke.InnerClassLambdaMetafactory::spinInnerClass (521 bytes)
Event: 5.453 Thread 0x000001b7a3bf9000 nmethod 2973 0x000001b78e944a10 code [0x000001b78e944f40, 0x000001b78e9474f8]
Event: 5.453 Thread 0x000001b7a3bf9000 2971       3       java.lang.invoke.AbstractValidatingLambdaMetafactory::checkDescriptor (133 bytes)

GC Heap History (14 events):
Event: 0.945 GC heap before
{Heap before GC invocations=0 (full 0):
 garbage-first heap   total 126976K, used 14336K [0x0000000085200000, 0x0000000100000000)
  region size 1024K, 14 young (14336K), 0 survivors (0K)
 Metaspace       used 8764K, capacity 8835K, committed 9088K, reserved 1056768K
  class space    used 773K, capacity 795K, committed 896K, reserved 1048576K
}
Event: 0.955 GC heap after
{Heap after GC invocations=1 (full 0):
 garbage-first heap   total 126976K, used 6235K [0x0000000085200000, 0x0000000100000000)
  region size 1024K, 2 young (2048K), 2 survivors (2048K)
 Metaspace       used 8764K, capacity 8835K, committed 9088K, reserved 1056768K
  class space    used 773K, capacity 795K, committed 896K, reserved 1048576K
}
Event: 1.389 GC heap before
{Heap before GC invocations=1 (full 0):
 garbage-first heap   total 126976K, used 24667K [0x0000000085200000, 0x0000000100000000)
  region size 1024K, 21 young (21504K), 2 survivors (2048K)
 Metaspace       used 11154K, capacity 11341K, committed 11392K, reserved 1058816K
  class space    used 1077K, capacity 1145K, committed 1152K, reserved 1048576K
}
Event: 1.396 GC heap after
{Heap after GC invocations=2 (full 0):
 garbage-first heap   total 126976K, used 6880K [0x0000000085200000, 0x0000000100000000)
  region size 1024K, 1 young (1024K), 1 survivors (1024K)
 Metaspace       used 11154K, capacity 11341K, committed 11392K, reserved 1058816K
  class space    used 1077K, capacity 1145K, committed 1152K, reserved 1048576K
}
Event: 1.454 GC heap before
{Heap before GC invocations=2 (full 0):
 garbage-first heap   total 126976K, used 32480K [0x0000000085200000, 0x0000000100000000)
  region size 1024K, 27 young (27648K), 1 survivors (1024K)
 Metaspace       used 11161K, capacity 11341K, committed 11392K, reserved 1058816K
  class space    used 1077K, capacity 1145K, committed 1152K, reserved 1048576K
}
Event: 1.456 GC heap after
{Heap after GC invocations=3 (full 0):
 garbage-first heap   total 126976K, used 6739K [0x0000000085200000, 0x0000000100000000)
  region size 1024K, 1 young (1024K), 1 survivors (1024K)
 Metaspace       used 11161K, capacity 11341K, committed 11392K, reserved 1058816K
  class space    used 1077K, capacity 1145K, committed 1152K, reserved 1048576K
}
Event: 2.788 GC heap before
{Heap before GC invocations=3 (full 0):
 garbage-first heap   total 126976K, used 50771K [0x0000000085200000, 0x0000000100000000)
  region size 1024K, 44 young (45056K), 1 survivors (1024K)
 Metaspace       used 19618K, capacity 20103K, committed 20352K, reserved 1067008K
  class space    used 2178K, capacity 2375K, committed 2432K, reserved 1048576K
}
Event: 2.804 GC heap after
{Heap after GC invocations=4 (full 0):
 garbage-first heap   total 126976K, used 8788K [0x0000000085200000, 0x0000000100000000)
  region size 1024K, 3 young (3072K), 3 survivors (3072K)
 Metaspace       used 19618K, capacity 20103K, committed 20352K, reserved 1067008K
  class space    used 2178K, capacity 2375K, committed 2432K, reserved 1048576K
}
Event: 3.008 GC heap before
{Heap before GC invocations=4 (full 0):
 garbage-first heap   total 126976K, used 16980K [0x0000000085200000, 0x0000000100000000)
  region size 1024K, 12 young (12288K), 3 survivors (3072K)
 Metaspace       used 20769K, capacity 21222K, committed 21248K, reserved 1069056K
  class space    used 2353K, capacity 2557K, committed 2560K, reserved 1048576K
}
Event: 3.014 GC heap after
{Heap after GC invocations=5 (full 0):
 garbage-first heap   total 126976K, used 9145K [0x0000000085200000, 0x0000000100000000)
  region size 1024K, 3 young (3072K), 3 survivors (3072K)
 Metaspace       used 20769K, capacity 21222K, committed 21248K, reserved 1069056K
  class space    used 2353K, capacity 2557K, committed 2560K, reserved 1048576K
}
Event: 3.733 GC heap before
{Heap before GC invocations=6 (full 0):
 garbage-first heap   total 126976K, used 64441K [0x0000000085200000, 0x0000000100000000)
  region size 1024K, 58 young (59392K), 3 survivors (3072K)
 Metaspace       used 24640K, capacity 25239K, committed 25468K, reserved 1071104K
  class space    used 2885K, capacity 3129K, committed 3196K, reserved 1048576K
}
Event: 3.741 GC heap after
{Heap after GC invocations=7 (full 0):
 garbage-first heap   total 152576K, used 10558K [0x0000000085200000, 0x0000000100000000)
  region size 1024K, 5 young (5120K), 5 survivors (5120K)
 Metaspace       used 24640K, capacity 25239K, committed 25468K, reserved 1071104K
  class space    used 2885K, capacity 3129K, committed 3196K, reserved 1048576K
}
Event: 5.306 GC heap before
{Heap before GC invocations=7 (full 0):
 garbage-first heap   total 152576K, used 79166K [0x0000000085200000, 0x0000000100000000)
  region size 1024K, 73 young (74752K), 5 survivors (5120K)
 Metaspace       used 30543K, capacity 31265K, committed 31356K, reserved 1077248K
  class space    used 3598K, capacity 3891K, committed 3964K, reserved 1048576K
}
Event: 5.314 GC heap after
{Heap after GC invocations=8 (full 0):
 garbage-first heap   total 152576K, used 12351K [0x0000000085200000, 0x0000000100000000)
  region size 1024K, 6 young (6144K), 6 survivors (6144K)
 Metaspace       used 30543K, capacity 31265K, committed 31356K, reserved 1077248K
  class space    used 3598K, capacity 3891K, committed 3964K, reserved 1048576K
}

Deoptimization events (20 events):
Event: 4.876 Thread 0x000001b7a52f1800 Uncommon trap: trap_request=0xffffffde fr.pc=0x000001b79589d4e0 relative=0x00000000000001c0
Event: 4.876 Thread 0x000001b7a52f1800 Uncommon trap: reason=class_check action=maybe_recompile pc=0x000001b79589d4e0 method=java.lang.String.equals(Ljava/lang/Object;)Z @ 8 c2
Event: 4.876 Thread 0x000001b7a52f1800 DEOPT PACKING pc=0x000001b79589d4e0 sp=0x0000000f9b5fdcd0
Event: 4.876 Thread 0x000001b7a52f1800 DEOPT UNPACKING pc=0x000001b78ddd78af sp=0x0000000f9b5fdc68 mode 2
Event: 4.877 Thread 0x000001b7a52f1800 Uncommon trap: trap_request=0xffffffde fr.pc=0x000001b7959a0f4c relative=0x000000000000020c
Event: 4.877 Thread 0x000001b7a52f1800 Uncommon trap: reason=class_check action=maybe_recompile pc=0x000001b7959a0f4c method=java.lang.String.equals(Ljava/lang/Object;)Z @ 8 c2
Event: 4.877 Thread 0x000001b7a52f1800 DEOPT PACKING pc=0x000001b7959a0f4c sp=0x0000000f9b5fd9b0
Event: 4.877 Thread 0x000001b7a52f1800 DEOPT UNPACKING pc=0x000001b78ddd78af sp=0x0000000f9b5fd8d8 mode 2
Event: 4.877 Thread 0x000001b7a52f1800 Uncommon trap: trap_request=0xffffffde fr.pc=0x000001b79589d4e0 relative=0x00000000000001c0
Event: 4.877 Thread 0x000001b7a52f1800 Uncommon trap: reason=class_check action=maybe_recompile pc=0x000001b79589d4e0 method=java.lang.String.equals(Ljava/lang/Object;)Z @ 8 c2
Event: 4.877 Thread 0x000001b7a52f1800 DEOPT PACKING pc=0x000001b79589d4e0 sp=0x0000000f9b5fd920
Event: 4.877 Thread 0x000001b7a52f1800 DEOPT UNPACKING pc=0x000001b78ddd78af sp=0x0000000f9b5fd8c8 mode 2
Event: 5.124 Thread 0x000001b7a52f1800 Uncommon trap: trap_request=0xffffff4d fr.pc=0x000001b79599669c relative=0x00000000000000fc
Event: 5.124 Thread 0x000001b7a52f1800 Uncommon trap: reason=unstable_if action=reinterpret pc=0x000001b79599669c method=java.util.Arrays.equals([Ljava/lang/Object;[Ljava/lang/Object;)Z @ 44 c2
Event: 5.124 Thread 0x000001b7a52f1800 DEOPT PACKING pc=0x000001b79599669c sp=0x0000000f9b5fd2f0
Event: 5.124 Thread 0x000001b7a52f1800 DEOPT UNPACKING pc=0x000001b78ddd78af sp=0x0000000f9b5fd290 mode 2
Event: 5.317 Thread 0x000001b7a52f1800 Uncommon trap: trap_request=0xffffff7e fr.pc=0x000001b7959c2c58 relative=0x0000000000000398
Event: 5.317 Thread 0x000001b7a52f1800 Uncommon trap: reason=predicate action=maybe_recompile pc=0x000001b7959c2c58 method=java.util.AbstractCollection.toArray([Ljava/lang/Object;)[Ljava/lang/Object; @ 43 c2
Event: 5.317 Thread 0x000001b7a52f1800 DEOPT PACKING pc=0x000001b7959c2c58 sp=0x0000000f9b5fd740
Event: 5.317 Thread 0x000001b7a52f1800 DEOPT UNPACKING pc=0x000001b78ddd78af sp=0x0000000f9b5fd6e8 mode 2

Classes redefined (0 events):
No events

Internal exceptions (20 events):
Event: 3.122 Thread 0x000001b7a52f1800 Exception <a 'java/lang/ClassNotFoundException'{0x000000008c919670}: org/springframework/context/ResourceLoaderAwareCustomizer> (0x000000008c919670) thrown at [./src/hotspot/share/classfile/systemDictionary.cpp, line 231]
Event: 3.146 Thread 0x000001b7a52f1800 Exception <a 'java/lang/ClassNotFoundException'{0x000000008c92b318}: org/springframework/beans/factory/AwareCustomizer> (0x000000008c92b318) thrown at [./src/hotspot/share/classfile/systemDictionary.cpp, line 231]
Event: 3.147 Thread 0x000001b7a52f1800 Exception <a 'java/lang/ClassNotFoundException'{0x000000008c93db60}: org/springframework/context/ApplicationStartupAwareCustomizer> (0x000000008c93db60) thrown at [./src/hotspot/share/classfile/systemDictionary.cpp, line 231]
Event: 3.148 Thread 0x000001b7a52f1800 Exception <a 'java/lang/ClassNotFoundException'{0x000000008c94fa80}: org/springframework/beans/factory/AwareCustomizer> (0x000000008c94fa80) thrown at [./src/hotspot/share/classfile/systemDictionary.cpp, line 231]
Event: 3.149 Thread 0x000001b7a52f1800 Exception <a 'java/lang/ClassNotFoundException'{0x000000008c9626d0}: org/springframework/beans/factory/BeanClassLoaderAwareCustomizer> (0x000000008c9626d0) thrown at [./src/hotspot/share/classfile/systemDictionary.cpp, line 231]
Event: 3.150 Thread 0x000001b7a52f1800 Exception <a 'java/lang/ClassNotFoundException'{0x000000008c974390}: org/springframework/beans/factory/AwareCustomizer> (0x000000008c974390) thrown at [./src/hotspot/share/classfile/systemDictionary.cpp, line 231]
Event: 3.152 Thread 0x000001b7a52f1800 Exception <a 'java/lang/ClassNotFoundException'{0x000000008c9e96a8}: org/springframework/context/EnvironmentAwareCustomizer> (0x000000008c9e96a8) thrown at [./src/hotspot/share/classfile/systemDictionary.cpp, line 231]
Event: 3.153 Thread 0x000001b7a52f1800 Exception <a 'java/lang/ClassNotFoundException'{0x000000008c9fb2e0}: org/springframework/beans/factory/AwareCustomizer> (0x000000008c9fb2e0) thrown at [./src/hotspot/share/classfile/systemDictionary.cpp, line 231]
Event: 3.556 Thread 0x000001b7a5553000 Exception <a 'java/lang/NoSuchMethodError'{0x000000008b6e2d70}: 'java.lang.Object java.lang.invoke.DirectMethodHandle$Holder.invokeStaticInit(java.lang.Object, java.lang.Object, java.lang.Object, java.lang.Object, java.lang.Object)'> (0x000000008b6e2d70) thrown at [./src/hotspot/share/interpreter/linkResolver.cpp, line 773]
Event: 3.584 Thread 0x000001b7a5553000 Exception <a 'java/lang/NoSuchMethodError'{0x000000008b4872a8}: 'java.lang.Object java.lang.invoke.DirectMethodHandle$Holder.invokeSpecial(java.lang.Object, java.lang.Object, int, int, java.lang.Object, java.lang.Object, java.lang.Object)'> (0x000000008b4872a8) thrown at [./src/hotspot/share/interpreter/linkResolver.cpp, line 773]
Event: 3.585 Thread 0x000001b7a5553000 Exception <a 'java/lang/NoSuchMethodError'{0x000000008b48a838}: 'java.lang.Object java.lang.invoke.DelegatingMethodHandle$Holder.reinvoke_L(java.lang.Object, int, int, java.lang.Object, java.lang.Object, java.lang.Object)'> (0x000000008b48a838) thrown at [./src/hotspot/share/interpreter/linkResolver.cpp, line 773]
Event: 3.585 Thread 0x000001b7a5553000 Exception <a 'java/lang/NoSuchMethodError'{0x000000008b48e618}: 'java.lang.Object java.lang.invoke.DirectMethodHandle$Holder.invokeStatic(java.lang.Object, java.lang.Object, java.lang.Object, java.lang.Object, int)'> (0x000000008b48e618) thrown at [./src/hotspot/share/interpreter/linkResolver.cpp, line 773]
Event: 3.925 Thread 0x000001b7a52f1800 Exception <a 'java/lang/IncompatibleClassChangeError'{0x000000008d37a578}: Found class java.lang.Object, but interface was expected> (0x000000008d37a578) thrown at [./src/hotspot/share/interpreter/linkResolver.cpp, line 839]
Event: 4.034 Thread 0x000001b7a52f1800 Exception <a 'java/lang/NoSuchMethodError'{0x000000008cf33110}: 'void java.lang.invoke.DirectMethodHandle$Holder.invokeInterface(java.lang.Object, java.lang.Object, java.lang.Object, java.lang.Object)'> (0x000000008cf33110) thrown at [./src/hotspot/share/interpreter/linkResolver.cpp, line 773]
Event: 4.398 Thread 0x000001b7a5553000 Exception <a 'java/lang/NoSuchMethodError'{0x000000008bedd590}: 'long java.lang.invoke.DirectMethodHandle$Holder.invokeSpecial(java.lang.Object, java.lang.Object)'> (0x000000008bedd590) thrown at [./src/hotspot/share/interpreter/linkResolver.cpp, line 773]
Event: 4.403 Thread 0x000001b7a5553000 Exception <a 'java/lang/NoSuchMethodError'{0x000000008bee7948}: 'long java.lang.invoke.DirectMethodHandle$Holder.invokeStatic(java.lang.Object, java.lang.Object)'> (0x000000008bee7948) thrown at [./src/hotspot/share/interpreter/linkResolver.cpp, line 773]
Event: 4.403 Thread 0x000001b7a5553000 Exception <a 'java/lang/NoSuchMethodError'{0x000000008beea770}: 'long java.lang.invoke.DirectMethodHandle$Holder.invokeStaticInit(java.lang.Object, java.lang.Object)'> (0x000000008beea770) thrown at [./src/hotspot/share/interpreter/linkResolver.cpp, line 773]
Event: 4.405 Thread 0x000001b7a5553000 Exception <a 'java/lang/NoSuchMethodError'{0x000000008bd825c8}: 'long java.lang.invoke.DirectMethodHandle$Holder.invokeInterface(java.lang.Object, java.lang.Object)'> (0x000000008bd825c8) thrown at [./src/hotspot/share/interpreter/linkResolver.cpp, line 773]
Event: 4.406 Thread 0x000001b7a5553000 Exception <a 'java/lang/IncompatibleClassChangeError'{0x000000008bd85360}: Found class java.lang.Object, but interface was expected> (0x000000008bd85360) thrown at [./src/hotspot/share/interpreter/linkResolver.cpp, line 839]
Event: 4.449 Thread 0x000001b7a5553000 Exception <a 'java/lang/NoSuchMethodError'{0x000000008bb8d3e8}: 'java.lang.Object java.lang.invoke.DirectMethodHandle$Holder.invokeVirtual(java.lang.Object, java.lang.Object, java.lang.Object, java.lang.Object)'> (0x000000008bb8d3e8) thrown at [./src/hotspot/share/interpreter/linkResolver.cpp, line 773]

Events (20 events):
Event: 5.446 loading class org/springframework/beans/factory/support/AbstractBeanDefinition
Event: 5.446 loading class org/springframework/beans/factory/support/AbstractBeanDefinition done
Event: 5.446 loading class org/springframework/data/jpa/repository/support/DefaultJpaContext
Event: 5.446 loading class org/springframework/data/jpa/repository/support/DefaultJpaContext done
Event: 5.447 loading class org/springframework/data/jpa/repository/JpaContext
Event: 5.447 loading class org/springframework/data/jpa/repository/JpaContext done
Event: 5.447 loading class org/springframework/beans/factory/support/AbstractBeanDefinition
Event: 5.447 loading class org/springframework/beans/factory/support/AbstractBeanDefinition done
Event: 5.448 loading class org/springframework/data/repository/config/RepositoryConfigurationSource
Event: 5.448 loading class org/springframework/data/repository/config/RepositoryConfigurationSource done
Event: 5.448 loading class org/springframework/data/repository/config/RepositoryConfigurationSource
Event: 5.448 loading class org/springframework/data/repository/config/RepositoryConfigurationSource done
Event: 5.448 loading class org/springframework/data/jpa/repository/support/JpaEvaluationContextExtension
Event: 5.448 loading class org/springframework/data/jpa/repository/support/JpaEvaluationContextExtension done
Event: 5.449 loading class org/springframework/data/spel/spi/EvaluationContextExtension
Event: 5.449 loading class org/springframework/data/spel/spi/EvaluationContextExtension done
Event: 5.449 loading class org/springframework/data/spel/spi/ExtensionIdAware
Event: 5.449 loading class org/springframework/data/spel/spi/ExtensionIdAware done
Event: 5.454 loading class org/springframework/beans/factory/config/ConstructorArgumentValues
Event: 5.454 loading class org/springframework/beans/factory/config/ConstructorArgumentValues done


Dynamic libraries:
0x00007ff6899e0000 - 0x00007ff6899ed000 	C:\Users\admin\.jdks\adopt-openjdk-11.0.10\bin\java.exe
0x00007fff9fa50000 - 0x00007fff9fc45000 	C:\WINDOWS\SYSTEM32\ntdll.dll
0x00007fff9f000000 - 0x00007fff9f0bd000 	C:\WINDOWS\System32\KERNEL32.DLL
0x00007fff9d2e0000 - 0x00007fff9d5a8000 	C:\WINDOWS\System32\KERNELBASE.dll
0x00007fff9d190000 - 0x00007fff9d290000 	C:\WINDOWS\System32\ucrtbase.dll
0x00007fff85fc0000 - 0x00007fff85fd5000 	C:\Users\admin\.jdks\adopt-openjdk-11.0.10\bin\VCRUNTIME140.dll
0x00007fff8e310000 - 0x00007fff8e327000 	C:\Users\admin\.jdks\adopt-openjdk-11.0.10\bin\jli.dll
0x00007fff9ded0000 - 0x00007fff9e070000 	C:\WINDOWS\System32\USER32.dll
0x00007fff9d930000 - 0x00007fff9d952000 	C:\WINDOWS\System32\win32u.dll
0x00007fff9e810000 - 0x00007fff9e83a000 	C:\WINDOWS\System32\GDI32.dll
0x00007fff9d820000 - 0x00007fff9d92b000 	C:\WINDOWS\System32\gdi32full.dll
0x00007fff952a0000 - 0x00007fff9553a000 	C:\WINDOWS\WinSxS\amd64_microsoft.windows.common-controls_6595b64144ccf1df_6.0.19041.844_none_ca00b6081b84eb1d\COMCTL32.dll
0x00007fff9da10000 - 0x00007fff9daad000 	C:\WINDOWS\System32\msvcp_win.dll
0x00007fff9f7e0000 - 0x00007fff9f87e000 	C:\WINDOWS\System32\msvcrt.dll
0x00007fff9e070000 - 0x00007fff9e0a0000 	C:\WINDOWS\System32\IMM32.DLL
0x00007fff80cd0000 - 0x00007fff80d6b000 	C:\Users\admin\.jdks\adopt-openjdk-11.0.10\bin\msvcp140.dll
0x00007fff622e0000 - 0x00007fff62e23000 	C:\Users\admin\.jdks\adopt-openjdk-11.0.10\bin\server\jvm.dll
0x00007fff9f0c0000 - 0x00007fff9f16c000 	C:\WINDOWS\System32\ADVAPI32.dll
0x00007fff9f170000 - 0x00007fff9f20b000 	C:\WINDOWS\System32\sechost.dll
0x00007fff9f8e0000 - 0x00007fff9fa0b000 	C:\WINDOWS\System32\RPCRT4.dll
0x00007fff9e0a0000 - 0x00007fff9e0a8000 	C:\WINDOWS\System32\PSAPI.DLL
0x00007fff92300000 - 0x00007fff92309000 	C:\WINDOWS\SYSTEM32\WSOCK32.dll
0x00007fff98260000 - 0x00007fff9826a000 	C:\WINDOWS\SYSTEM32\VERSION.dll
0x00007fff976d0000 - 0x00007fff976f7000 	C:\WINDOWS\SYSTEM32\WINMM.dll
0x00007fff9f330000 - 0x00007fff9f39b000 	C:\WINDOWS\System32\WS2_32.dll
0x00007fff9b0e0000 - 0x00007fff9b0f2000 	C:\WINDOWS\SYSTEM32\kernel.appcore.dll
0x00007fff939a0000 - 0x00007fff939b0000 	C:\Users\admin\.jdks\adopt-openjdk-11.0.10\bin\verify.dll
0x00007fff984d0000 - 0x00007fff986b4000 	C:\WINDOWS\SYSTEM32\DBGHELP.DLL
0x00007fff98430000 - 0x00007fff9845c000 	C:\WINDOWS\SYSTEM32\dbgcore.DLL
0x00007fff9d7a0000 - 0x00007fff9d820000 	C:\WINDOWS\System32\bcryptPrimitives.dll
0x00007fff85f90000 - 0x00007fff85fb8000 	C:\Users\admin\.jdks\adopt-openjdk-11.0.10\bin\java.dll
0x00007fff93580000 - 0x00007fff9358a000 	C:\Users\admin\.jdks\adopt-openjdk-11.0.10\bin\jimage.dll
0x00007fff849c0000 - 0x00007fff849d7000 	C:\Users\admin\.jdks\adopt-openjdk-11.0.10\bin\zip.dll
0x00007fff9e0c0000 - 0x00007fff9e802000 	C:\WINDOWS\System32\SHELL32.dll
0x00007fff9b2e0000 - 0x00007fff9ba70000 	C:\WINDOWS\SYSTEM32\windows.storage.dll
0x00007fff9dab0000 - 0x00007fff9de05000 	C:\WINDOWS\System32\combase.dll
0x00007fff9cb30000 - 0x00007fff9cb5c000 	C:\WINDOWS\SYSTEM32\Wldp.dll
0x00007fff9f3a0000 - 0x00007fff9f44e000 	C:\WINDOWS\System32\SHCORE.dll
0x00007fff9f880000 - 0x00007fff9f8d5000 	C:\WINDOWS\System32\shlwapi.dll
0x00007fff9d0d0000 - 0x00007fff9d0ef000 	C:\WINDOWS\SYSTEM32\profapi.dll
0x00007fff84080000 - 0x00007fff84099000 	C:\Users\admin\.jdks\adopt-openjdk-11.0.10\bin\net.dll
0x00007fff95c40000 - 0x00007fff95d4b000 	C:\WINDOWS\SYSTEM32\WINHTTP.dll
0x00007fff9c8a0000 - 0x00007fff9c90a000 	C:\WINDOWS\system32\mswsock.dll
0x00007fff82300000 - 0x00007fff82312000 	C:\Users\admin\.jdks\adopt-openjdk-11.0.10\bin\nio.dll
0x00007fff8f050000 - 0x00007fff8f059000 	C:\Users\admin\.jdks\adopt-openjdk-11.0.10\bin\management.dll
0x00007fff8e390000 - 0x00007fff8e39b000 	C:\Users\admin\.jdks\adopt-openjdk-11.0.10\bin\management_ext.dll
0x00007fff97860000 - 0x00007fff97877000 	C:\WINDOWS\system32\napinsp.dll
0x00007fff978b0000 - 0x00007fff978cb000 	C:\WINDOWS\system32\pnrpnsp.dll
0x00007fff83b80000 - 0x00007fff83b95000 	C:\WINDOWS\system32\wshbth.dll
0x00007fff98770000 - 0x00007fff9878d000 	C:\WINDOWS\system32\NLAapi.dll
0x00007fff9c590000 - 0x00007fff9c5cb000 	C:\WINDOWS\SYSTEM32\IPHLPAPI.DLL
0x00007fff9c5d0000 - 0x00007fff9c69c000 	C:\WINDOWS\SYSTEM32\DNSAPI.dll
0x00007fff9e0b0000 - 0x00007fff9e0b8000 	C:\WINDOWS\System32\NSI.dll
0x00007fff978d0000 - 0x00007fff978e2000 	C:\WINDOWS\System32\winrnr.dll
0x00007fff94b70000 - 0x00007fff94b7a000 	C:\Windows\System32\rasadhlp.dll
0x00007fff959e0000 - 0x00007fff95a5f000 	C:\WINDOWS\System32\fwpuclnt.dll
0x00007fff9d5b0000 - 0x00007fff9d5d7000 	C:\WINDOWS\System32\bcrypt.dll

dbghelp: loaded successfully - version: 4.0.5 - missing functions: none
symbol engine: initialized successfully - sym options: 0x614 - pdb path: .;C:\Users\admin\.jdks\adopt-openjdk-11.0.10\bin;C:\WINDOWS\SYSTEM32;C:\WINDOWS\WinSxS\amd64_microsoft.windows.common-controls_6595b64144ccf1df_6.0.19041.844_none_ca00b6081b84eb1d;C:\Users\admin\.jdks\adopt-openjdk-11.0.10\bin\server

VM Arguments:
jvm_args: -Dfile.encoding=windows-1252 -Duser.country=US -Duser.language=en -Duser.variant 
java_command: com.tts.TechTalentTwitter.TechTalentTwitterApplication
java_class_path (initial): C:\Users\admin\Documents\Win-main\Week-16\Day-1\TechTalentTwitter\TechTalentTwitter\build\classes\java\main;C:\Users\admin\Documents\Win-main\Week-16\Day-1\TechTalentTwitter\TechTalentTwitter\build\resources\main;C:\Users\admin\.gradle\caches\modules-2\files-2.1\org.springframework.boot\spring-boot-devtools\2.5.0\67e862e73bda7484915722aeff07adc3602e09c6\spring-boot-devtools-2.5.0.jar;C:\Users\admin\.gradle\caches\modules-2\files-2.1\org.springframework.boot\spring-boot-starter-data-jpa\2.5.0\84f42b4c2b85d59070d1b67c7e5b35a1f62c3e82\spring-boot-starter-data-jpa-2.5.0.jar;C:\Users\admin\.gradle\caches\modules-2\files-2.1\org.springframework.boot\spring-boot-starter-security\2.5.0\96bcecfaf37ad892d764b2909b994a34b7b2d83e\spring-boot-starter-security-2.5.0.jar;C:\Users\admin\.gradle\caches\modules-2\files-2.1\org.springframework.boot\spring-boot-starter-thymeleaf\2.5.0\ccadc87ba8e5e522104799ec02fda0958b644b4d\spring-boot-starter-thymeleaf-2.5.0.jar;C:\Users\admin\.gradle\caches\modules-2\files-2.1\org.springframework.boot\spring-boot-starter-validation\2.5.0\e5822bbdd2f3aa489a787c3fc8a915daf68f84b1\spring-boot-starter-validation-2.5.0.jar;C:\Users\admin\.gradle\caches\modules-2\files-2.1\org.springframework.boot\spring-boot-starter-web\2.5.0\3103486844ed786b6ba420971ad137658a2da803\spring-boot-starter-web-2.5.0.jar;C:\Users\admin\.gradle\caches\modules-2\files-2.1\org.thymeleaf.extras\thymeleaf-extras-springsecurity5\3.0.4.RELEASE\88bb10bf73ce285208dd848e8eb17f897ebb02d4\thymeleaf-extras-springsecurity5-3.0.4.RELEASE.jar;C:\Users\admin\.gradle\caches\modules-2\files-2.1\org.ocpsoft.prettytime\prettytime\5.0.1.Final\8254f5916445e7203fed272a968c59a6721e7c55\prettytime-5.0.1.Final.jar;C:\Users\admin\.gradle\caches\modules-2\files-2.1\com.h2database\h2\1.4.200\f7533fe7cb8e99c87a43d325a77b4b678ad9031a\h2-1.4.200.jar;C:\Users\admin\.gradle\caches\modules-2\files-2.1\org.springframework.boot\spring-boot-starter-aop\2.5.0\7296891fa9032f7ac267da19732
Launcher Type: SUN_STANDARD

[Global flags]
     intx CICompilerCount                          = 3                                         {product} {ergonomic}
     uint ConcGCThreads                            = 1                                         {product} {ergonomic}
     uint G1ConcRefinementThreads                  = 4                                         {product} {ergonomic}
   size_t G1HeapRegionSize                         = 1048576                                   {product} {ergonomic}
    uintx GCDrainStackTargetSize                   = 64                                        {product} {ergonomic}
   size_t InitialHeapSize                          = 130023424                                 {product} {ergonomic}
   size_t MarkStackSize                            = 4194304                                   {product} {ergonomic}
   size_t MaxHeapSize                              = 2061500416                                {product} {ergonomic}
   size_t MaxNewSize                               = 1236271104                                {product} {ergonomic}
   size_t MinHeapDeltaBytes                        = 1048576                                   {product} {ergonomic}
    uintx NonNMethodCodeHeapSize                   = 5830732                                {pd product} {ergonomic}
    uintx NonProfiledCodeHeapSize                  = 122913754                              {pd product} {ergonomic}
    uintx ProfiledCodeHeapSize                     = 122913754                              {pd product} {ergonomic}
    uintx ReservedCodeCacheSize                    = 251658240                              {pd product} {ergonomic}
     bool SegmentedCodeCache                       = true                                      {product} {ergonomic}
     bool UseCompressedClassPointers               = true                                 {lp64_product} {ergonomic}
     bool UseCompressedOops                        = true                                 {lp64_product} {ergonomic}
     bool UseG1GC                                  = true                                      {product} {ergonomic}
     bool UseLargePagesIndividualAllocation        = false                                  {pd product} {ergonomic}

Logging:
Log output configuration:
 #0: stdout all=warning uptime,level,tags
 #1: stderr all=off uptime,level,tags

Environment Variables:
PATH=C:\Python39\Scripts\;C:\Python39\;C:\Program Files (x86)\Common Files\Oracle\Java\javapath;C:\Program Files (x86)\NVIDIA Corporation\PhysX\Common;C:\ProgramData\Oracle\Java\javapath;C:\WINDOWS\system32;C:\WINDOWS;C:\WINDOWS\System32\Wbem;C:\WINDOWS\System32\WindowsPowerShell\v1.0\;C:\Program Files (x86)\Skype\Phone\;C:\Program Files\WIDCOMM\Bluetooth Software\;C:\Program Files\WIDCOMM\Bluetooth Software\syswow64;C:\WINDOWS\System32\OpenSSH\;C:\Program Files\Git\cmd;C:\Program Files\nodejs\;C:\ProgramData\chocolatey\bin;C:\Users\admin\AppData\Local\Microsoft\WindowsApps;C:\Program Files\Intel\WiFi\bin\;C:\Program Files\Common Files\Intel\WirelessCommon\;C:\Users\admin\AppData\Local\GitHubDesktop\bin;C:\Users\admin\AppData\Roaming\npm
USERNAME=admin
OS=Windows_NT
PROCESSOR_IDENTIFIER=Intel64 Family 6 Model 78 Stepping 3, GenuineIntel



---------------  S Y S T E M  ---------------

OS: Windows 10 , 64 bit Build 19041 (10.0.19041.928)
OS uptime: 19 days 8:44 hours

CPU:total 4 (initial active 4) (2 cores per cpu, 2 threads per core) family 6 model 78 stepping 3 microcode 0xe2, cmov, cx8, fxsr, mmx, sse, sse2, sse3, ssse3, sse4.1, sse4.2, popcnt, avx, avx2, aes, clmul, erms, rtm, 3dnowpref, lzcnt, ht, tsc, tscinvbit, bmi1, bmi2, adx, fma

Memory: 4k page, system-wide physical 7862M (1536M free)
TotalPageFile size 11862M (AvailPageFile size 6M)
current process WorkingSet (physical memory assigned to process): 206M, peak: 209M
current process commit charge ("private bytes"): 296M, peak: 299M

vm_info: OpenJDK 64-Bit Server VM (11.0.10+9) for windows-amd64 JRE (11.0.10+9), built on Jan 20 2021 06:07:07 by "" with MS VC++ 15.9 (VS2017)

END.
