#
# There is insufficient memory for the Java Runtime Environment to continue.
# Native memory allocation (malloc) failed to allocate 1068176 bytes for Chunk::new
# Possible reasons:
#   The system is out of physical RAM or swap space
#   The process is running with CompressedOops enabled, and the Java Heap may be blocking the growth of the native heap
# Possible solutions:
#   Reduce memory load on the system
#   Increase physical memory or swap space
#   Check if swap backing store is full
#   Decrease Java heap size (-Xmx/-Xms)
#   Decrease number of Java threads
#   Decrease Java thread stack sizes (-Xss)
#   Set larger code cache with -XX:ReservedCodeCacheSize=
#   JVM is running with Unscaled Compressed Oops mode in which the Java heap is
#     placed in the first 4GB address space. The Java Heap base address is the
#     maximum limit for the native heap growth. Please use -XX:HeapBaseMinAddress
#     to set the Java Heap base and to place the Java Heap above 4GB virtual address.
# This output file may be truncated or incomplete.
#
#  Out of Memory Error (./src/hotspot/share/memory/arena.cpp:197), pid=11440, tid=948
#
# JRE version: OpenJDK Runtime Environment AdoptOpenJDK (11.0.10+9) (build 11.0.10+9)
# Java VM: OpenJDK 64-Bit Server VM AdoptOpenJDK (11.0.10+9, mixed mode, tiered, compressed oops, g1 gc, windows-amd64)
# No core dump will be written. Minidumps are not enabled by default on client versions of Windows
#

---------------  S U M M A R Y ------------

Command Line: -Dfile.encoding=windows-1252 -Duser.country=US -Duser.language=en -Duser.variant com.tts.TechTalentTwitter.TechTalentTwitterApplication

Host: Intel(R) Core(TM) i5-6300U CPU @ 2.40GHz, 4 cores, 7G,  Windows 10 , 64 bit Build 19041 (10.0.19041.928)
Time: Tue Jun  1 15:14:57 2021 Eastern Daylight Time elapsed time: 36.982089 seconds (0d 0h 0m 36s)

---------------  T H R E A D  ---------------

Current thread (0x00000199a7f91000):  JavaThread "C2 CompilerThread0" daemon [_thread_in_native, id=948, stack(0x0000005d93500000,0x0000005d93600000)]


Current CompileTask:
C2:  36982 5352       4       org.springframework.beans.factory.support.AbstractBeanFactory::isTypeMatch (607 bytes)

Stack: [0x0000005d93500000,0x0000005d93600000]
Native frames: (J=compiled Java code, j=interpreted, Vv=VM code, C=native code)
V  [jvm.dll+0x5f35ea]
V  [jvm.dll+0x77c65e]
V  [jvm.dll+0x77dd2f]
V  [jvm.dll+0x77e3f3]
V  [jvm.dll+0x246c38]
V  [jvm.dll+0xbe6cc]
V  [jvm.dll+0xbedcc]
V  [jvm.dll+0x2b5ef4]
V  [jvm.dll+0x507c19]
V  [jvm.dll+0x2086dd]
V  [jvm.dll+0x20264a]
V  [jvm.dll+0x1ff5ef]
V  [jvm.dll+0x1846bc]
V  [jvm.dll+0x20ec37]
V  [jvm.dll+0x20ce1b]
V  [jvm.dll+0x740b39]
V  [jvm.dll+0x739ba4]
V  [jvm.dll+0x5f2466]
C  [ucrtbase.dll+0x21bb2]
C  [KERNEL32.DLL+0x17034]
C  [ntdll.dll+0x52651]


---------------  P R O C E S S  ---------------

Threads class SMR info:
_java_thread_list=0x00000199ada606b0, length=31, elements={
0x00000199a7f64000, 0x00000199a7f6d800, 0x00000199a7f84000, 0x00000199a7f87800,
0x00000199a7f89000, 0x00000199a7f91000, 0x00000199a7f93800, 0x00000199a7f98800,
0x00000199a8a6b800, 0x00000199ac125800, 0x00000199aba3b800, 0x00000199acd57800,
0x00000199a9bdc000, 0x00000199a9065000, 0x00000199aef0f800, 0x00000199aef09800,
0x00000199aef0b000, 0x00000199aef0e800, 0x00000199aef10000, 0x00000199aef0a800,
0x00000199aef0d000, 0x00000199aef0c000, 0x00000199aef90800, 0x00000199aef91000,
0x00000199aef8f000, 0x00000199aef8f800, 0x00000199aef92000, 0x00000199aef93000,
0x00000199aef8d000, 0x00000199aef93800, 0x00000199aef8e000
}

Java Threads: ( => current thread )
  0x00000199a7f64000 JavaThread "Reference Handler" daemon [_thread_blocked, id=1560, stack(0x0000005d93000000,0x0000005d93100000)]
  0x00000199a7f6d800 JavaThread "Finalizer" daemon [_thread_blocked, id=5776, stack(0x0000005d93100000,0x0000005d93200000)]
  0x00000199a7f84000 JavaThread "Signal Dispatcher" daemon [_thread_blocked, id=7836, stack(0x0000005d93200000,0x0000005d93300000)]
  0x00000199a7f87800 JavaThread "Attach Listener" daemon [_thread_blocked, id=15044, stack(0x0000005d93300000,0x0000005d93400000)]
  0x00000199a7f89000 JavaThread "Service Thread" daemon [_thread_blocked, id=9364, stack(0x0000005d93400000,0x0000005d93500000)]
=>0x00000199a7f91000 JavaThread "C2 CompilerThread0" daemon [_thread_in_native, id=948, stack(0x0000005d93500000,0x0000005d93600000)]
  0x00000199a7f93800 JavaThread "C1 CompilerThread0" daemon [_thread_blocked, id=2264, stack(0x0000005d93600000,0x0000005d93700000)]
  0x00000199a7f98800 JavaThread "Sweeper thread" daemon [_thread_blocked, id=992, stack(0x0000005d93700000,0x0000005d93800000)]
  0x00000199a8a6b800 JavaThread "Common-Cleaner" daemon [_thread_blocked, id=3824, stack(0x0000005d93900000,0x0000005d93a00000)]
  0x00000199ac125800 JavaThread "MVStore background writer nio:C:/Users/admin/twitter.mv.db" daemon [_thread_blocked, id=11216, stack(0x0000005d93e00000,0x0000005d93f00000)]
  0x00000199aba3b800 JavaThread "HikariPool-1 housekeeper" daemon [_thread_blocked, id=9120, stack(0x0000005d94100000,0x0000005d94200000)]
  0x00000199acd57800 JavaThread "Catalina-utility-1" [_thread_blocked, id=11420, stack(0x0000005d94300000,0x0000005d94400000)]
  0x00000199a9bdc000 JavaThread "Catalina-utility-2" [_thread_blocked, id=5164, stack(0x0000005d94400000,0x0000005d94500000)]
  0x00000199a9065000 JavaThread "container-0" [_thread_blocked, id=6748, stack(0x0000005d94500000,0x0000005d94600000)]
  0x00000199aef0f800 JavaThread "File Watcher" daemon [_thread_blocked, id=14800, stack(0x0000005d94200000,0x0000005d94300000)]
  0x00000199aef09800 JavaThread "Live Reload Server" daemon [_thread_in_native, id=6568, stack(0x0000005d94700000,0x0000005d94800000)]
  0x00000199aef0b000 JavaThread "http-nio-8080-BlockPoller" daemon [_thread_in_native, id=13552, stack(0x0000005d94600000,0x0000005d94700000)]
  0x00000199aef0e800 JavaThread "http-nio-8080-exec-1" daemon [_thread_in_native, id=11496, stack(0x0000005d94800000,0x0000005d94900000)]
  0x00000199aef10000 JavaThread "http-nio-8080-exec-2" daemon [_thread_blocked, id=3640, stack(0x0000005d94900000,0x0000005d94a00000)]
  0x00000199aef0a800 JavaThread "http-nio-8080-exec-3" daemon [_thread_blocked, id=9616, stack(0x0000005d94a00000,0x0000005d94b00000)]
  0x00000199aef0d000 JavaThread "http-nio-8080-exec-4" daemon [_thread_blocked, id=12864, stack(0x0000005d94b00000,0x0000005d94c00000)]
  0x00000199aef0c000 JavaThread "http-nio-8080-exec-5" daemon [_thread_blocked, id=8420, stack(0x0000005d94c00000,0x0000005d94d00000)]
  0x00000199aef90800 JavaThread "http-nio-8080-exec-6" daemon [_thread_blocked, id=244, stack(0x0000005d94d00000,0x0000005d94e00000)]
  0x00000199aef91000 JavaThread "http-nio-8080-exec-7" daemon [_thread_blocked, id=10220, stack(0x0000005d94e00000,0x0000005d94f00000)]
  0x00000199aef8f000 JavaThread "http-nio-8080-exec-8" daemon [_thread_blocked, id=12696, stack(0x0000005d94f00000,0x0000005d95000000)]
  0x00000199aef8f800 JavaThread "http-nio-8080-exec-9" daemon [_thread_blocked, id=9576, stack(0x0000005d95000000,0x0000005d95100000)]
  0x00000199aef92000 JavaThread "http-nio-8080-exec-10" daemon [_thread_blocked, id=4472, stack(0x0000005d95100000,0x0000005d95200000)]
  0x00000199aef93000 JavaThread "http-nio-8080-ClientPoller" daemon [_thread_in_native, id=11952, stack(0x0000005d95200000,0x0000005d95300000)]
  0x00000199aef8d000 JavaThread "http-nio-8080-Acceptor" daemon [_thread_in_native, id=2148, stack(0x0000005d95300000,0x0000005d95400000)]
  0x00000199aef93800 JavaThread "DestroyJavaVM" [_thread_blocked, id=6524, stack(0x0000005d92900000,0x0000005d92a00000)]
  0x00000199aef8e000 JavaThread "C2 CompilerThread1" daemon [_thread_in_native, id=15468, stack(0x0000005d93d00000,0x0000005d93e00000)]

Other Threads:
  0x00000199a7f3c000 VMThread "VM Thread" [stack: 0x0000005d92f00000,0x0000005d93000000] [id=10760]
  0x00000199a8a67000 WatcherThread [stack: 0x0000005d93800000,0x0000005d93900000] [id=4672]
  0x0000019989a87800 GCTaskThread "GC Thread#0" [stack: 0x0000005d92a00000,0x0000005d92b00000] [id=11336]
  0x00000199a91fd800 GCTaskThread "GC Thread#1" [stack: 0x0000005d93b00000,0x0000005d93c00000] [id=13276]
  0x00000199a91fe000 GCTaskThread "GC Thread#2" [stack: 0x0000005d93f00000,0x0000005d94000000] [id=9900]
  0x00000199a91ff800 GCTaskThread "GC Thread#3" [stack: 0x0000005d94000000,0x0000005d94100000] [id=6044]
  0x0000019989ab6000 ConcurrentGCThread "G1 Main Marker" [stack: 0x0000005d92b00000,0x0000005d92c00000] [id=2696]
  0x0000019989ab8800 ConcurrentGCThread "G1 Conc#0" [stack: 0x0000005d92c00000,0x0000005d92d00000] [id=10252]
  0x0000019989b38800 ConcurrentGCThread "G1 Refine#0" [stack: 0x0000005d92d00000,0x0000005d92e00000] [id=1516]
  0x0000019989b39800 ConcurrentGCThread "G1 Young RemSet Sampling" [stack: 0x0000005d92e00000,0x0000005d92f00000] [id=5908]

Threads with active compile tasks:
C2 CompilerThread0  37025 5352       4       org.springframework.beans.factory.support.AbstractBeanFactory::isTypeMatch (607 bytes)
C2 CompilerThread1  37025 5375 %     4       sun.security.provider.SHA::implCompress0 @ 3 (482 bytes)

VM state:not at safepoint (normal execution)

VM Mutex/Monitor currently owned by a thread: None

Heap address: 0x0000000085200000, size: 1966 MB, Compressed Oops mode: 32-bit
Narrow klass base: 0x0000000000000000, Narrow klass shift: 3
Compressed class space size: 1073741824 Address: 0x0000000100000000

Heap:
 garbage-first heap   total 183296K, used 112287K [0x0000000085200000, 0x0000000100000000)
  region size 1024K, 97 young (99328K), 8 survivors (8192K)
 Metaspace       used 70016K, capacity 71723K, committed 71884K, reserved 1112064K
  class space    used 8996K, capacity 9703K, committed 9728K, reserved 1048576K
Heap Regions: E=young(eden), S=young(survivor), O=old, HS=humongous(starts), HC=humongous(continues), CS=collection set, F=free, A=archive, TAMS=top-at-mark-start (previous, next)
|   0|0x0000000085200000, 0x0000000085300000, 0x0000000085300000|100%|HS|  |TAMS 0x0000000085300000, 0x0000000085200000| Complete 
|   1|0x0000000085300000, 0x0000000085400000, 0x0000000085400000|100%| O|  |TAMS 0x0000000085400000, 0x0000000085300000| Untracked 
|   2|0x0000000085400000, 0x0000000085500000, 0x0000000085500000|100%| O|  |TAMS 0x0000000085500000, 0x0000000085400000| Untracked 
|   3|0x0000000085500000, 0x0000000085600000, 0x0000000085600000|100%| O|  |TAMS 0x0000000085600000, 0x0000000085500000| Untracked 
|   4|0x0000000085600000, 0x0000000085700000, 0x0000000085700000|100%| O|  |TAMS 0x0000000085700000, 0x0000000085600000| Untracked 
|   5|0x0000000085700000, 0x0000000085800000, 0x0000000085800000|100%| O|  |TAMS 0x0000000085800000, 0x0000000085700000| Untracked 
|   6|0x0000000085800000, 0x0000000085900000, 0x0000000085900000|100%| O|  |TAMS 0x0000000085900000, 0x0000000085800000| Untracked 
|   7|0x0000000085900000, 0x0000000085a00000, 0x0000000085a00000|100%| O|  |TAMS 0x0000000085a00000, 0x0000000085900000| Untracked 
|   8|0x0000000085a00000, 0x0000000085b00000, 0x0000000085b00000|100%| O|  |TAMS 0x0000000085b00000, 0x0000000085a00000| Untracked 
|   9|0x0000000085b00000, 0x0000000085c00000, 0x0000000085c00000|100%|HS|  |TAMS 0x0000000085c00000, 0x0000000085b00000| Complete 
|  10|0x0000000085c00000, 0x0000000085d00000, 0x0000000085d00000|100%|HC|  |TAMS 0x0000000085d00000, 0x0000000085c00000| Complete 
|  11|0x0000000085d00000, 0x0000000085e00000, 0x0000000085e00000|100%| O|  |TAMS 0x0000000085e00000, 0x0000000085d00000| Untracked 
|  12|0x0000000085e00000, 0x0000000085f00000, 0x0000000085f00000|100%| O|  |TAMS 0x0000000085f00000, 0x0000000085e00000| Untracked 
|  13|0x0000000085f00000, 0x0000000086000000, 0x0000000086000000|100%| O|  |TAMS 0x0000000086000000, 0x0000000085f00000| Untracked 
|  14|0x0000000086000000, 0x00000000860a7e00, 0x0000000086100000| 65%| O|  |TAMS 0x00000000860a7e00, 0x0000000086000000| Untracked 
|  15|0x0000000086100000, 0x0000000086100000, 0x0000000086200000|  0%| F|  |TAMS 0x0000000086100000, 0x0000000086100000| Untracked 
|  16|0x0000000086200000, 0x0000000086200000, 0x0000000086300000|  0%| F|  |TAMS 0x0000000086200000, 0x0000000086200000| Untracked 
|  17|0x0000000086300000, 0x0000000086300000, 0x0000000086400000|  0%| F|  |TAMS 0x0000000086300000, 0x0000000086300000| Untracked 
|  18|0x0000000086400000, 0x0000000086400000, 0x0000000086500000|  0%| F|  |TAMS 0x0000000086400000, 0x0000000086400000| Untracked 
|  19|0x0000000086500000, 0x0000000086500000, 0x0000000086600000|  0%| F|  |TAMS 0x0000000086500000, 0x0000000086500000| Untracked 
|  20|0x0000000086600000, 0x0000000086600000, 0x0000000086700000|  0%| F|  |TAMS 0x0000000086600000, 0x0000000086600000| Untracked 
|  21|0x0000000086700000, 0x0000000086700000, 0x0000000086800000|  0%| F|  |TAMS 0x0000000086700000, 0x0000000086700000| Untracked 
|  22|0x0000000086800000, 0x0000000086800000, 0x0000000086900000|  0%| F|  |TAMS 0x0000000086800000, 0x0000000086800000| Untracked 
|  23|0x0000000086900000, 0x0000000086900000, 0x0000000086a00000|  0%| F|  |TAMS 0x0000000086900000, 0x0000000086900000| Untracked 
|  24|0x0000000086a00000, 0x0000000086a00000, 0x0000000086b00000|  0%| F|  |TAMS 0x0000000086a00000, 0x0000000086a00000| Untracked 
|  25|0x0000000086b00000, 0x0000000086b00000, 0x0000000086c00000|  0%| F|  |TAMS 0x0000000086b00000, 0x0000000086b00000| Untracked 
|  26|0x0000000086c00000, 0x0000000086c00000, 0x0000000086d00000|  0%| F|  |TAMS 0x0000000086c00000, 0x0000000086c00000| Untracked 
|  27|0x0000000086d00000, 0x0000000086d00000, 0x0000000086e00000|  0%| F|  |TAMS 0x0000000086d00000, 0x0000000086d00000| Untracked 
|  28|0x0000000086e00000, 0x0000000086e00000, 0x0000000086f00000|  0%| F|  |TAMS 0x0000000086e00000, 0x0000000086e00000| Untracked 
|  29|0x0000000086f00000, 0x0000000086f00000, 0x0000000087000000|  0%| F|  |TAMS 0x0000000086f00000, 0x0000000086f00000| Untracked 
|  30|0x0000000087000000, 0x0000000087000000, 0x0000000087100000|  0%| F|  |TAMS 0x0000000087000000, 0x0000000087000000| Untracked 
|  31|0x0000000087100000, 0x0000000087100000, 0x0000000087200000|  0%| F|  |TAMS 0x0000000087100000, 0x0000000087100000| Untracked 
|  32|0x0000000087200000, 0x0000000087200000, 0x0000000087300000|  0%| F|  |TAMS 0x0000000087200000, 0x0000000087200000| Untracked 
|  33|0x0000000087300000, 0x0000000087300000, 0x0000000087400000|  0%| F|  |TAMS 0x0000000087300000, 0x0000000087300000| Untracked 
|  34|0x0000000087400000, 0x0000000087400000, 0x0000000087500000|  0%| F|  |TAMS 0x0000000087400000, 0x0000000087400000| Untracked 
|  35|0x0000000087500000, 0x0000000087500000, 0x0000000087600000|  0%| F|  |TAMS 0x0000000087500000, 0x0000000087500000| Untracked 
|  36|0x0000000087600000, 0x0000000087600000, 0x0000000087700000|  0%| F|  |TAMS 0x0000000087600000, 0x0000000087600000| Untracked 
|  37|0x0000000087700000, 0x0000000087700000, 0x0000000087800000|  0%| F|  |TAMS 0x0000000087700000, 0x0000000087700000| Untracked 
|  38|0x0000000087800000, 0x0000000087800000, 0x0000000087900000|  0%| F|  |TAMS 0x0000000087800000, 0x0000000087800000| Untracked 
|  39|0x0000000087900000, 0x0000000087900000, 0x0000000087a00000|  0%| F|  |TAMS 0x0000000087900000, 0x0000000087900000| Untracked 
|  40|0x0000000087a00000, 0x0000000087a00000, 0x0000000087b00000|  0%| F|  |TAMS 0x0000000087a00000, 0x0000000087a00000| Untracked 
|  41|0x0000000087b00000, 0x0000000087b00000, 0x0000000087c00000|  0%| F|  |TAMS 0x0000000087b00000, 0x0000000087b00000| Untracked 
|  42|0x0000000087c00000, 0x0000000087c00000, 0x0000000087d00000|  0%| F|  |TAMS 0x0000000087c00000, 0x0000000087c00000| Untracked 
|  43|0x0000000087d00000, 0x0000000087d00000, 0x0000000087e00000|  0%| F|  |TAMS 0x0000000087d00000, 0x0000000087d00000| Untracked 
|  44|0x0000000087e00000, 0x0000000087e00000, 0x0000000087f00000|  0%| F|  |TAMS 0x0000000087e00000, 0x0000000087e00000| Untracked 
|  45|0x0000000087f00000, 0x0000000087f00000, 0x0000000088000000|  0%| F|  |TAMS 0x0000000087f00000, 0x0000000087f00000| Untracked 
|  46|0x0000000088000000, 0x0000000088000000, 0x0000000088100000|  0%| F|  |TAMS 0x0000000088000000, 0x0000000088000000| Untracked 
|  47|0x0000000088100000, 0x0000000088100000, 0x0000000088200000|  0%| F|  |TAMS 0x0000000088100000, 0x0000000088100000| Untracked 
|  48|0x0000000088200000, 0x0000000088200000, 0x0000000088300000|  0%| F|  |TAMS 0x0000000088200000, 0x0000000088200000| Untracked 
|  49|0x0000000088300000, 0x0000000088300000, 0x0000000088400000|  0%| F|  |TAMS 0x0000000088300000, 0x0000000088300000| Untracked 
|  50|0x0000000088400000, 0x0000000088400000, 0x0000000088500000|  0%| F|  |TAMS 0x0000000088400000, 0x0000000088400000| Untracked 
|  51|0x0000000088500000, 0x0000000088500000, 0x0000000088600000|  0%| F|  |TAMS 0x0000000088500000, 0x0000000088500000| Untracked 
|  52|0x0000000088600000, 0x0000000088600000, 0x0000000088700000|  0%| F|  |TAMS 0x0000000088600000, 0x0000000088600000| Untracked 
|  53|0x0000000088700000, 0x0000000088700000, 0x0000000088800000|  0%| F|  |TAMS 0x0000000088700000, 0x0000000088700000| Untracked 
|  54|0x0000000088800000, 0x0000000088800000, 0x0000000088900000|  0%| F|  |TAMS 0x0000000088800000, 0x0000000088800000| Untracked 
|  55|0x0000000088900000, 0x0000000088900000, 0x0000000088a00000|  0%| F|  |TAMS 0x0000000088900000, 0x0000000088900000| Untracked 
|  56|0x0000000088a00000, 0x0000000088a00000, 0x0000000088b00000|  0%| F|  |TAMS 0x0000000088a00000, 0x0000000088a00000| Untracked 
|  57|0x0000000088b00000, 0x0000000088b00000, 0x0000000088c00000|  0%| F|  |TAMS 0x0000000088b00000, 0x0000000088b00000| Untracked 
|  58|0x0000000088c00000, 0x0000000088c00000, 0x0000000088d00000|  0%| F|  |TAMS 0x0000000088c00000, 0x0000000088c00000| Untracked 
|  59|0x0000000088d00000, 0x0000000088d00000, 0x0000000088e00000|  0%| F|  |TAMS 0x0000000088d00000, 0x0000000088d00000| Untracked 
|  60|0x0000000088e00000, 0x0000000088e00000, 0x0000000088f00000|  0%| F|  |TAMS 0x0000000088e00000, 0x0000000088e00000| Untracked 
|  61|0x0000000088f00000, 0x0000000088f00000, 0x0000000089000000|  0%| F|  |TAMS 0x0000000088f00000, 0x0000000088f00000| Untracked 
|  62|0x0000000089000000, 0x0000000089000000, 0x0000000089100000|  0%| F|  |TAMS 0x0000000089000000, 0x0000000089000000| Untracked 
|  63|0x0000000089100000, 0x0000000089100000, 0x0000000089200000|  0%| F|  |TAMS 0x0000000089100000, 0x0000000089100000| Untracked 
|  64|0x0000000089200000, 0x0000000089200000, 0x0000000089300000|  0%| F|  |TAMS 0x0000000089200000, 0x0000000089200000| Untracked 
|  65|0x0000000089300000, 0x0000000089300000, 0x0000000089400000|  0%| F|  |TAMS 0x0000000089300000, 0x0000000089300000| Untracked 
|  66|0x0000000089400000, 0x0000000089400000, 0x0000000089500000|  0%| F|  |TAMS 0x0000000089400000, 0x0000000089400000| Untracked 
|  67|0x0000000089500000, 0x0000000089500000, 0x0000000089600000|  0%| F|  |TAMS 0x0000000089500000, 0x0000000089500000| Untracked 
|  68|0x0000000089600000, 0x0000000089600000, 0x0000000089700000|  0%| F|  |TAMS 0x0000000089600000, 0x0000000089600000| Untracked 
|  69|0x0000000089700000, 0x0000000089700000, 0x0000000089800000|  0%| F|  |TAMS 0x0000000089700000, 0x0000000089700000| Untracked 
|  70|0x0000000089800000, 0x0000000089800000, 0x0000000089900000|  0%| F|  |TAMS 0x0000000089800000, 0x0000000089800000| Untracked 
|  71|0x0000000089900000, 0x0000000089900000, 0x0000000089a00000|  0%| F|  |TAMS 0x0000000089900000, 0x0000000089900000| Untracked 
|  72|0x0000000089a00000, 0x0000000089a00000, 0x0000000089b00000|  0%| F|  |TAMS 0x0000000089a00000, 0x0000000089a00000| Untracked 
|  73|0x0000000089b00000, 0x0000000089b00000, 0x0000000089c00000|  0%| F|  |TAMS 0x0000000089b00000, 0x0000000089b00000| Untracked 
|  74|0x0000000089c00000, 0x0000000089c00000, 0x0000000089d00000|  0%| F|  |TAMS 0x0000000089c00000, 0x0000000089c00000| Untracked 
|  75|0x0000000089d00000, 0x0000000089d00000, 0x0000000089e00000|  0%| F|  |TAMS 0x0000000089d00000, 0x0000000089d00000| Untracked 
|  76|0x0000000089e00000, 0x0000000089e00000, 0x0000000089f00000|  0%| F|  |TAMS 0x0000000089e00000, 0x0000000089e00000| Untracked 
|  77|0x0000000089f00000, 0x0000000089f00000, 0x000000008a000000|  0%| F|  |TAMS 0x0000000089f00000, 0x0000000089f00000| Untracked 
|  78|0x000000008a000000, 0x000000008a000000, 0x000000008a100000|  0%| F|  |TAMS 0x000000008a000000, 0x000000008a000000| Untracked 
|  79|0x000000008a100000, 0x000000008a100000, 0x000000008a200000|  0%| F|  |TAMS 0x000000008a100000, 0x000000008a100000| Untracked 
|  80|0x000000008a200000, 0x000000008a200000, 0x000000008a300000|  0%| F|  |TAMS 0x000000008a200000, 0x000000008a200000| Untracked 
|  81|0x000000008a300000, 0x000000008a400000, 0x000000008a400000|100%| S|CS|TAMS 0x000000008a300000, 0x000000008a300000| Complete 
|  82|0x000000008a400000, 0x000000008a500000, 0x000000008a500000|100%| S|CS|TAMS 0x000000008a400000, 0x000000008a400000| Complete 
|  83|0x000000008a500000, 0x000000008a600000, 0x000000008a600000|100%| S|CS|TAMS 0x000000008a500000, 0x000000008a500000| Complete 
|  84|0x000000008a600000, 0x000000008a700000, 0x000000008a700000|100%| S|CS|TAMS 0x000000008a600000, 0x000000008a600000| Complete 
|  85|0x000000008a700000, 0x000000008a800000, 0x000000008a800000|100%| S|CS|TAMS 0x000000008a700000, 0x000000008a700000| Complete 
|  86|0x000000008a800000, 0x000000008a900000, 0x000000008a900000|100%| S|CS|TAMS 0x000000008a800000, 0x000000008a800000| Complete 
|  87|0x000000008a900000, 0x000000008aa00000, 0x000000008aa00000|100%| S|CS|TAMS 0x000000008a900000, 0x000000008a900000| Complete 
|  88|0x000000008aa00000, 0x000000008ab00000, 0x000000008ab00000|100%| S|CS|TAMS 0x000000008aa00000, 0x000000008aa00000| Complete 
|  89|0x000000008ab00000, 0x000000008ab00000, 0x000000008ac00000|  0%| F|  |TAMS 0x000000008ab00000, 0x000000008ab00000| Untracked 
|  90|0x000000008ac00000, 0x000000008acfe230, 0x000000008ad00000| 99%| E|  |TAMS 0x000000008ac00000, 0x000000008ac00000| Complete 
|  91|0x000000008ad00000, 0x000000008ae00000, 0x000000008ae00000|100%| E|CS|TAMS 0x000000008ad00000, 0x000000008ad00000| Complete 
|  92|0x000000008ae00000, 0x000000008af00000, 0x000000008af00000|100%| E|CS|TAMS 0x000000008ae00000, 0x000000008ae00000| Complete 
|  93|0x000000008af00000, 0x000000008b000000, 0x000000008b000000|100%| E|  |TAMS 0x000000008af00000, 0x000000008af00000| Complete 
|  94|0x000000008b000000, 0x000000008b100000, 0x000000008b100000|100%| E|CS|TAMS 0x000000008b000000, 0x000000008b000000| Complete 
|  95|0x000000008b100000, 0x000000008b200000, 0x000000008b200000|100%| E|CS|TAMS 0x000000008b100000, 0x000000008b100000| Complete 
|  96|0x000000008b200000, 0x000000008b300000, 0x000000008b300000|100%| E|CS|TAMS 0x000000008b200000, 0x000000008b200000| Complete 
|  97|0x000000008b300000, 0x000000008b400000, 0x000000008b400000|100%| E|CS|TAMS 0x000000008b300000, 0x000000008b300000| Complete 
|  98|0x000000008b400000, 0x000000008b500000, 0x000000008b500000|100%| E|CS|TAMS 0x000000008b400000, 0x000000008b400000| Complete 
|  99|0x000000008b500000, 0x000000008b600000, 0x000000008b600000|100%| E|CS|TAMS 0x000000008b500000, 0x000000008b500000| Complete 
| 100|0x000000008b600000, 0x000000008b700000, 0x000000008b700000|100%| E|CS|TAMS 0x000000008b600000, 0x000000008b600000| Complete 
| 101|0x000000008b700000, 0x000000008b800000, 0x000000008b800000|100%| E|CS|TAMS 0x000000008b700000, 0x000000008b700000| Complete 
| 102|0x000000008b800000, 0x000000008b900000, 0x000000008b900000|100%| E|CS|TAMS 0x000000008b800000, 0x000000008b800000| Complete 
| 103|0x000000008b900000, 0x000000008ba00000, 0x000000008ba00000|100%| E|CS|TAMS 0x000000008b900000, 0x000000008b900000| Complete 
| 104|0x000000008ba00000, 0x000000008bb00000, 0x000000008bb00000|100%| E|CS|TAMS 0x000000008ba00000, 0x000000008ba00000| Complete 
| 105|0x000000008bb00000, 0x000000008bc00000, 0x000000008bc00000|100%| E|CS|TAMS 0x000000008bb00000, 0x000000008bb00000| Complete 
| 106|0x000000008bc00000, 0x000000008bd00000, 0x000000008bd00000|100%| E|CS|TAMS 0x000000008bc00000, 0x000000008bc00000| Complete 
| 107|0x000000008bd00000, 0x000000008be00000, 0x000000008be00000|100%| E|CS|TAMS 0x000000008bd00000, 0x000000008bd00000| Complete 
| 108|0x000000008be00000, 0x000000008bf00000, 0x000000008bf00000|100%| E|CS|TAMS 0x000000008be00000, 0x000000008be00000| Complete 
| 109|0x000000008bf00000, 0x000000008c000000, 0x000000008c000000|100%| E|CS|TAMS 0x000000008bf00000, 0x000000008bf00000| Complete 
| 110|0x000000008c000000, 0x000000008c100000, 0x000000008c100000|100%| E|CS|TAMS 0x000000008c000000, 0x000000008c000000| Complete 
| 111|0x000000008c100000, 0x000000008c200000, 0x000000008c200000|100%| E|CS|TAMS 0x000000008c100000, 0x000000008c100000| Complete 
| 112|0x000000008c200000, 0x000000008c300000, 0x000000008c300000|100%| E|CS|TAMS 0x000000008c200000, 0x000000008c200000| Complete 
| 113|0x000000008c300000, 0x000000008c400000, 0x000000008c400000|100%| E|CS|TAMS 0x000000008c300000, 0x000000008c300000| Complete 
| 114|0x000000008c400000, 0x000000008c500000, 0x000000008c500000|100%| E|CS|TAMS 0x000000008c400000, 0x000000008c400000| Complete 
| 115|0x000000008c500000, 0x000000008c600000, 0x000000008c600000|100%| E|CS|TAMS 0x000000008c500000, 0x000000008c500000| Complete 
| 116|0x000000008c600000, 0x000000008c700000, 0x000000008c700000|100%| E|CS|TAMS 0x000000008c600000, 0x000000008c600000| Complete 
| 117|0x000000008c700000, 0x000000008c800000, 0x000000008c800000|100%| E|CS|TAMS 0x000000008c700000, 0x000000008c700000| Complete 
| 118|0x000000008c800000, 0x000000008c900000, 0x000000008c900000|100%| E|CS|TAMS 0x000000008c800000, 0x000000008c800000| Complete 
| 119|0x000000008c900000, 0x000000008ca00000, 0x000000008ca00000|100%| E|CS|TAMS 0x000000008c900000, 0x000000008c900000| Complete 
| 120|0x000000008ca00000, 0x000000008cb00000, 0x000000008cb00000|100%| E|CS|TAMS 0x000000008ca00000, 0x000000008ca00000| Complete 
| 121|0x000000008cb00000, 0x000000008cc00000, 0x000000008cc00000|100%| E|CS|TAMS 0x000000008cb00000, 0x000000008cb00000| Complete 
| 122|0x000000008cc00000, 0x000000008cd00000, 0x000000008cd00000|100%| E|CS|TAMS 0x000000008cc00000, 0x000000008cc00000| Complete 
| 123|0x000000008cd00000, 0x000000008ce00000, 0x000000008ce00000|100%| E|CS|TAMS 0x000000008cd00000, 0x000000008cd00000| Complete 
| 124|0x000000008ce00000, 0x000000008cf00000, 0x000000008cf00000|100%| E|CS|TAMS 0x000000008ce00000, 0x000000008ce00000| Complete 
| 125|0x000000008cf00000, 0x000000008d000000, 0x000000008d000000|100%| E|CS|TAMS 0x000000008cf00000, 0x000000008cf00000| Complete 
| 126|0x000000008d000000, 0x000000008d100000, 0x000000008d100000|100%| E|CS|TAMS 0x000000008d000000, 0x000000008d000000| Complete 
| 127|0x000000008d100000, 0x000000008d200000, 0x000000008d200000|100%| E|CS|TAMS 0x000000008d100000, 0x000000008d100000| Complete 
| 128|0x000000008d200000, 0x000000008d300000, 0x000000008d300000|100%| E|CS|TAMS 0x000000008d200000, 0x000000008d200000| Complete 
| 129|0x000000008d300000, 0x000000008d400000, 0x000000008d400000|100%| E|CS|TAMS 0x000000008d300000, 0x000000008d300000| Complete 
| 130|0x000000008d400000, 0x000000008d500000, 0x000000008d500000|100%| E|CS|TAMS 0x000000008d400000, 0x000000008d400000| Complete 
| 131|0x000000008d500000, 0x000000008d600000, 0x000000008d600000|100%| E|CS|TAMS 0x000000008d500000, 0x000000008d500000| Complete 
| 132|0x000000008d600000, 0x000000008d700000, 0x000000008d700000|100%| E|CS|TAMS 0x000000008d600000, 0x000000008d600000| Complete 
| 133|0x000000008d700000, 0x000000008d800000, 0x000000008d800000|100%| E|CS|TAMS 0x000000008d700000, 0x000000008d700000| Complete 
| 134|0x000000008d800000, 0x000000008d900000, 0x000000008d900000|100%| E|CS|TAMS 0x000000008d800000, 0x000000008d800000| Complete 
| 135|0x000000008d900000, 0x000000008da00000, 0x000000008da00000|100%| E|CS|TAMS 0x000000008d900000, 0x000000008d900000| Complete 
| 136|0x000000008da00000, 0x000000008db00000, 0x000000008db00000|100%| E|CS|TAMS 0x000000008da00000, 0x000000008da00000| Complete 
| 137|0x000000008db00000, 0x000000008dc00000, 0x000000008dc00000|100%| E|CS|TAMS 0x000000008db00000, 0x000000008db00000| Complete 
| 138|0x000000008dc00000, 0x000000008dd00000, 0x000000008dd00000|100%| E|CS|TAMS 0x000000008dc00000, 0x000000008dc00000| Complete 
| 139|0x000000008dd00000, 0x000000008de00000, 0x000000008de00000|100%| E|CS|TAMS 0x000000008dd00000, 0x000000008dd00000| Complete 
| 140|0x000000008de00000, 0x000000008df00000, 0x000000008df00000|100%| E|CS|TAMS 0x000000008de00000, 0x000000008de00000| Complete 
| 141|0x000000008df00000, 0x000000008e000000, 0x000000008e000000|100%| E|CS|TAMS 0x000000008df00000, 0x000000008df00000| Complete 
| 142|0x000000008e000000, 0x000000008e100000, 0x000000008e100000|100%| E|CS|TAMS 0x000000008e000000, 0x000000008e000000| Complete 
| 143|0x000000008e100000, 0x000000008e200000, 0x000000008e200000|100%| E|CS|TAMS 0x000000008e100000, 0x000000008e100000| Complete 
| 144|0x000000008e200000, 0x000000008e300000, 0x000000008e300000|100%| E|CS|TAMS 0x000000008e200000, 0x000000008e200000| Complete 
| 145|0x000000008e300000, 0x000000008e400000, 0x000000008e400000|100%| E|CS|TAMS 0x000000008e300000, 0x000000008e300000| Complete 
| 146|0x000000008e400000, 0x000000008e500000, 0x000000008e500000|100%| E|CS|TAMS 0x000000008e400000, 0x000000008e400000| Complete 
| 147|0x000000008e500000, 0x000000008e600000, 0x000000008e600000|100%| E|CS|TAMS 0x000000008e500000, 0x000000008e500000| Complete 
| 148|0x000000008e600000, 0x000000008e700000, 0x000000008e700000|100%| E|CS|TAMS 0x000000008e600000, 0x000000008e600000| Complete 
| 149|0x000000008e700000, 0x000000008e800000, 0x000000008e800000|100%| E|CS|TAMS 0x000000008e700000, 0x000000008e700000| Complete 
| 150|0x000000008e800000, 0x000000008e900000, 0x000000008e900000|100%| E|CS|TAMS 0x000000008e800000, 0x000000008e800000| Complete 
| 151|0x000000008e900000, 0x000000008ea00000, 0x000000008ea00000|100%| E|CS|TAMS 0x000000008e900000, 0x000000008e900000| Complete 
| 152|0x000000008ea00000, 0x000000008eb00000, 0x000000008eb00000|100%| E|CS|TAMS 0x000000008ea00000, 0x000000008ea00000| Complete 
| 153|0x000000008eb00000, 0x000000008ec00000, 0x000000008ec00000|100%| E|CS|TAMS 0x000000008eb00000, 0x000000008eb00000| Complete 
| 154|0x000000008ec00000, 0x000000008ed00000, 0x000000008ed00000|100%| E|CS|TAMS 0x000000008ec00000, 0x000000008ec00000| Complete 
| 155|0x000000008ed00000, 0x000000008ee00000, 0x000000008ee00000|100%| E|CS|TAMS 0x000000008ed00000, 0x000000008ed00000| Complete 
| 156|0x000000008ee00000, 0x000000008ef00000, 0x000000008ef00000|100%| E|CS|TAMS 0x000000008ee00000, 0x000000008ee00000| Complete 
| 157|0x000000008ef00000, 0x000000008f000000, 0x000000008f000000|100%| E|CS|TAMS 0x000000008ef00000, 0x000000008ef00000| Complete 
| 158|0x000000008f000000, 0x000000008f100000, 0x000000008f100000|100%| E|CS|TAMS 0x000000008f000000, 0x000000008f000000| Complete 
| 159|0x000000008f100000, 0x000000008f200000, 0x000000008f200000|100%| E|CS|TAMS 0x000000008f100000, 0x000000008f100000| Complete 
| 160|0x000000008f200000, 0x000000008f300000, 0x000000008f300000|100%| E|CS|TAMS 0x000000008f200000, 0x000000008f200000| Complete 
| 161|0x000000008f300000, 0x000000008f400000, 0x000000008f400000|100%| E|CS|TAMS 0x000000008f300000, 0x000000008f300000| Complete 
| 162|0x000000008f400000, 0x000000008f500000, 0x000000008f500000|100%| E|CS|TAMS 0x000000008f400000, 0x000000008f400000| Complete 
| 163|0x000000008f500000, 0x000000008f600000, 0x000000008f600000|100%| E|CS|TAMS 0x000000008f500000, 0x000000008f500000| Complete 
| 164|0x000000008f600000, 0x000000008f700000, 0x000000008f700000|100%| E|CS|TAMS 0x000000008f600000, 0x000000008f600000| Complete 
| 165|0x000000008f700000, 0x000000008f800000, 0x000000008f800000|100%| E|CS|TAMS 0x000000008f700000, 0x000000008f700000| Complete 
| 166|0x000000008f800000, 0x000000008f900000, 0x000000008f900000|100%| E|CS|TAMS 0x000000008f800000, 0x000000008f800000| Complete 
| 167|0x000000008f900000, 0x000000008fa00000, 0x000000008fa00000|100%| E|CS|TAMS 0x000000008f900000, 0x000000008f900000| Complete 
| 168|0x000000008fa00000, 0x000000008fb00000, 0x000000008fb00000|100%| E|CS|TAMS 0x000000008fa00000, 0x000000008fa00000| Complete 
| 169|0x000000008fb00000, 0x000000008fc00000, 0x000000008fc00000|100%| E|CS|TAMS 0x000000008fb00000, 0x000000008fb00000| Complete 
| 170|0x000000008fc00000, 0x000000008fd00000, 0x000000008fd00000|100%| E|CS|TAMS 0x000000008fc00000, 0x000000008fc00000| Complete 
| 171|0x000000008fd00000, 0x000000008fe00000, 0x000000008fe00000|100%| E|CS|TAMS 0x000000008fd00000, 0x000000008fd00000| Complete 
| 172|0x000000008fe00000, 0x000000008ff00000, 0x000000008ff00000|100%| E|CS|TAMS 0x000000008fe00000, 0x000000008fe00000| Complete 
| 173|0x000000008ff00000, 0x0000000090000000, 0x0000000090000000|100%| E|CS|TAMS 0x000000008ff00000, 0x000000008ff00000| Complete 
| 174|0x0000000090000000, 0x0000000090100000, 0x0000000090100000|100%| E|CS|TAMS 0x0000000090000000, 0x0000000090000000| Complete 
| 175|0x0000000090100000, 0x0000000090200000, 0x0000000090200000|100%| E|CS|TAMS 0x0000000090100000, 0x0000000090100000| Complete 
| 176|0x0000000090200000, 0x0000000090300000, 0x0000000090300000|100%| E|CS|TAMS 0x0000000090200000, 0x0000000090200000| Complete 
| 177|0x0000000090300000, 0x0000000090400000, 0x0000000090400000|100%| E|CS|TAMS 0x0000000090300000, 0x0000000090300000| Complete 
| 178|0x0000000090400000, 0x0000000090500000, 0x0000000090500000|100%| E|CS|TAMS 0x0000000090400000, 0x0000000090400000| Complete 

Card table byte_map: [0x00000199a1530000,0x00000199a1910000] _byte_map_base: 0x00000199a1107000

Marking Bits (Prev, Next): (CMBitMap*) 0x0000019989aad790, (CMBitMap*) 0x0000019989aad758
 Prev Bits: [0x00000199a3bb0000, 0x00000199a5a68000)
 Next Bits: [0x00000199a1cf0000, 0x00000199a3ba8000)

Polling page: 0x0000019987c10000

Metaspace:

Usage:
  Non-class:     60.57 MB capacity,    59.59 MB ( 98%) used,   780.79 KB (  1%) free+waste,   219.63 KB ( <1%) overhead. 
      Class:      9.48 MB capacity,     8.79 MB ( 93%) used,   603.33 KB (  6%) free+waste,   102.94 KB (  1%) overhead. 
       Both:     70.04 MB capacity,    68.38 MB ( 98%) used,     1.35 MB (  2%) free+waste,   322.56 KB ( <1%) overhead. 

Virtual space:
  Non-class space:       62.00 MB reserved,      60.70 MB ( 98%) committed 
      Class space:        1.00 GB reserved,       9.50 MB ( <1%) committed 
             Both:        1.06 GB reserved,      70.20 MB (  6%) committed 

Chunk freelists:
   Non-Class:  8.00 KB
       Class:  25.00 KB
        Both:  33.00 KB

MaxMetaspaceSize: 17179869184.00 GB
CompressedClassSpaceSize: 1.00 GB

CodeHeap 'non-profiled nmethods': size=120064Kb used=3747Kb max_used=3747Kb free=116316Kb
 bounds [0x0000019999c10000, 0x0000019999fc0000, 0x00000199a1150000]
CodeHeap 'profiled nmethods': size=120000Kb used=12530Kb max_used=12530Kb free=107469Kb
 bounds [0x00000199926e0000, 0x0000019993320000, 0x0000019999c10000]
CodeHeap 'non-nmethods': size=5696Kb used=1229Kb max_used=1276Kb free=4467Kb
 bounds [0x0000019992150000, 0x00000199923c0000, 0x00000199926e0000]
 total_blobs=5944 nmethods=5337 adapters=518
 compilation: enabled
              stopped_count=0, restarted_count=0
 full_count=0

Compilation events (20 events):
Event: 36.865 Thread 0x00000199a7f93800 5367       3       java.util.regex.Pattern$CharPropertyGreedy::match (122 bytes)
Event: 36.867 Thread 0x00000199a7f93800 nmethod 5367 0x0000019993318a90 code [0x0000019993318cc0, 0x0000019993319478]
Event: 36.867 Thread 0x00000199a7f93800 5368       3       org.apache.tomcat.util.http.MimeHeaders::getName (26 bytes)
Event: 36.867 Thread 0x00000199a7f93800 nmethod 5368 0x0000019993319710 code [0x00000199933198e0, 0x0000019993319ad8]
Event: 36.867 Thread 0x00000199a7f93800 5369       3       org.apache.tomcat.util.buf.ByteChunk::equalsIgnoreCase (76 bytes)
Event: 36.868 Thread 0x00000199a7f93800 nmethod 5369 0x0000019993319c10 code [0x0000019993319e80, 0x000001999331a8d8]
Event: 36.868 Thread 0x00000199a7f93800 5370   !   3       java.nio.ByteBuffer::wrap (20 bytes)
Event: 36.869 Thread 0x00000199a7f93800 nmethod 5370 0x000001999331ad90 code [0x000001999331af60, 0x000001999331b258]
Event: 36.869 Thread 0x00000199a7f93800 5371       3       java.nio.HeapByteBuffer::<init> (21 bytes)
Event: 36.869 Thread 0x00000199a7f93800 nmethod 5371 0x000001999331b410 code [0x000001999331b5c0, 0x000001999331b728]
Event: 36.878 Thread 0x00000199a7f93800 5372       3       java.util.concurrent.ConcurrentHashMap::entrySet (25 bytes)
Event: 36.878 Thread 0x00000199a7f93800 nmethod 5372 0x000001999331b810 code [0x000001999331b9e0, 0x000001999331bd58]
Event: 36.878 Thread 0x00000199a7f93800 5373       3       java.util.concurrent.ConcurrentHashMap$EntrySetView::iterator (34 bytes)
Event: 36.879 Thread 0x00000199a7f93800 nmethod 5373 0x000001999331be90 code [0x000001999331c080, 0x000001999331c418]
Event: 36.879 Thread 0x00000199a7f93800 5374       3       java.util.concurrent.ConcurrentHashMap$EntryIterator::<init> (12 bytes)
Event: 36.879 Thread 0x00000199a7f93800 nmethod 5374 0x000001999331c610 code [0x000001999331c7e0, 0x000001999331ca18]
Event: 36.968 Thread 0x00000199aef8e000 nmethod 5353 0x0000019999fb4c10 code [0x0000019999fb4f40, 0x0000019999fb7668]
Event: 36.968 Thread 0x00000199aef8e000 5346       4       java.nio.Buffer::position (52 bytes)
Event: 36.969 Thread 0x00000199aef8e000 nmethod 5346 0x0000019999fb8a10 code [0x0000019999fb8ba0, 0x0000019999fb8c58]
Event: 36.969 Thread 0x00000199aef8e000 5375 %     4       sun.security.provider.SHA::implCompress0 @ 3 (482 bytes)

GC Heap History (20 events):
Event: 1.175 GC heap before
{Heap before GC invocations=1 (full 0):
 garbage-first heap   total 126976K, used 13476K [0x0000000085200000, 0x0000000100000000)
  region size 1024K, 9 young (9216K), 2 survivors (2048K)
 Metaspace       used 10535K, capacity 10697K, committed 10880K, reserved 1058816K
  class space    used 997K, capacity 1057K, committed 1152K, reserved 1048576K
}
Event: 1.180 GC heap after
{Heap after GC invocations=2 (full 0):
 garbage-first heap   total 126976K, used 6860K [0x0000000085200000, 0x0000000100000000)
  region size 1024K, 1 young (1024K), 1 survivors (1024K)
 Metaspace       used 10535K, capacity 10697K, committed 10880K, reserved 1058816K
  class space    used 997K, capacity 1057K, committed 1152K, reserved 1048576K
}
Event: 1.242 GC heap before
{Heap before GC invocations=2 (full 0):
 garbage-first heap   total 126976K, used 30412K [0x0000000085200000, 0x0000000100000000)
  region size 1024K, 25 young (25600K), 1 survivors (1024K)
 Metaspace       used 11144K, capacity 11341K, committed 11392K, reserved 1058816K
  class space    used 1077K, capacity 1145K, committed 1152K, reserved 1048576K
}
Event: 1.244 GC heap after
{Heap after GC invocations=3 (full 0):
 garbage-first heap   total 126976K, used 7010K [0x0000000085200000, 0x0000000100000000)
  region size 1024K, 1 young (1024K), 1 survivors (1024K)
 Metaspace       used 11144K, capacity 11341K, committed 11392K, reserved 1058816K
  class space    used 1077K, capacity 1145K, committed 1152K, reserved 1048576K
}
Event: 2.340 GC heap before
{Heap before GC invocations=3 (full 0):
 garbage-first heap   total 126976K, used 50018K [0x0000000085200000, 0x0000000100000000)
  region size 1024K, 44 young (45056K), 1 survivors (1024K)
 Metaspace       used 17168K, capacity 17580K, committed 17664K, reserved 1064960K
  class space    used 1867K, capacity 2029K, committed 2048K, reserved 1048576K
}
Event: 2.349 GC heap after
{Heap after GC invocations=4 (full 0):
 garbage-first heap   total 126976K, used 8473K [0x0000000085200000, 0x0000000100000000)
  region size 1024K, 3 young (3072K), 3 survivors (3072K)
 Metaspace       used 17168K, capacity 17580K, committed 17664K, reserved 1064960K
  class space    used 1867K, capacity 2029K, committed 2048K, reserved 1048576K
}
Event: 2.924 GC heap before
{Heap before GC invocations=4 (full 0):
 garbage-first heap   total 126976K, used 29977K [0x0000000085200000, 0x0000000100000000)
  region size 1024K, 26 young (26624K), 3 survivors (3072K)
 Metaspace       used 20767K, capacity 21189K, committed 21248K, reserved 1069056K
  class space    used 2347K, capacity 2525K, committed 2560K, reserved 1048576K
}
Event: 2.931 GC heap after
{Heap after GC invocations=5 (full 0):
 garbage-first heap   total 126976K, used 9243K [0x0000000085200000, 0x0000000100000000)
  region size 1024K, 3 young (3072K), 3 survivors (3072K)
 Metaspace       used 20767K, capacity 21189K, committed 21248K, reserved 1069056K
  class space    used 2347K, capacity 2525K, committed 2560K, reserved 1048576K
}
Event: 3.675 GC heap before
{Heap before GC invocations=6 (full 0):
 garbage-first heap   total 126976K, used 73755K [0x0000000085200000, 0x0000000100000000)
  region size 1024K, 67 young (68608K), 3 survivors (3072K)
 Metaspace       used 24532K, capacity 25078K, committed 25216K, reserved 1071104K
  class space    used 2864K, capacity 3097K, committed 3200K, reserved 1048576K
}
Event: 3.683 GC heap after
{Heap after GC invocations=7 (full 0):
 garbage-first heap   total 152576K, used 10701K [0x0000000085200000, 0x0000000100000000)
  region size 1024K, 5 young (5120K), 5 survivors (5120K)
 Metaspace       used 24532K, capacity 25078K, committed 25216K, reserved 1071104K
  class space    used 2864K, capacity 3097K, committed 3200K, reserved 1048576K
}
Event: 6.318 GC heap before
{Heap before GC invocations=7 (full 0):
 garbage-first heap   total 152576K, used 89549K [0x0000000085200000, 0x0000000100000000)
  region size 1024K, 82 young (83968K), 5 survivors (5120K)
 Metaspace       used 32589K, capacity 33396K, committed 33408K, reserved 1079296K
  class space    used 3890K, capacity 4217K, committed 4224K, reserved 1048576K
}
Event: 6.327 GC heap after
{Heap after GC invocations=8 (full 0):
 garbage-first heap   total 152576K, used 13525K [0x0000000085200000, 0x0000000100000000)
  region size 1024K, 7 young (7168K), 7 survivors (7168K)
 Metaspace       used 32589K, capacity 33396K, committed 33408K, reserved 1079296K
  class space    used 3890K, capacity 4217K, committed 4224K, reserved 1048576K
}
Event: 7.004 GC heap before
{Heap before GC invocations=8 (full 0):
 garbage-first heap   total 152576K, used 29909K [0x0000000085200000, 0x0000000100000000)
  region size 1024K, 24 young (24576K), 7 survivors (7168K)
 Metaspace       used 34906K, capacity 35793K, committed 35840K, reserved 1081344K
  class space    used 4218K, capacity 4602K, committed 4608K, reserved 1048576K
}
Event: 7.023 GC heap after
{Heap after GC invocations=9 (full 0):
 garbage-first heap   total 152576K, used 14448K [0x0000000085200000, 0x0000000100000000)
  region size 1024K, 6 young (6144K), 6 survivors (6144K)
 Metaspace       used 34906K, capacity 35793K, committed 35840K, reserved 1081344K
  class space    used 4218K, capacity 4602K, committed 4608K, reserved 1048576K
}
Event: 8.804 GC heap before
{Heap before GC invocations=10 (full 0):
 garbage-first heap   total 152576K, used 93296K [0x0000000085200000, 0x0000000100000000)
  region size 1024K, 84 young (86016K), 6 survivors (6144K)
 Metaspace       used 38614K, capacity 39796K, committed 39884K, reserved 1083392K
  class space    used 4656K, capacity 5104K, committed 5120K, reserved 1048576K
}
Event: 8.817 GC heap after
{Heap after GC invocations=11 (full 0):
 garbage-first heap   total 152576K, used 16881K [0x0000000085200000, 0x0000000100000000)
  region size 1024K, 8 young (8192K), 8 survivors (8192K)
 Metaspace       used 38614K, capacity 39796K, committed 39884K, reserved 1083392K
  class space    used 4656K, capacity 5104K, committed 5120K, reserved 1048576K
}
Event: 11.547 GC heap before
{Heap before GC invocations=11 (full 0):
 garbage-first heap   total 152576K, used 98801K [0x0000000085200000, 0x0000000100000000)
  region size 1024K, 87 young (89088K), 8 survivors (8192K)
 Metaspace       used 48366K, capacity 49575K, committed 49740K, reserved 1093632K
  class space    used 6010K, capacity 6506K, committed 6528K, reserved 1048576K
}
Event: 11.562 GC heap after
{Heap after GC invocations=12 (full 0):
 garbage-first heap   total 152576K, used 21481K [0x0000000085200000, 0x0000000100000000)
  region size 1024K, 7 young (7168K), 7 survivors (7168K)
 Metaspace       used 48366K, capacity 49575K, committed 49740K, reserved 1093632K
  class space    used 6010K, capacity 6506K, committed 6528K, reserved 1048576K
}
Event: 13.865 GC heap before
{Heap before GC invocations=12 (full 0):
 garbage-first heap   total 152576K, used 81897K [0x0000000085200000, 0x0000000100000000)
  region size 1024K, 67 young (68608K), 7 survivors (7168K)
 Metaspace       used 58657K, capacity 59976K, committed 60236K, reserved 1101824K
  class space    used 7529K, capacity 8036K, committed 8064K, reserved 1048576K
}
Event: 13.878 GC heap after
{Heap after GC invocations=13 (full 0):
 garbage-first heap   total 183296K, used 23199K [0x0000000085200000, 0x0000000100000000)
  region size 1024K, 8 young (8192K), 8 survivors (8192K)
 Metaspace       used 58657K, capacity 59976K, committed 60236K, reserved 1101824K
  class space    used 7529K, capacity 8036K, committed 8064K, reserved 1048576K
}

Deoptimization events (20 events):
Event: 18.003 Thread 0x00000199a964a800 DEOPT PACKING pc=0x0000019999f5a3d4 sp=0x0000005d93dfdf20
Event: 18.003 Thread 0x00000199a964a800 DEOPT UNPACKING pc=0x00000199921778af sp=0x0000005d93dfdec8 mode 2
Event: 18.003 Thread 0x00000199a964a800 Uncommon trap: trap_request=0xffffffde fr.pc=0x0000019999f5a3d4 relative=0x0000000000004bf4
Event: 18.003 Thread 0x00000199a964a800 Uncommon trap: reason=class_check action=maybe_recompile pc=0x0000019999f5a3d4 method=org.springframework.core.annotation.AnnotationsScanner.processClassInheritedAnnotations(Ljava/lang/Object;Ljava/lang/Class;Lorg/springframework/core/annotation/MergedAnn
Event: 18.003 Thread 0x00000199a964a800 DEOPT PACKING pc=0x0000019999f5a3d4 sp=0x0000005d93dfdf20
Event: 18.003 Thread 0x00000199a964a800 DEOPT UNPACKING pc=0x00000199921778af sp=0x0000005d93dfdec8 mode 2
Event: 18.003 Thread 0x00000199a964a800 Uncommon trap: trap_request=0xffffffde fr.pc=0x0000019999f5a3d4 relative=0x0000000000004bf4
Event: 18.003 Thread 0x00000199a964a800 Uncommon trap: reason=class_check action=maybe_recompile pc=0x0000019999f5a3d4 method=org.springframework.core.annotation.AnnotationsScanner.processClassInheritedAnnotations(Ljava/lang/Object;Ljava/lang/Class;Lorg/springframework/core/annotation/MergedAnn
Event: 18.003 Thread 0x00000199a964a800 DEOPT PACKING pc=0x0000019999f5a3d4 sp=0x0000005d93dfdf20
Event: 18.003 Thread 0x00000199a964a800 DEOPT UNPACKING pc=0x00000199921778af sp=0x0000005d93dfdec8 mode 2
Event: 18.182 Thread 0x00000199a964a800 DEOPT PACKING pc=0x00000199932e92b6 sp=0x0000005d93dfdf60
Event: 18.182 Thread 0x00000199a964a800 DEOPT UNPACKING pc=0x00000199921776ce sp=0x0000005d93dfd438 mode 0
Event: 18.192 Thread 0x00000199a964a800 Uncommon trap: trap_request=0xffffff5c fr.pc=0x0000019999cbc59c relative=0x00000000000003bc
Event: 18.192 Thread 0x00000199a964a800 Uncommon trap: reason=speculate_null_assert action=make_not_entrant pc=0x0000019999cbc59c method=org.springframework.util.ConcurrentReferenceHashMap$Segment.restructureIfNecessary(Z)V @ 41 c2
Event: 18.192 Thread 0x00000199a964a800 DEOPT PACKING pc=0x0000019999cbc59c sp=0x0000005d93dfe1d0
Event: 18.192 Thread 0x00000199a964a800 DEOPT UNPACKING pc=0x00000199921778af sp=0x0000005d93dfe188 mode 2
Event: 36.577 Thread 0x00000199aef0e800 DEOPT PACKING pc=0x0000019992eef811 sp=0x0000005d948fd9d0
Event: 36.577 Thread 0x00000199aef0e800 DEOPT UNPACKING pc=0x00000199921776ce sp=0x0000005d948fceb0 mode 0
Event: 36.880 Thread 0x00000199aef0e800 DEOPT PACKING pc=0x0000019992ebe011 sp=0x0000005d948f9900
Event: 36.880 Thread 0x00000199aef0e800 DEOPT UNPACKING pc=0x00000199921776ce sp=0x0000005d948f8d78 mode 0

Classes redefined (0 events):
No events

Internal exceptions (20 events):
Event: 15.734 Thread 0x00000199a964a800 Exception <a 'java/lang/IncompatibleClassChangeError'{0x000000008e3acb18}: Found class java.lang.Object, but interface was expected> (0x000000008e3acb18) thrown at [./src/hotspot/share/interpreter/linkResolver.cpp, line 839]
Event: 15.893 Thread 0x00000199a964a800 Exception <a 'java/lang/reflect/InvocationTargetException'{0x000000008df31b68}> (0x000000008df31b68) thrown at [./src/hotspot/share/runtime/reflection.cpp, line 1247]
Event: 15.933 Thread 0x00000199a964a800 Exception <a 'java/lang/ClassNotFoundException'{0x000000008de0fc80}: java/lang/ObjectCustomizer> (0x000000008de0fc80) thrown at [./src/hotspot/share/classfile/systemDictionary.cpp, line 231]
Event: 15.934 Thread 0x00000199a964a800 Exception <a 'java/lang/ClassNotFoundException'{0x000000008de2ab08}: org/springframework/security/config/annotation/web/configuration/WebSecurityConfigurationCustomizer> (0x000000008de2ab08) thrown at [./src/hotspot/share/classfile/systemDictionary.cpp, line 231]
Event: 15.936 Thread 0x00000199a964a800 Exception <a 'java/lang/ClassNotFoundException'{0x000000008de47978}: org/springframework/context/annotation/ImportAwareCustomizer> (0x000000008de47978) thrown at [./src/hotspot/share/classfile/systemDictionary.cpp, line 231]
Event: 15.937 Thread 0x00000199a964a800 Exception <a 'java/lang/ClassNotFoundException'{0x000000008de590a0}: org/springframework/beans/factory/AwareCustomizer> (0x000000008de590a0) thrown at [./src/hotspot/share/classfile/systemDictionary.cpp, line 231]
Event: 15.938 Thread 0x00000199a964a800 Exception <a 'java/lang/ClassNotFoundException'{0x000000008de6bb90}: org/springframework/beans/factory/BeanClassLoaderAwareCustomizer> (0x000000008de6bb90) thrown at [./src/hotspot/share/classfile/systemDictionary.cpp, line 231]
Event: 15.940 Thread 0x00000199a964a800 Exception <a 'java/lang/ClassNotFoundException'{0x000000008de7d2c8}: org/springframework/beans/factory/AwareCustomizer> (0x000000008de7d2c8) thrown at [./src/hotspot/share/classfile/systemDictionary.cpp, line 231]
Event: 16.160 Thread 0x00000199a964a800 Implicit null exception at 0x0000019999d3c4dd to 0x0000019999d3c596
Event: 16.493 Thread 0x00000199a964a800 Exception <a 'java/lang/ClassNotFoundException'{0x000000008d3658b8}: java/lang/ObjectCustomizer> (0x000000008d3658b8) thrown at [./src/hotspot/share/classfile/systemDictionary.cpp, line 231]
Event: 16.494 Thread 0x00000199a964a800 Exception <a 'java/lang/ClassNotFoundException'{0x000000008d380740}: org/springframework/security/config/annotation/web/configuration/HttpSecurityConfigurationCustomizer> (0x000000008d380740) thrown at [./src/hotspot/share/classfile/systemDictionary.cpp, line 231]
Event: 16.588 Thread 0x00000199a964a800 Exception <a 'java/lang/NoSuchMethodError'{0x000000008d28c090}: 'java.lang.Object java.lang.invoke.DirectMethodHandle$Holder.invokeInterface(java.lang.Object, java.lang.Object, java.lang.Object, java.lang.Object)'> (0x000000008d28c090) thrown at [./src/hotspot/share/interpreter/linkResolver.cpp, line 773]
Event: 17.088 Thread 0x00000199a964a800 Exception <a 'java/lang/NoSuchMethodError'{0x000000008cadf3d8}: 'void java.lang.invoke.DirectMethodHandle$Holder.invokeVirtual(java.lang.Object, java.lang.Object, int)'> (0x000000008cadf3d8) thrown at [./src/hotspot/share/interpreter/linkResolver.cpp, line 773]
Event: 17.097 Thread 0x00000199a964a800 Exception <a 'java/lang/NoSuchMethodError'{0x000000008caf8fa0}: 'void java.lang.invoke.DirectMethodHandle$Holder.invokeVirtual(java.lang.Object, java.lang.Object, long)'> (0x000000008caf8fa0) thrown at [./src/hotspot/share/interpreter/linkResolver.cpp, line 773]
Event: 17.473 Thread 0x00000199a964a800 Exception <a 'java/lang/IncompatibleClassChangeError'{0x000000008c3be660}: Found class java.lang.Object, but interface was expected> (0x000000008c3be660) thrown at [./src/hotspot/share/interpreter/linkResolver.cpp, line 839]
Event: 17.632 Thread 0x00000199a964a800 Exception <a 'java/lang/NoSuchMethodError'{0x000000008c187a88}: 'int java.lang.invoke.DirectMethodHandle$Holder.invokeStaticInit(java.lang.Object, java.lang.Object, java.lang.Object, java.lang.Object)'> (0x000000008c187a88) thrown at [./src/hotspot/share/interpreter/linkResolver.cpp, line 773]
Event: 18.025 Thread 0x00000199a964a800 Exception <a 'java/lang/NoSuchMethodError'{0x000000008b9601d8}: 'java.lang.Object java.lang.invoke.DirectMethodHandle$Holder.invokeSpecial(java.lang.Object, java.lang.Object, int, java.lang.Object, int, java.lang.Object)'> (0x000000008b9601d8) thrown at [./src/hotspot/share/interpreter/linkResolver.cpp, line 773]
Event: 18.026 Thread 0x00000199a964a800 Exception <a 'java/lang/NoSuchMethodError'{0x000000008b967968}: 'java.lang.Object java.lang.invoke.DirectMethodHandle$Holder.invokeStatic(java.lang.Object, java.lang.Object, int, java.lang.Object, int)'> (0x000000008b967968) thrown at [./src/hotspot/share/interpreter/linkResolver.cpp, line 773]
Event: 18.027 Thread 0x00000199a964a800 Exception <a 'java/lang/NoSuchMethodError'{0x000000008b96b148}: 'java.lang.Object java.lang.invoke.DirectMethodHandle$Holder.invokeSpecial(java.lang.Object, java.lang.Object, java.lang.Object, int, java.lang.Object, int)'> (0x000000008b96b148) thrown at [./src/hotspot/share/interpreter/linkResolver.cpp, line 773]
Event: 18.048 Thread 0x00000199a964a800 Exception <a 'java/lang/NoSuchMethodError'{0x000000008b9760d0}: 'void java.lang.invoke.DirectMethodHandle$Holder.invokeVirtual(java.lang.Object, java.lang.Object)'> (0x000000008b9760d0) thrown at [./src/hotspot/share/interpreter/linkResolver.cpp, line 773]

Events (20 events):
Event: 36.856 loading class javax/servlet/http/RFC6265Validator
Event: 36.856 loading class javax/servlet/http/RFC6265Validator done
Event: 36.859 loading class org/springframework/security/web/savedrequest/SavedCookie
Event: 36.859 loading class org/springframework/security/web/savedrequest/SavedCookie done
Event: 36.861 loading class org/apache/tomcat/util/http/NamesEnumerator
Event: 36.861 loading class org/apache/tomcat/util/http/NamesEnumerator done
Event: 36.862 loading class org/springframework/security/web/firewall/StrictHttpFirewall$StrictFirewalledRequest$2
Event: 36.862 loading class org/springframework/security/web/firewall/StrictHttpFirewall$StrictFirewalledRequest$2 done
Event: 36.868 loading class org/apache/catalina/util/RequestUtil
Event: 36.868 loading class org/apache/catalina/util/RequestUtil done
Event: 36.872 loading class org/apache/catalina/session/StandardSession
Event: 36.872 loading class org/apache/catalina/session/StandardSession done
Event: 36.876 loading class javax/servlet/http/HttpSessionContext
Event: 36.876 loading class javax/servlet/http/HttpSessionContext done
Event: 36.877 loading class java/io/WriteAbortedException
Event: 36.877 loading class java/io/WriteAbortedException done
Event: 36.877 loading class sun/security/provider/SecureRandom
Event: 36.878 loading class sun/security/provider/SecureRandom done
Event: 36.878 loading class sun/security/provider/SecureRandom$SeederHolder
Event: 36.878 loading class sun/security/provider/SecureRandom$SeederHolder done


Dynamic libraries:
0x00007ff6899e0000 - 0x00007ff6899ed000 	C:\Users\admin\.jdks\adopt-openjdk-11.0.10\bin\java.exe
0x00007fff9fa50000 - 0x00007fff9fc45000 	C:\WINDOWS\SYSTEM32\ntdll.dll
0x00007fff9f000000 - 0x00007fff9f0bd000 	C:\WINDOWS\System32\KERNEL32.DLL
0x00007fff9d2e0000 - 0x00007fff9d5a8000 	C:\WINDOWS\System32\KERNELBASE.dll
0x00007fff9d190000 - 0x00007fff9d290000 	C:\WINDOWS\System32\ucrtbase.dll
0x00007fff8e310000 - 0x00007fff8e327000 	C:\Users\admin\.jdks\adopt-openjdk-11.0.10\bin\jli.dll
0x00007fff85fc0000 - 0x00007fff85fd5000 	C:\Users\admin\.jdks\adopt-openjdk-11.0.10\bin\VCRUNTIME140.dll
0x00007fff9ded0000 - 0x00007fff9e070000 	C:\WINDOWS\System32\USER32.dll
0x00007fff9d930000 - 0x00007fff9d952000 	C:\WINDOWS\System32\win32u.dll
0x00007fff9e810000 - 0x00007fff9e83a000 	C:\WINDOWS\System32\GDI32.dll
0x00007fff952a0000 - 0x00007fff9553a000 	C:\WINDOWS\WinSxS\amd64_microsoft.windows.common-controls_6595b64144ccf1df_6.0.19041.844_none_ca00b6081b84eb1d\COMCTL32.dll
0x00007fff9d820000 - 0x00007fff9d92b000 	C:\WINDOWS\System32\gdi32full.dll
0x00007fff9f7e0000 - 0x00007fff9f87e000 	C:\WINDOWS\System32\msvcrt.dll
0x00007fff9da10000 - 0x00007fff9daad000 	C:\WINDOWS\System32\msvcp_win.dll
0x00007fff9e070000 - 0x00007fff9e0a0000 	C:\WINDOWS\System32\IMM32.DLL
0x00007fff80cd0000 - 0x00007fff80d6b000 	C:\Users\admin\.jdks\adopt-openjdk-11.0.10\bin\msvcp140.dll
0x00007fff622e0000 - 0x00007fff62e23000 	C:\Users\admin\.jdks\adopt-openjdk-11.0.10\bin\server\jvm.dll
0x00007fff9f0c0000 - 0x00007fff9f16c000 	C:\WINDOWS\System32\ADVAPI32.dll
0x00007fff9f170000 - 0x00007fff9f20b000 	C:\WINDOWS\System32\sechost.dll
0x00007fff9f8e0000 - 0x00007fff9fa0b000 	C:\WINDOWS\System32\RPCRT4.dll
0x00007fff9e0a0000 - 0x00007fff9e0a8000 	C:\WINDOWS\System32\PSAPI.DLL
0x00007fff976d0000 - 0x00007fff976f7000 	C:\WINDOWS\SYSTEM32\WINMM.dll
0x00007fff98260000 - 0x00007fff9826a000 	C:\WINDOWS\SYSTEM32\VERSION.dll
0x00007fff92300000 - 0x00007fff92309000 	C:\WINDOWS\SYSTEM32\WSOCK32.dll
0x00007fff9f330000 - 0x00007fff9f39b000 	C:\WINDOWS\System32\WS2_32.dll
0x00007fff9b0e0000 - 0x00007fff9b0f2000 	C:\WINDOWS\SYSTEM32\kernel.appcore.dll
0x00007fff939a0000 - 0x00007fff939b0000 	C:\Users\admin\.jdks\adopt-openjdk-11.0.10\bin\verify.dll
0x00007fff984d0000 - 0x00007fff986b4000 	C:\WINDOWS\SYSTEM32\DBGHELP.DLL
0x00007fff98430000 - 0x00007fff9845c000 	C:\WINDOWS\SYSTEM32\dbgcore.DLL
0x00007fff9d7a0000 - 0x00007fff9d820000 	C:\WINDOWS\System32\bcryptPrimitives.dll
0x00007fff85f90000 - 0x00007fff85fb8000 	C:\Users\admin\.jdks\adopt-openjdk-11.0.10\bin\java.dll
0x00007fff93580000 - 0x00007fff9358a000 	C:\Users\admin\.jdks\adopt-openjdk-11.0.10\bin\jimage.dll
0x00007fff849c0000 - 0x00007fff849d7000 	C:\Users\admin\.jdks\adopt-openjdk-11.0.10\bin\zip.dll
0x00007fff9e0c0000 - 0x00007fff9e802000 	C:\WINDOWS\System32\SHELL32.dll
0x00007fff9b2e0000 - 0x00007fff9ba70000 	C:\WINDOWS\SYSTEM32\windows.storage.dll
0x00007fff9dab0000 - 0x00007fff9de05000 	C:\WINDOWS\System32\combase.dll
0x00007fff9cb30000 - 0x00007fff9cb5c000 	C:\WINDOWS\SYSTEM32\Wldp.dll
0x00007fff9f3a0000 - 0x00007fff9f44e000 	C:\WINDOWS\System32\SHCORE.dll
0x00007fff9f880000 - 0x00007fff9f8d5000 	C:\WINDOWS\System32\shlwapi.dll
0x00007fff9d0d0000 - 0x00007fff9d0ef000 	C:\WINDOWS\SYSTEM32\profapi.dll
0x00007fff84080000 - 0x00007fff84099000 	C:\Users\admin\.jdks\adopt-openjdk-11.0.10\bin\net.dll
0x00007fff95c40000 - 0x00007fff95d4b000 	C:\WINDOWS\SYSTEM32\WINHTTP.dll
0x00007fff9c8a0000 - 0x00007fff9c90a000 	C:\WINDOWS\system32\mswsock.dll
0x00007fff82300000 - 0x00007fff82312000 	C:\Users\admin\.jdks\adopt-openjdk-11.0.10\bin\nio.dll
0x00007fff8f050000 - 0x00007fff8f059000 	C:\Users\admin\.jdks\adopt-openjdk-11.0.10\bin\management.dll
0x00007fff8e390000 - 0x00007fff8e39b000 	C:\Users\admin\.jdks\adopt-openjdk-11.0.10\bin\management_ext.dll
0x00007fff97860000 - 0x00007fff97877000 	C:\WINDOWS\system32\napinsp.dll
0x00007fff978b0000 - 0x00007fff978cb000 	C:\WINDOWS\system32\pnrpnsp.dll
0x00007fff83b80000 - 0x00007fff83b95000 	C:\WINDOWS\system32\wshbth.dll
0x00007fff98770000 - 0x00007fff9878d000 	C:\WINDOWS\system32\NLAapi.dll
0x00007fff9c590000 - 0x00007fff9c5cb000 	C:\WINDOWS\SYSTEM32\IPHLPAPI.DLL
0x00007fff9c5d0000 - 0x00007fff9c69c000 	C:\WINDOWS\SYSTEM32\DNSAPI.dll
0x00007fff9e0b0000 - 0x00007fff9e0b8000 	C:\WINDOWS\System32\NSI.dll
0x00007fff978d0000 - 0x00007fff978e2000 	C:\WINDOWS\System32\winrnr.dll
0x00007fff94b70000 - 0x00007fff94b7a000 	C:\Windows\System32\rasadhlp.dll
0x00007fff959e0000 - 0x00007fff95a5f000 	C:\WINDOWS\System32\fwpuclnt.dll
0x00007fff9d5b0000 - 0x00007fff9d5d7000 	C:\WINDOWS\System32\bcrypt.dll
0x00007fff9ca70000 - 0x00007fff9ca88000 	C:\WINDOWS\SYSTEM32\CRYPTSP.dll
0x00007fff9c240000 - 0x00007fff9c274000 	C:\WINDOWS\system32\rsaenh.dll
0x00007fff9d050000 - 0x00007fff9d07e000 	C:\WINDOWS\SYSTEM32\USERENV.dll
0x00007fff9ca90000 - 0x00007fff9ca9c000 	C:\WINDOWS\SYSTEM32\CRYPTBASE.dll
0x00007fff97d20000 - 0x00007fff97d37000 	C:\WINDOWS\SYSTEM32\dhcpcsvc6.DLL
0x00007fff98210000 - 0x00007fff9822d000 	C:\WINDOWS\SYSTEM32\dhcpcsvc.DLL

dbghelp: loaded successfully - version: 4.0.5 - missing functions: none
symbol engine: initialized successfully - sym options: 0x614 - pdb path: .;C:\Users\admin\.jdks\adopt-openjdk-11.0.10\bin;C:\WINDOWS\SYSTEM32;C:\WINDOWS\WinSxS\amd64_microsoft.windows.common-controls_6595b64144ccf1df_6.0.19041.844_none_ca00b6081b84eb1d;C:\Users\admin\.jdks\adopt-openjdk-11.0.10\bin\server

VM Arguments:
jvm_args: -Dfile.encoding=windows-1252 -Duser.country=US -Duser.language=en -Duser.variant 
java_command: com.tts.TechTalentTwitter.TechTalentTwitterApplication
java_class_path (initial): C:\Users\admin\Documents\Win-main\Week-16\Day-1\TechTalentTwitter\TechTalentTwitter\build\classes\java\main;C:\Users\admin\Documents\Win-main\Week-16\Day-1\TechTalentTwitter\TechTalentTwitter\build\resources\main;C:\Users\admin\.gradle\caches\modules-2\files-2.1\org.springframework.boot\spring-boot-devtools\2.5.0\67e862e73bda7484915722aeff07adc3602e09c6\spring-boot-devtools-2.5.0.jar;C:\Users\admin\.gradle\caches\modules-2\files-2.1\org.springframework.boot\spring-boot-starter-data-jpa\2.5.0\84f42b4c2b85d59070d1b67c7e5b35a1f62c3e82\spring-boot-starter-data-jpa-2.5.0.jar;C:\Users\admin\.gradle\caches\modules-2\files-2.1\org.springframework.boot\spring-boot-starter-security\2.5.0\96bcecfaf37ad892d764b2909b994a34b7b2d83e\spring-boot-starter-security-2.5.0.jar;C:\Users\admin\.gradle\caches\modules-2\files-2.1\org.springframework.boot\spring-boot-starter-thymeleaf\2.5.0\ccadc87ba8e5e522104799ec02fda0958b644b4d\spring-boot-starter-thymeleaf-2.5.0.jar;C:\Users\admin\.gradle\caches\modules-2\files-2.1\org.springframework.boot\spring-boot-starter-validation\2.5.0\e5822bbdd2f3aa489a787c3fc8a915daf68f84b1\spring-boot-starter-validation-2.5.0.jar;C:\Users\admin\.gradle\caches\modules-2\files-2.1\org.springframework.boot\spring-boot-starter-web\2.5.0\3103486844ed786b6ba420971ad137658a2da803\spring-boot-starter-web-2.5.0.jar;C:\Users\admin\.gradle\caches\modules-2\files-2.1\org.thymeleaf.extras\thymeleaf-extras-springsecurity5\3.0.4.RELEASE\88bb10bf73ce285208dd848e8eb17f897ebb02d4\thymeleaf-extras-springsecurity5-3.0.4.RELEASE.jar;C:\Users\admin\.gradle\caches\modules-2\files-2.1\org.ocpsoft.prettytime\prettytime\5.0.1.Final\8254f5916445e7203fed272a968c59a6721e7c55\prettytime-5.0.1.Final.jar;C:\Users\admin\.gradle\caches\modules-2\files-2.1\com.h2database\h2\1.4.200\f7533fe7cb8e99c87a43d325a77b4b678ad9031a\h2-1.4.200.jar;C:\Users\admin\.gradle\caches\modules-2\files-2.1\org.springframework.boot\spring-boot-starter-aop\2.5.0\7296891fa9032f7ac267da19732
Launcher Type: SUN_STANDARD

[Global flags]
     intx CICompilerCount                          = 3                                         {product} {ergonomic}
     uint ConcGCThreads                            = 1                                         {product} {ergonomic}
     uint G1ConcRefinementThreads                  = 4                                         {product} {ergonomic}
   size_t G1HeapRegionSize                         = 1048576                                   {product} {ergonomic}
    uintx GCDrainStackTargetSize                   = 64                                        {product} {ergonomic}
   size_t InitialHeapSize                          = 130023424                                 {product} {ergonomic}
   size_t MarkStackSize                            = 4194304                                   {product} {ergonomic}
   size_t MaxHeapSize                              = 2061500416                                {product} {ergonomic}
   size_t MaxNewSize                               = 1236271104                                {product} {ergonomic}
   size_t MinHeapDeltaBytes                        = 1048576                                   {product} {ergonomic}
    uintx NonNMethodCodeHeapSize                   = 5830732                                {pd product} {ergonomic}
    uintx NonProfiledCodeHeapSize                  = 122913754                              {pd product} {ergonomic}
    uintx ProfiledCodeHeapSize                     = 122913754                              {pd product} {ergonomic}
    uintx ReservedCodeCacheSize                    = 251658240                              {pd product} {ergonomic}
     bool SegmentedCodeCache                       = true                                      {product} {ergonomic}
     bool UseCompressedClassPointers               = true                                 {lp64_product} {ergonomic}
     bool UseCompressedOops                        = true                                 {lp64_product} {ergonomic}
     bool UseG1GC                                  = true                                      {product} {ergonomic}
     bool UseLargePagesIndividualAllocation        = false                                  {pd product} {ergonomic}

Logging:
Log output configuration:
 #0: stdout all=warning uptime,level,tags
 #1: stderr all=off uptime,level,tags

Environment Variables:
PATH=C:\Python39\Scripts\;C:\Python39\;C:\Program Files (x86)\Common Files\Oracle\Java\javapath;C:\Program Files (x86)\NVIDIA Corporation\PhysX\Common;C:\ProgramData\Oracle\Java\javapath;C:\WINDOWS\system32;C:\WINDOWS;C:\WINDOWS\System32\Wbem;C:\WINDOWS\System32\WindowsPowerShell\v1.0\;C:\Program Files (x86)\Skype\Phone\;C:\Program Files\WIDCOMM\Bluetooth Software\;C:\Program Files\WIDCOMM\Bluetooth Software\syswow64;C:\WINDOWS\System32\OpenSSH\;C:\Program Files\Git\cmd;C:\Program Files\nodejs\;C:\ProgramData\chocolatey\bin;C:\Users\admin\AppData\Local\Microsoft\WindowsApps;C:\Program Files\Intel\WiFi\bin\;C:\Program Files\Common Files\Intel\WirelessCommon\;C:\Users\admin\AppData\Local\GitHubDesktop\bin;C:\Users\admin\AppData\Roaming\npm
USERNAME=admin
OS=Windows_NT
PROCESSOR_IDENTIFIER=Intel64 Family 6 Model 78 Stepping 3, GenuineIntel



---------------  S Y S T E M  ---------------

OS: Windows 10 , 64 bit Build 19041 (10.0.19041.928)
OS uptime: 19 days 7:39 hours

CPU:total 4 (initial active 4) (2 cores per cpu, 2 threads per core) family 6 model 78 stepping 3 microcode 0xe2, cmov, cx8, fxsr, mmx, sse, sse2, sse3, ssse3, sse4.1, sse4.2, popcnt, avx, avx2, aes, clmul, erms, rtm, 3dnowpref, lzcnt, ht, tsc, tscinvbit, bmi1, bmi2, adx, fma

Memory: 4k page, system-wide physical 7862M (1398M free)
TotalPageFile size 11862M (AvailPageFile size 4M)
current process WorkingSet (physical memory assigned to process): 316M, peak: 341M
current process commit charge ("private bytes"): 390M, peak: 414M

vm_info: OpenJDK 64-Bit Server VM (11.0.10+9) for windows-amd64 JRE (11.0.10+9), built on Jan 20 2021 06:07:07 by "" with MS VC++ 15.9 (VS2017)

END.
